<!DOCTYPE html PUBLIC "-//W3C//DTD XHTML 1.1//EN" "https://www.w3.org/TR/xhtml11/DTD/xhtml11.dtd">
<html xmlns="https://www.w3.org/1999/xhtml">
<head>
<meta http-equiv="content-type" content="text/html; charset=UTF-8"/>
<title>TestNG Report</title>
<style type="text/css">table {margin-bottom:10px;border-collapse:collapse;empty-cells:show}th,td {border:1px solid #009;padding:.25em .5em}th {vertical-align:bottom}td {vertical-align:top}table a {font-weight:bold}.stripe td {background-color: #E6EBF9}.num {text-align:right}.passedodd td {background-color: #3F3}.passedeven td {background-color: #0A0}.skippedodd td {background-color: #DDD}.skippedeven td {background-color: #CCC}.failedodd td,.attn {background-color: #F33}.failedeven td,.stripe .attn {background-color: #D00}.stacktrace {white-space:pre;font-family:monospace}.totop {font-size:85%;text-align:center;border-bottom:2px solid #000}.invisible {display:none}</style>
</head>
<body>
<table>
<tr><th>Test</th><th># Passed</th><th># Skipped</th><th># Retried</th><th># Failed</th><th>Time (ms)</th><th>Included Groups</th><th>Excluded Groups</th></tr>
<tr><th colspan="8">Suite1234</th></tr>
<tr><td><a href="#t0">EdgeTest</a></td><td class="num">0</td><td class="num attn">6</td><td class="num">0</td><td class="num">0</td><td class="num">38,305</td><td></td><td></td></tr>
<tr class="stripe"><td><a href="#t1">ChromeTest</a></td><td class="num">0</td><td class="num attn">6</td><td class="num">0</td><td class="num">0</td><td class="num">56,846</td><td></td><td></td></tr>
<tr><th>Total</th><th class="num">0</th><th class="num attn">12</th><th class="num">0</th><th class="num">0</th><th class="num">95,151</th><th colspan="2"></th></tr>
</table>
<table id='summary'><thead><tr><th>Class</th><th>Method</th><th>Start</th><th>Time (ms)</th></tr></thead><tbody><tr><th colspan="4">Suite1234</th></tr></tbody><tbody id="t0"><tr><th colspan="4">EdgeTest &#8212; failed (configuration methods)</th></tr><tr class="failedeven"><td rowspan="1">testNgpack.VerifySignUpPage</td><td><a href="#m0">openBrowser</a></td><td rowspan="1">1680689849948</td><td rowspan="1">10597</td></tr><tr><th colspan="4">EdgeTest &#8212; skipped (configuration methods)</th></tr><tr class="skippedeven"><td rowspan="9">testNgpack.VerifyForgotPasswordPage</td><td><a href="#m1">afterMethod</a></td><td rowspan="3">1680689860724</td><td rowspan="3">-1680689860724</td></tr><tr class="skippedeven"><td><a href="#m2">afterMethod</a></td></tr><tr class="skippedeven"><td><a href="#m3">afterMethod</a></td></tr><tr class="skippedeven"><td><a href="#m4">clearObjects</a></td><td rowspan="1">1680689860934</td><td rowspan="1">-1680689860934</td></tr><tr class="skippedeven"><td><a href="#m5">closeBrowser</a></td><td rowspan="1">1680689860940</td><td rowspan="1">-1680689860940</td></tr><tr class="skippedeven"><td><a href="#m6">createPomObject</a></td><td rowspan="1">1680689860591</td><td rowspan="1">-1680689860591</td></tr><tr class="skippedeven"><td><a href="#m7">goToForgotPasswordPage</a></td><td rowspan="3">1680689860911</td><td rowspan="3">-1680689860911</td></tr><tr class="skippedeven"><td><a href="#m8">goToForgotPasswordPage</a></td></tr><tr class="skippedeven"><td><a href="#m9">goToForgotPasswordPage</a></td></tr><tr class="skippedodd"><td rowspan="7">testNgpack.VerifyLoginButton</td><td><a href="#m10">afterMethod</a></td><td rowspan="2">1680689860655</td><td rowspan="2">-1680689860655</td></tr><tr class="skippedodd"><td><a href="#m11">afterMethod</a></td></tr><tr class="skippedodd"><td><a href="#m12">clearObjects</a></td><td rowspan="1">1680689860840</td><td rowspan="1">-1680689860840</td></tr><tr class="skippedodd"><td><a href="#m13">closeBrowser</a></td><td rowspan="1">1680689860943</td><td rowspan="1">-1680689860943</td></tr><tr class="skippedodd"><td><a href="#m14">createPomObject</a></td><td rowspan="1">1680689860588</td><td rowspan="1">-1680689860588</td></tr><tr class="skippedodd"><td><a href="#m15">goToLoginPage</a></td><td rowspan="2">1680689860749</td><td rowspan="2">-1680689860749</td></tr><tr class="skippedodd"><td><a href="#m16">goToLoginPage</a></td></tr><tr class="skippedeven"><td rowspan="5">testNgpack.VerifySignUpPage</td><td><a href="#m17">afterMethod</a></td><td rowspan="1">1680689860706</td><td rowspan="1">-1680689860706</td></tr><tr class="skippedeven"><td><a href="#m18">clearObjects</a></td><td rowspan="1">1680689860802</td><td rowspan="1">-1680689860802</td></tr><tr class="skippedeven"><td><a href="#m19">closeBrowser</a></td><td rowspan="1">1680689860946</td><td rowspan="1">-1680689860946</td></tr><tr class="skippedeven"><td><a href="#m20">createPomObject</a></td><td rowspan="1">1680689860594</td><td rowspan="1">-1680689860594</td></tr><tr class="skippedeven"><td><a href="#m21">goToSignUpPage</a></td><td rowspan="1">1680689860679</td><td rowspan="1">-1680689860679</td></tr><tr><th colspan="4">EdgeTest &#8212; skipped</th></tr><tr class="skippedeven"><td rowspan="3">testNgpack.VerifyForgotPasswordPage</td><td><a href="#m22">verifyCancelButtonOfForgotPasswordPage</a></td><td rowspan="1">1680689860687</td><td rowspan="1">0</td></tr><tr class="skippedeven"><td><a href="#m23">verifySearchButtonOnForgotPasswordPage</a></td><td rowspan="1">1680689860793</td><td rowspan="1">0</td></tr><tr class="skippedeven"><td><a href="#m24">verifyTheTextPresentOnForgotPasswordPage</a></td><td rowspan="1">1680689860926</td><td rowspan="1">0</td></tr><tr class="skippedodd"><td rowspan="2">testNgpack.VerifyLoginButton</td><td><a href="#m25">clickOnLoginButton</a></td><td rowspan="1">1680689860605</td><td rowspan="1">0</td></tr><tr class="skippedodd"><td><a href="#m26">verifyNullEmailPasswordLoginPage</a></td><td rowspan="1">1680689860813</td><td rowspan="1">0</td></tr><tr class="skippedeven"><td rowspan="1">testNgpack.VerifySignUpPage</td><td><a href="#m27">verifySignUpButtonOnSignUpPage</a></td><td rowspan="1">1680689860695</td><td rowspan="1">0</td></tr></tbody>
<tbody id="t1"><tr><th colspan="4">ChromeTest &#8212; failed (configuration methods)</th></tr><tr class="failedeven"><td rowspan="1">testNgpack.VerifyForgotPasswordPage</td><td><a href="#m28">goToForgotPasswordPage</a></td><td rowspan="1">1680689857572</td><td rowspan="1">11082</td></tr><tr class="failedodd"><td rowspan="1">testNgpack.VerifyLoginButton</td><td><a href="#m29">goToLoginPage</a></td><td rowspan="1">1680689857808</td><td rowspan="1">3778</td></tr><tr class="failedeven"><td rowspan="1">testNgpack.VerifySignUpPage</td><td><a href="#m30">goToSignUpPage</a></td><td rowspan="1">1680689858155</td><td rowspan="1">21316</td></tr><tr><th colspan="4">ChromeTest &#8212; skipped (configuration methods)</th></tr><tr class="skippedeven"><td rowspan="7">testNgpack.VerifyForgotPasswordPage</td><td><a href="#m31">afterMethod</a></td><td rowspan="3">1680689868685</td><td rowspan="3">-1680689868685</td></tr><tr class="skippedeven"><td><a href="#m32">afterMethod</a></td></tr><tr class="skippedeven"><td><a href="#m33">afterMethod</a></td></tr><tr class="skippedeven"><td><a href="#m34">clearObjects</a></td><td rowspan="1">1680689868693</td><td rowspan="1">-1680689868693</td></tr><tr class="skippedeven"><td><a href="#m35">closeBrowser</a></td><td rowspan="1">1680689879485</td><td rowspan="1">-1680689879485</td></tr><tr class="skippedeven"><td><a href="#m36">goToForgotPasswordPage</a></td><td rowspan="2">1680689868676</td><td rowspan="2">-1680689868676</td></tr><tr class="skippedeven"><td><a href="#m37">goToForgotPasswordPage</a></td></tr><tr class="skippedodd"><td rowspan="5">testNgpack.VerifyLoginButton</td><td><a href="#m38">afterMethod</a></td><td rowspan="2">1680689861593</td><td rowspan="2">-1680689861593</td></tr><tr class="skippedodd"><td><a href="#m39">afterMethod</a></td></tr><tr class="skippedodd"><td><a href="#m40">clearObjects</a></td><td rowspan="1">1680689861603</td><td rowspan="1">-1680689861603</td></tr><tr class="skippedodd"><td><a href="#m41">closeBrowser</a></td><td rowspan="1">1680689879485</td><td rowspan="1">-1680689879485</td></tr><tr class="skippedodd"><td><a href="#m42">goToLoginPage</a></td><td rowspan="1">1680689861594</td><td rowspan="1">-1680689861594</td></tr><tr class="skippedeven"><td rowspan="3">testNgpack.VerifySignUpPage</td><td><a href="#m43">afterMethod</a></td><td rowspan="1">1680689879478</td><td rowspan="1">-1680689879478</td></tr><tr class="skippedeven"><td><a href="#m44">clearObjects</a></td><td rowspan="1">1680689879480</td><td rowspan="1">-1680689879480</td></tr><tr class="skippedeven"><td><a href="#m45">closeBrowser</a></td><td rowspan="1">1680689879487</td><td rowspan="1">-1680689879487</td></tr><tr><th colspan="4">ChromeTest &#8212; skipped</th></tr><tr class="skippedeven"><td rowspan="3">testNgpack.VerifyForgotPasswordPage</td><td><a href="#m46">verifyCancelButtonOfForgotPasswordPage</a></td><td rowspan="1">1680689868656</td><td rowspan="1">0</td></tr><tr class="skippedeven"><td><a href="#m47">verifySearchButtonOnForgotPasswordPage</a></td><td rowspan="1">1680689868677</td><td rowspan="1">0</td></tr><tr class="skippedeven"><td><a href="#m48">verifyTheTextPresentOnForgotPasswordPage</a></td><td rowspan="1">1680689868690</td><td rowspan="1">0</td></tr><tr class="skippedodd"><td rowspan="2">testNgpack.VerifyLoginButton</td><td><a href="#m49">clickOnLoginButton</a></td><td rowspan="1">1680689861590</td><td rowspan="1">0</td></tr><tr class="skippedodd"><td><a href="#m50">verifyNullEmailPasswordLoginPage</a></td><td rowspan="1">1680689861595</td><td rowspan="1">0</td></tr><tr class="skippedeven"><td rowspan="1">testNgpack.VerifySignUpPage</td><td><a href="#m51">verifySignUpButtonOnSignUpPage</a></td><td rowspan="1">1680689879474</td><td rowspan="1">0</td></tr></tbody>
</table>
<h2>EdgeTest</h2><h3 id="m0">testNgpack.VerifySignUpPage#openBrowser</h3><table class="result"><tr class="param"><th>Parameter #1</th></tr><tr class="param stripe"><td>Edge</td></tr><tr><th>Exception</th></tr><tr><td><div class="stacktrace">org.openqa.selenium.WebDriverException: disconnected: received Inspector.detached event
  (failed to check if window was closed: disconnected: not connected to DevTools)
  (Session info: MicrosoftEdge=111.0.1661.62)
Build info: version: &apos;3.141.59&apos;, revision: &apos;e82be7d358&apos;, time: &apos;2018-11-14T08:17:03&apos;
System info: host: &apos;DESKTOP-ADC0TJP&apos;, ip: &apos;172.17.48.1&apos;, os.name: &apos;Windows 10&apos;, os.arch: &apos;amd64&apos;, os.version: &apos;10.0&apos;, java.version: &apos;17.0.5&apos;
Driver info: driver.version: EdgeDriver
remote stacktrace: Backtrace:
	Microsoft::Applications::Events::EventProperties::SetProperty [0x00007FF6A59CA5C2+12658]
	Microsoft::Applications::Events::EventProperty::EventProperty [0x00007FF6A5962862+747634]
	(No symbol) [0x00007FF6A55FDD2E]
	(No symbol) [0x00007FF6A55EB70C]
	(No symbol) [0x00007FF6A55EAC38]
	(No symbol) [0x00007FF6A55E9DA4]
	(No symbol) [0x00007FF6A55E9CBC]
	(No symbol) [0x00007FF6A55E86D3]
	(No symbol) [0x00007FF6A55E8E36]
	(No symbol) [0x00007FF6A55E78E6]
	(No symbol) [0x00007FF6A55F55CD]
	(No symbol) [0x00007FF6A55E7692]
	(No symbol) [0x00007FF6A55E98D8]
	(No symbol) [0x00007FF6A55E86D3]
	(No symbol) [0x00007FF6A55E8E36]
	(No symbol) [0x00007FF6A55E78E6]
	(No symbol) [0x00007FF6A55F23D4]
	(No symbol) [0x00007FF6A55E7692]
	(No symbol) [0x00007FF6A55E98D8]
	(No symbol) [0x00007FF6A55E86D3]
	(No symbol) [0x00007FF6A55E8E36]
	(No symbol) [0x00007FF6A55E78E6]
	(No symbol) [0x00007FF6A55EF7B1]
	(No symbol) [0x00007FF6A55E7692]
	(No symbol) [0x00007FF6A55E98D8]
	(No symbol) [0x00007FF6A55E86D3]
	(No symbol) [0x00007FF6A55E8E36]
	(No symbol) [0x00007FF6A55E78E6]
	(No symbol) [0x00007FF6A55DE45A]
	(No symbol) [0x00007FF6A55E7692]
	(No symbol) [0x00007FF6A55E6AA1]
	(No symbol) [0x00007FF6A55E675F]
	(No symbol) [0x00007FF6A55FF44B]
	(No symbol) [0x00007FF6A55D6EA7]
	(No symbol) [0x00007FF6A55D5DF3]
	(No symbol) [0x00007FF6A5667316]
	(No symbol) [0x00007FF6A565F1C3]
	(No symbol) [0x00007FF6A56317D6]
	(No symbol) [0x00007FF6A56309B5]
	(No symbol) [0x00007FF6A5631F44]
	Microsoft::Applications::Events::EventProperties::SetProperty [0x00007FF6A5875530+147088]
	(No symbol) [0x00007FF6A57191A6]
	Microsoft::Applications::Events::EventProperty::EventProperty [0x00007FF6A58B4497+33959]
	Microsoft::Applications::Events::EventProperty::EventProperty [0x00007FF6A58B7F65+49013]
	Microsoft::Applications::Events::ILogManager::DispatchEventBroadcast [0x00007FF6A5BA9933+1305299]
	Microsoft::Applications::Events::EventProperty::EventProperty [0x00007FF6A596AE1C+781868]
	Microsoft::Applications::Events::EventProperty::EventProperty [0x00007FF6A5970344+803668]
	Microsoft::Applications::Events::EventProperty::EventProperty [0x00007FF6A597049C+804012]
	Microsoft::Applications::Events::EventProperty::EventProperty [0x00007FF6A59785A1+837041]
	BaseThreadInitThunk [0x00007FF995B07614+20]
	RtlUserThreadStart [0x00007FF996C826A1+33]

	at org.openqa.selenium.remote.W3CHandshakeResponse.lambda$errorHandler$0(W3CHandshakeResponse.java:62)
	at org.openqa.selenium.remote.HandshakeResponse.lambda$getResponseFunction$0(HandshakeResponse.java:30)
	at org.openqa.selenium.remote.ProtocolHandshake.lambda$createSession$0(ProtocolHandshake.java:126)
	at java.base/java.util.stream.ReferencePipeline$3$1.accept(ReferencePipeline.java:197)
	at java.base/java.util.Spliterators$ArraySpliterator.tryAdvance(Spliterators.java:1002)
	at java.base/java.util.stream.ReferencePipeline.forEachWithCancel(ReferencePipeline.java:129)
	at java.base/java.util.stream.AbstractPipeline.copyIntoWithCancel(AbstractPipeline.java:527)
	at java.base/java.util.stream.AbstractPipeline.copyInto(AbstractPipeline.java:513)
	at java.base/java.util.stream.AbstractPipeline.wrapAndCopyInto(AbstractPipeline.java:499)
	at java.base/java.util.stream.FindOps$FindOp.evaluateSequential(FindOps.java:150)
	at java.base/java.util.stream.AbstractPipeline.evaluate(AbstractPipeline.java:234)
	at java.base/java.util.stream.ReferencePipeline.findFirst(ReferencePipeline.java:647)
	at org.openqa.selenium.remote.ProtocolHandshake.createSession(ProtocolHandshake.java:128)
	at org.openqa.selenium.remote.ProtocolHandshake.createSession(ProtocolHandshake.java:74)
	at org.openqa.selenium.remote.HttpCommandExecutor.execute(HttpCommandExecutor.java:136)
	at org.openqa.selenium.remote.service.DriverCommandExecutor.execute(DriverCommandExecutor.java:83)
	at org.openqa.selenium.remote.RemoteWebDriver.execute(RemoteWebDriver.java:552)
	at org.openqa.selenium.remote.RemoteWebDriver.startSession(RemoteWebDriver.java:213)
	at org.openqa.selenium.remote.RemoteWebDriver.&lt;init&gt;(RemoteWebDriver.java:131)
	at org.openqa.selenium.edge.EdgeDriver.&lt;init&gt;(EdgeDriver.java:141)
	at org.openqa.selenium.edge.EdgeDriver.&lt;init&gt;(EdgeDriver.java:96)
	at browserSetup.Base.openEdgeBrowser(Base.java:19)
	at testNgpack.VerifySignUpPage.openBrowser(VerifySignUpPage.java:43)
	at java.base/java.util.concurrent.FutureTask.run(FutureTask.java:264)
	at java.base/java.util.concurrent.ThreadPoolExecutor.runWorker(ThreadPoolExecutor.java:1136)
	at java.base/java.util.concurrent.ThreadPoolExecutor$Worker.run(ThreadPoolExecutor.java:635)
	at java.base/java.lang.Thread.run(Thread.java:833)
... Removed 20 stack frames</div></td></tr></table><p class="totop"><a href="#summary">back to summary</a></p>
<h3 id="m1">testNgpack.VerifyForgotPasswordPage#afterMethod</h3><table class="result"><tr><th class="invisible"/></tr></table><p class="totop"><a href="#summary">back to summary</a></p>
<h3 id="m2">testNgpack.VerifyForgotPasswordPage#afterMethod</h3><table class="result"><tr><th class="invisible"/></tr></table><p class="totop"><a href="#summary">back to summary</a></p>
<h3 id="m3">testNgpack.VerifyForgotPasswordPage#afterMethod</h3><table class="result"><tr><th class="invisible"/></tr></table><p class="totop"><a href="#summary">back to summary</a></p>
<h3 id="m4">testNgpack.VerifyForgotPasswordPage#clearObjects</h3><table class="result"><tr><th class="invisible"/></tr></table><p class="totop"><a href="#summary">back to summary</a></p>
<h3 id="m5">testNgpack.VerifyForgotPasswordPage#closeBrowser</h3><table class="result"><tr><th class="invisible"/></tr></table><p class="totop"><a href="#summary">back to summary</a></p>
<h3 id="m6">testNgpack.VerifyForgotPasswordPage#createPomObject</h3><table class="result"><tr><th class="invisible"/></tr></table><p class="totop"><a href="#summary">back to summary</a></p>
<h3 id="m7">testNgpack.VerifyForgotPasswordPage#goToForgotPasswordPage</h3><table class="result"><tr><th class="invisible"/></tr></table><p class="totop"><a href="#summary">back to summary</a></p>
<h3 id="m8">testNgpack.VerifyForgotPasswordPage#goToForgotPasswordPage</h3><table class="result"><tr><th class="invisible"/></tr></table><p class="totop"><a href="#summary">back to summary</a></p>
<h3 id="m9">testNgpack.VerifyForgotPasswordPage#goToForgotPasswordPage</h3><table class="result"><tr><th class="invisible"/></tr></table><p class="totop"><a href="#summary">back to summary</a></p>
<h3 id="m10">testNgpack.VerifyLoginButton#afterMethod</h3><table class="result"><tr><th class="invisible"/></tr></table><p class="totop"><a href="#summary">back to summary</a></p>
<h3 id="m11">testNgpack.VerifyLoginButton#afterMethod</h3><table class="result"><tr><th class="invisible"/></tr></table><p class="totop"><a href="#summary">back to summary</a></p>
<h3 id="m12">testNgpack.VerifyLoginButton#clearObjects</h3><table class="result"><tr><th class="invisible"/></tr></table><p class="totop"><a href="#summary">back to summary</a></p>
<h3 id="m13">testNgpack.VerifyLoginButton#closeBrowser</h3><table class="result"><tr><th class="invisible"/></tr></table><p class="totop"><a href="#summary">back to summary</a></p>
<h3 id="m14">testNgpack.VerifyLoginButton#createPomObject</h3><table class="result"><tr><th class="invisible"/></tr></table><p class="totop"><a href="#summary">back to summary</a></p>
<h3 id="m15">testNgpack.VerifyLoginButton#goToLoginPage</h3><table class="result"><tr><th class="invisible"/></tr></table><p class="totop"><a href="#summary">back to summary</a></p>
<h3 id="m16">testNgpack.VerifyLoginButton#goToLoginPage</h3><table class="result"><tr><th class="invisible"/></tr></table><p class="totop"><a href="#summary">back to summary</a></p>
<h3 id="m17">testNgpack.VerifySignUpPage#afterMethod</h3><table class="result"><tr><th class="invisible"/></tr></table><p class="totop"><a href="#summary">back to summary</a></p>
<h3 id="m18">testNgpack.VerifySignUpPage#clearObjects</h3><table class="result"><tr><th class="invisible"/></tr></table><p class="totop"><a href="#summary">back to summary</a></p>
<h3 id="m19">testNgpack.VerifySignUpPage#closeBrowser</h3><table class="result"><tr><th class="invisible"/></tr></table><p class="totop"><a href="#summary">back to summary</a></p>
<h3 id="m20">testNgpack.VerifySignUpPage#createPomObject</h3><table class="result"><tr><th class="invisible"/></tr></table><p class="totop"><a href="#summary">back to summary</a></p>
<h3 id="m21">testNgpack.VerifySignUpPage#goToSignUpPage</h3><table class="result"><tr><th class="invisible"/></tr></table><p class="totop"><a href="#summary">back to summary</a></p>
<h3 id="m22">testNgpack.VerifyForgotPasswordPage#verifyCancelButtonOfForgotPasswordPage</h3><table class="result"><tr><th>Exception</th></tr><tr><td><div class="stacktrace">org.openqa.selenium.WebDriverException: disconnected: received Inspector.detached event
  (failed to check if window was closed: disconnected: not connected to DevTools)
  (Session info: MicrosoftEdge=111.0.1661.62)
Build info: version: &apos;3.141.59&apos;, revision: &apos;e82be7d358&apos;, time: &apos;2018-11-14T08:17:03&apos;
System info: host: &apos;DESKTOP-ADC0TJP&apos;, ip: &apos;172.17.48.1&apos;, os.name: &apos;Windows 10&apos;, os.arch: &apos;amd64&apos;, os.version: &apos;10.0&apos;, java.version: &apos;17.0.5&apos;
Driver info: driver.version: EdgeDriver
remote stacktrace: Backtrace:
	Microsoft::Applications::Events::EventProperties::SetProperty [0x00007FF6A59CA5C2+12658]
	Microsoft::Applications::Events::EventProperty::EventProperty [0x00007FF6A5962862+747634]
	(No symbol) [0x00007FF6A55FDD2E]
	(No symbol) [0x00007FF6A55EB70C]
	(No symbol) [0x00007FF6A55EAC38]
	(No symbol) [0x00007FF6A55E9DA4]
	(No symbol) [0x00007FF6A55E9CBC]
	(No symbol) [0x00007FF6A55E86D3]
	(No symbol) [0x00007FF6A55E8E36]
	(No symbol) [0x00007FF6A55E78E6]
	(No symbol) [0x00007FF6A55F55CD]
	(No symbol) [0x00007FF6A55E7692]
	(No symbol) [0x00007FF6A55E98D8]
	(No symbol) [0x00007FF6A55E86D3]
	(No symbol) [0x00007FF6A55E8E36]
	(No symbol) [0x00007FF6A55E78E6]
	(No symbol) [0x00007FF6A55F23D4]
	(No symbol) [0x00007FF6A55E7692]
	(No symbol) [0x00007FF6A55E98D8]
	(No symbol) [0x00007FF6A55E86D3]
	(No symbol) [0x00007FF6A55E8E36]
	(No symbol) [0x00007FF6A55E78E6]
	(No symbol) [0x00007FF6A55EF7B1]
	(No symbol) [0x00007FF6A55E7692]
	(No symbol) [0x00007FF6A55E98D8]
	(No symbol) [0x00007FF6A55E86D3]
	(No symbol) [0x00007FF6A55E8E36]
	(No symbol) [0x00007FF6A55E78E6]
	(No symbol) [0x00007FF6A55DE45A]
	(No symbol) [0x00007FF6A55E7692]
	(No symbol) [0x00007FF6A55E6AA1]
	(No symbol) [0x00007FF6A55E675F]
	(No symbol) [0x00007FF6A55FF44B]
	(No symbol) [0x00007FF6A55D6EA7]
	(No symbol) [0x00007FF6A55D5DF3]
	(No symbol) [0x00007FF6A5667316]
	(No symbol) [0x00007FF6A565F1C3]
	(No symbol) [0x00007FF6A56317D6]
	(No symbol) [0x00007FF6A56309B5]
	(No symbol) [0x00007FF6A5631F44]
	Microsoft::Applications::Events::EventProperties::SetProperty [0x00007FF6A5875530+147088]
	(No symbol) [0x00007FF6A57191A6]
	Microsoft::Applications::Events::EventProperty::EventProperty [0x00007FF6A58B4497+33959]
	Microsoft::Applications::Events::EventProperty::EventProperty [0x00007FF6A58B7F65+49013]
	Microsoft::Applications::Events::ILogManager::DispatchEventBroadcast [0x00007FF6A5BA9933+1305299]
	Microsoft::Applications::Events::EventProperty::EventProperty [0x00007FF6A596AE1C+781868]
	Microsoft::Applications::Events::EventProperty::EventProperty [0x00007FF6A5970344+803668]
	Microsoft::Applications::Events::EventProperty::EventProperty [0x00007FF6A597049C+804012]
	Microsoft::Applications::Events::EventProperty::EventProperty [0x00007FF6A59785A1+837041]
	BaseThreadInitThunk [0x00007FF995B07614+20]
	RtlUserThreadStart [0x00007FF996C826A1+33]

	at org.openqa.selenium.remote.W3CHandshakeResponse.lambda$errorHandler$0(W3CHandshakeResponse.java:62)
	at org.openqa.selenium.remote.HandshakeResponse.lambda$getResponseFunction$0(HandshakeResponse.java:30)
	at org.openqa.selenium.remote.ProtocolHandshake.lambda$createSession$0(ProtocolHandshake.java:126)
	at java.base/java.util.stream.ReferencePipeline$3$1.accept(ReferencePipeline.java:197)
	at java.base/java.util.Spliterators$ArraySpliterator.tryAdvance(Spliterators.java:1002)
	at java.base/java.util.stream.ReferencePipeline.forEachWithCancel(ReferencePipeline.java:129)
	at java.base/java.util.stream.AbstractPipeline.copyIntoWithCancel(AbstractPipeline.java:527)
	at java.base/java.util.stream.AbstractPipeline.copyInto(AbstractPipeline.java:513)
	at java.base/java.util.stream.AbstractPipeline.wrapAndCopyInto(AbstractPipeline.java:499)
	at java.base/java.util.stream.FindOps$FindOp.evaluateSequential(FindOps.java:150)
	at java.base/java.util.stream.AbstractPipeline.evaluate(AbstractPipeline.java:234)
	at java.base/java.util.stream.ReferencePipeline.findFirst(ReferencePipeline.java:647)
	at org.openqa.selenium.remote.ProtocolHandshake.createSession(ProtocolHandshake.java:128)
	at org.openqa.selenium.remote.ProtocolHandshake.createSession(ProtocolHandshake.java:74)
	at org.openqa.selenium.remote.HttpCommandExecutor.execute(HttpCommandExecutor.java:136)
	at org.openqa.selenium.remote.service.DriverCommandExecutor.execute(DriverCommandExecutor.java:83)
	at org.openqa.selenium.remote.RemoteWebDriver.execute(RemoteWebDriver.java:552)
	at org.openqa.selenium.remote.RemoteWebDriver.startSession(RemoteWebDriver.java:213)
	at org.openqa.selenium.remote.RemoteWebDriver.&lt;init&gt;(RemoteWebDriver.java:131)
	at org.openqa.selenium.edge.EdgeDriver.&lt;init&gt;(EdgeDriver.java:141)
	at org.openqa.selenium.edge.EdgeDriver.&lt;init&gt;(EdgeDriver.java:96)
	at browserSetup.Base.openEdgeBrowser(Base.java:19)
	at testNgpack.VerifySignUpPage.openBrowser(VerifySignUpPage.java:43)
	at java.base/java.util.concurrent.FutureTask.run(FutureTask.java:264)
	at java.base/java.util.concurrent.ThreadPoolExecutor.runWorker(ThreadPoolExecutor.java:1136)
	at java.base/java.util.concurrent.ThreadPoolExecutor$Worker.run(ThreadPoolExecutor.java:635)
	at java.base/java.lang.Thread.run(Thread.java:833)
... Removed 20 stack frames</div></td></tr></table><p class="totop"><a href="#summary">back to summary</a></p>
<h3 id="m23">testNgpack.VerifyForgotPasswordPage#verifySearchButtonOnForgotPasswordPage</h3><table class="result"><tr><th>Exception</th></tr><tr><td><div class="stacktrace">org.openqa.selenium.WebDriverException: disconnected: received Inspector.detached event
  (failed to check if window was closed: disconnected: not connected to DevTools)
  (Session info: MicrosoftEdge=111.0.1661.62)
Build info: version: &apos;3.141.59&apos;, revision: &apos;e82be7d358&apos;, time: &apos;2018-11-14T08:17:03&apos;
System info: host: &apos;DESKTOP-ADC0TJP&apos;, ip: &apos;172.17.48.1&apos;, os.name: &apos;Windows 10&apos;, os.arch: &apos;amd64&apos;, os.version: &apos;10.0&apos;, java.version: &apos;17.0.5&apos;
Driver info: driver.version: EdgeDriver
remote stacktrace: Backtrace:
	Microsoft::Applications::Events::EventProperties::SetProperty [0x00007FF6A59CA5C2+12658]
	Microsoft::Applications::Events::EventProperty::EventProperty [0x00007FF6A5962862+747634]
	(No symbol) [0x00007FF6A55FDD2E]
	(No symbol) [0x00007FF6A55EB70C]
	(No symbol) [0x00007FF6A55EAC38]
	(No symbol) [0x00007FF6A55E9DA4]
	(No symbol) [0x00007FF6A55E9CBC]
	(No symbol) [0x00007FF6A55E86D3]
	(No symbol) [0x00007FF6A55E8E36]
	(No symbol) [0x00007FF6A55E78E6]
	(No symbol) [0x00007FF6A55F55CD]
	(No symbol) [0x00007FF6A55E7692]
	(No symbol) [0x00007FF6A55E98D8]
	(No symbol) [0x00007FF6A55E86D3]
	(No symbol) [0x00007FF6A55E8E36]
	(No symbol) [0x00007FF6A55E78E6]
	(No symbol) [0x00007FF6A55F23D4]
	(No symbol) [0x00007FF6A55E7692]
	(No symbol) [0x00007FF6A55E98D8]
	(No symbol) [0x00007FF6A55E86D3]
	(No symbol) [0x00007FF6A55E8E36]
	(No symbol) [0x00007FF6A55E78E6]
	(No symbol) [0x00007FF6A55EF7B1]
	(No symbol) [0x00007FF6A55E7692]
	(No symbol) [0x00007FF6A55E98D8]
	(No symbol) [0x00007FF6A55E86D3]
	(No symbol) [0x00007FF6A55E8E36]
	(No symbol) [0x00007FF6A55E78E6]
	(No symbol) [0x00007FF6A55DE45A]
	(No symbol) [0x00007FF6A55E7692]
	(No symbol) [0x00007FF6A55E6AA1]
	(No symbol) [0x00007FF6A55E675F]
	(No symbol) [0x00007FF6A55FF44B]
	(No symbol) [0x00007FF6A55D6EA7]
	(No symbol) [0x00007FF6A55D5DF3]
	(No symbol) [0x00007FF6A5667316]
	(No symbol) [0x00007FF6A565F1C3]
	(No symbol) [0x00007FF6A56317D6]
	(No symbol) [0x00007FF6A56309B5]
	(No symbol) [0x00007FF6A5631F44]
	Microsoft::Applications::Events::EventProperties::SetProperty [0x00007FF6A5875530+147088]
	(No symbol) [0x00007FF6A57191A6]
	Microsoft::Applications::Events::EventProperty::EventProperty [0x00007FF6A58B4497+33959]
	Microsoft::Applications::Events::EventProperty::EventProperty [0x00007FF6A58B7F65+49013]
	Microsoft::Applications::Events::ILogManager::DispatchEventBroadcast [0x00007FF6A5BA9933+1305299]
	Microsoft::Applications::Events::EventProperty::EventProperty [0x00007FF6A596AE1C+781868]
	Microsoft::Applications::Events::EventProperty::EventProperty [0x00007FF6A5970344+803668]
	Microsoft::Applications::Events::EventProperty::EventProperty [0x00007FF6A597049C+804012]
	Microsoft::Applications::Events::EventProperty::EventProperty [0x00007FF6A59785A1+837041]
	BaseThreadInitThunk [0x00007FF995B07614+20]
	RtlUserThreadStart [0x00007FF996C826A1+33]

	at org.openqa.selenium.remote.W3CHandshakeResponse.lambda$errorHandler$0(W3CHandshakeResponse.java:62)
	at org.openqa.selenium.remote.HandshakeResponse.lambda$getResponseFunction$0(HandshakeResponse.java:30)
	at org.openqa.selenium.remote.ProtocolHandshake.lambda$createSession$0(ProtocolHandshake.java:126)
	at java.base/java.util.stream.ReferencePipeline$3$1.accept(ReferencePipeline.java:197)
	at java.base/java.util.Spliterators$ArraySpliterator.tryAdvance(Spliterators.java:1002)
	at java.base/java.util.stream.ReferencePipeline.forEachWithCancel(ReferencePipeline.java:129)
	at java.base/java.util.stream.AbstractPipeline.copyIntoWithCancel(AbstractPipeline.java:527)
	at java.base/java.util.stream.AbstractPipeline.copyInto(AbstractPipeline.java:513)
	at java.base/java.util.stream.AbstractPipeline.wrapAndCopyInto(AbstractPipeline.java:499)
	at java.base/java.util.stream.FindOps$FindOp.evaluateSequential(FindOps.java:150)
	at java.base/java.util.stream.AbstractPipeline.evaluate(AbstractPipeline.java:234)
	at java.base/java.util.stream.ReferencePipeline.findFirst(ReferencePipeline.java:647)
	at org.openqa.selenium.remote.ProtocolHandshake.createSession(ProtocolHandshake.java:128)
	at org.openqa.selenium.remote.ProtocolHandshake.createSession(ProtocolHandshake.java:74)
	at org.openqa.selenium.remote.HttpCommandExecutor.execute(HttpCommandExecutor.java:136)
	at org.openqa.selenium.remote.service.DriverCommandExecutor.execute(DriverCommandExecutor.java:83)
	at org.openqa.selenium.remote.RemoteWebDriver.execute(RemoteWebDriver.java:552)
	at org.openqa.selenium.remote.RemoteWebDriver.startSession(RemoteWebDriver.java:213)
	at org.openqa.selenium.remote.RemoteWebDriver.&lt;init&gt;(RemoteWebDriver.java:131)
	at org.openqa.selenium.edge.EdgeDriver.&lt;init&gt;(EdgeDriver.java:141)
	at org.openqa.selenium.edge.EdgeDriver.&lt;init&gt;(EdgeDriver.java:96)
	at browserSetup.Base.openEdgeBrowser(Base.java:19)
	at testNgpack.VerifySignUpPage.openBrowser(VerifySignUpPage.java:43)
	at java.base/java.util.concurrent.FutureTask.run(FutureTask.java:264)
	at java.base/java.util.concurrent.ThreadPoolExecutor.runWorker(ThreadPoolExecutor.java:1136)
	at java.base/java.util.concurrent.ThreadPoolExecutor$Worker.run(ThreadPoolExecutor.java:635)
	at java.base/java.lang.Thread.run(Thread.java:833)
... Removed 20 stack frames</div></td></tr></table><p class="totop"><a href="#summary">back to summary</a></p>
<h3 id="m24">testNgpack.VerifyForgotPasswordPage#verifyTheTextPresentOnForgotPasswordPage</h3><table class="result"><tr><th>Exception</th></tr><tr><td><div class="stacktrace">org.openqa.selenium.WebDriverException: disconnected: received Inspector.detached event
  (failed to check if window was closed: disconnected: not connected to DevTools)
  (Session info: MicrosoftEdge=111.0.1661.62)
Build info: version: &apos;3.141.59&apos;, revision: &apos;e82be7d358&apos;, time: &apos;2018-11-14T08:17:03&apos;
System info: host: &apos;DESKTOP-ADC0TJP&apos;, ip: &apos;172.17.48.1&apos;, os.name: &apos;Windows 10&apos;, os.arch: &apos;amd64&apos;, os.version: &apos;10.0&apos;, java.version: &apos;17.0.5&apos;
Driver info: driver.version: EdgeDriver
remote stacktrace: Backtrace:
	Microsoft::Applications::Events::EventProperties::SetProperty [0x00007FF6A59CA5C2+12658]
	Microsoft::Applications::Events::EventProperty::EventProperty [0x00007FF6A5962862+747634]
	(No symbol) [0x00007FF6A55FDD2E]
	(No symbol) [0x00007FF6A55EB70C]
	(No symbol) [0x00007FF6A55EAC38]
	(No symbol) [0x00007FF6A55E9DA4]
	(No symbol) [0x00007FF6A55E9CBC]
	(No symbol) [0x00007FF6A55E86D3]
	(No symbol) [0x00007FF6A55E8E36]
	(No symbol) [0x00007FF6A55E78E6]
	(No symbol) [0x00007FF6A55F55CD]
	(No symbol) [0x00007FF6A55E7692]
	(No symbol) [0x00007FF6A55E98D8]
	(No symbol) [0x00007FF6A55E86D3]
	(No symbol) [0x00007FF6A55E8E36]
	(No symbol) [0x00007FF6A55E78E6]
	(No symbol) [0x00007FF6A55F23D4]
	(No symbol) [0x00007FF6A55E7692]
	(No symbol) [0x00007FF6A55E98D8]
	(No symbol) [0x00007FF6A55E86D3]
	(No symbol) [0x00007FF6A55E8E36]
	(No symbol) [0x00007FF6A55E78E6]
	(No symbol) [0x00007FF6A55EF7B1]
	(No symbol) [0x00007FF6A55E7692]
	(No symbol) [0x00007FF6A55E98D8]
	(No symbol) [0x00007FF6A55E86D3]
	(No symbol) [0x00007FF6A55E8E36]
	(No symbol) [0x00007FF6A55E78E6]
	(No symbol) [0x00007FF6A55DE45A]
	(No symbol) [0x00007FF6A55E7692]
	(No symbol) [0x00007FF6A55E6AA1]
	(No symbol) [0x00007FF6A55E675F]
	(No symbol) [0x00007FF6A55FF44B]
	(No symbol) [0x00007FF6A55D6EA7]
	(No symbol) [0x00007FF6A55D5DF3]
	(No symbol) [0x00007FF6A5667316]
	(No symbol) [0x00007FF6A565F1C3]
	(No symbol) [0x00007FF6A56317D6]
	(No symbol) [0x00007FF6A56309B5]
	(No symbol) [0x00007FF6A5631F44]
	Microsoft::Applications::Events::EventProperties::SetProperty [0x00007FF6A5875530+147088]
	(No symbol) [0x00007FF6A57191A6]
	Microsoft::Applications::Events::EventProperty::EventProperty [0x00007FF6A58B4497+33959]
	Microsoft::Applications::Events::EventProperty::EventProperty [0x00007FF6A58B7F65+49013]
	Microsoft::Applications::Events::ILogManager::DispatchEventBroadcast [0x00007FF6A5BA9933+1305299]
	Microsoft::Applications::Events::EventProperty::EventProperty [0x00007FF6A596AE1C+781868]
	Microsoft::Applications::Events::EventProperty::EventProperty [0x00007FF6A5970344+803668]
	Microsoft::Applications::Events::EventProperty::EventProperty [0x00007FF6A597049C+804012]
	Microsoft::Applications::Events::EventProperty::EventProperty [0x00007FF6A59785A1+837041]
	BaseThreadInitThunk [0x00007FF995B07614+20]
	RtlUserThreadStart [0x00007FF996C826A1+33]

	at org.openqa.selenium.remote.W3CHandshakeResponse.lambda$errorHandler$0(W3CHandshakeResponse.java:62)
	at org.openqa.selenium.remote.HandshakeResponse.lambda$getResponseFunction$0(HandshakeResponse.java:30)
	at org.openqa.selenium.remote.ProtocolHandshake.lambda$createSession$0(ProtocolHandshake.java:126)
	at java.base/java.util.stream.ReferencePipeline$3$1.accept(ReferencePipeline.java:197)
	at java.base/java.util.Spliterators$ArraySpliterator.tryAdvance(Spliterators.java:1002)
	at java.base/java.util.stream.ReferencePipeline.forEachWithCancel(ReferencePipeline.java:129)
	at java.base/java.util.stream.AbstractPipeline.copyIntoWithCancel(AbstractPipeline.java:527)
	at java.base/java.util.stream.AbstractPipeline.copyInto(AbstractPipeline.java:513)
	at java.base/java.util.stream.AbstractPipeline.wrapAndCopyInto(AbstractPipeline.java:499)
	at java.base/java.util.stream.FindOps$FindOp.evaluateSequential(FindOps.java:150)
	at java.base/java.util.stream.AbstractPipeline.evaluate(AbstractPipeline.java:234)
	at java.base/java.util.stream.ReferencePipeline.findFirst(ReferencePipeline.java:647)
	at org.openqa.selenium.remote.ProtocolHandshake.createSession(ProtocolHandshake.java:128)
	at org.openqa.selenium.remote.ProtocolHandshake.createSession(ProtocolHandshake.java:74)
	at org.openqa.selenium.remote.HttpCommandExecutor.execute(HttpCommandExecutor.java:136)
	at org.openqa.selenium.remote.service.DriverCommandExecutor.execute(DriverCommandExecutor.java:83)
	at org.openqa.selenium.remote.RemoteWebDriver.execute(RemoteWebDriver.java:552)
	at org.openqa.selenium.remote.RemoteWebDriver.startSession(RemoteWebDriver.java:213)
	at org.openqa.selenium.remote.RemoteWebDriver.&lt;init&gt;(RemoteWebDriver.java:131)
	at org.openqa.selenium.edge.EdgeDriver.&lt;init&gt;(EdgeDriver.java:141)
	at org.openqa.selenium.edge.EdgeDriver.&lt;init&gt;(EdgeDriver.java:96)
	at browserSetup.Base.openEdgeBrowser(Base.java:19)
	at testNgpack.VerifySignUpPage.openBrowser(VerifySignUpPage.java:43)
	at java.base/java.util.concurrent.FutureTask.run(FutureTask.java:264)
	at java.base/java.util.concurrent.ThreadPoolExecutor.runWorker(ThreadPoolExecutor.java:1136)
	at java.base/java.util.concurrent.ThreadPoolExecutor$Worker.run(ThreadPoolExecutor.java:635)
	at java.base/java.lang.Thread.run(Thread.java:833)
... Removed 20 stack frames</div></td></tr></table><p class="totop"><a href="#summary">back to summary</a></p>
<h3 id="m25">testNgpack.VerifyLoginButton#clickOnLoginButton</h3><table class="result"><tr><th>Exception</th></tr><tr><td><div class="stacktrace">org.openqa.selenium.WebDriverException: disconnected: received Inspector.detached event
  (failed to check if window was closed: disconnected: not connected to DevTools)
  (Session info: MicrosoftEdge=111.0.1661.62)
Build info: version: &apos;3.141.59&apos;, revision: &apos;e82be7d358&apos;, time: &apos;2018-11-14T08:17:03&apos;
System info: host: &apos;DESKTOP-ADC0TJP&apos;, ip: &apos;172.17.48.1&apos;, os.name: &apos;Windows 10&apos;, os.arch: &apos;amd64&apos;, os.version: &apos;10.0&apos;, java.version: &apos;17.0.5&apos;
Driver info: driver.version: EdgeDriver
remote stacktrace: Backtrace:
	Microsoft::Applications::Events::EventProperties::SetProperty [0x00007FF6A59CA5C2+12658]
	Microsoft::Applications::Events::EventProperty::EventProperty [0x00007FF6A5962862+747634]
	(No symbol) [0x00007FF6A55FDD2E]
	(No symbol) [0x00007FF6A55EB70C]
	(No symbol) [0x00007FF6A55EAC38]
	(No symbol) [0x00007FF6A55E9DA4]
	(No symbol) [0x00007FF6A55E9CBC]
	(No symbol) [0x00007FF6A55E86D3]
	(No symbol) [0x00007FF6A55E8E36]
	(No symbol) [0x00007FF6A55E78E6]
	(No symbol) [0x00007FF6A55F55CD]
	(No symbol) [0x00007FF6A55E7692]
	(No symbol) [0x00007FF6A55E98D8]
	(No symbol) [0x00007FF6A55E86D3]
	(No symbol) [0x00007FF6A55E8E36]
	(No symbol) [0x00007FF6A55E78E6]
	(No symbol) [0x00007FF6A55F23D4]
	(No symbol) [0x00007FF6A55E7692]
	(No symbol) [0x00007FF6A55E98D8]
	(No symbol) [0x00007FF6A55E86D3]
	(No symbol) [0x00007FF6A55E8E36]
	(No symbol) [0x00007FF6A55E78E6]
	(No symbol) [0x00007FF6A55EF7B1]
	(No symbol) [0x00007FF6A55E7692]
	(No symbol) [0x00007FF6A55E98D8]
	(No symbol) [0x00007FF6A55E86D3]
	(No symbol) [0x00007FF6A55E8E36]
	(No symbol) [0x00007FF6A55E78E6]
	(No symbol) [0x00007FF6A55DE45A]
	(No symbol) [0x00007FF6A55E7692]
	(No symbol) [0x00007FF6A55E6AA1]
	(No symbol) [0x00007FF6A55E675F]
	(No symbol) [0x00007FF6A55FF44B]
	(No symbol) [0x00007FF6A55D6EA7]
	(No symbol) [0x00007FF6A55D5DF3]
	(No symbol) [0x00007FF6A5667316]
	(No symbol) [0x00007FF6A565F1C3]
	(No symbol) [0x00007FF6A56317D6]
	(No symbol) [0x00007FF6A56309B5]
	(No symbol) [0x00007FF6A5631F44]
	Microsoft::Applications::Events::EventProperties::SetProperty [0x00007FF6A5875530+147088]
	(No symbol) [0x00007FF6A57191A6]
	Microsoft::Applications::Events::EventProperty::EventProperty [0x00007FF6A58B4497+33959]
	Microsoft::Applications::Events::EventProperty::EventProperty [0x00007FF6A58B7F65+49013]
	Microsoft::Applications::Events::ILogManager::DispatchEventBroadcast [0x00007FF6A5BA9933+1305299]
	Microsoft::Applications::Events::EventProperty::EventProperty [0x00007FF6A596AE1C+781868]
	Microsoft::Applications::Events::EventProperty::EventProperty [0x00007FF6A5970344+803668]
	Microsoft::Applications::Events::EventProperty::EventProperty [0x00007FF6A597049C+804012]
	Microsoft::Applications::Events::EventProperty::EventProperty [0x00007FF6A59785A1+837041]
	BaseThreadInitThunk [0x00007FF995B07614+20]
	RtlUserThreadStart [0x00007FF996C826A1+33]

	at org.openqa.selenium.remote.W3CHandshakeResponse.lambda$errorHandler$0(W3CHandshakeResponse.java:62)
	at org.openqa.selenium.remote.HandshakeResponse.lambda$getResponseFunction$0(HandshakeResponse.java:30)
	at org.openqa.selenium.remote.ProtocolHandshake.lambda$createSession$0(ProtocolHandshake.java:126)
	at java.base/java.util.stream.ReferencePipeline$3$1.accept(ReferencePipeline.java:197)
	at java.base/java.util.Spliterators$ArraySpliterator.tryAdvance(Spliterators.java:1002)
	at java.base/java.util.stream.ReferencePipeline.forEachWithCancel(ReferencePipeline.java:129)
	at java.base/java.util.stream.AbstractPipeline.copyIntoWithCancel(AbstractPipeline.java:527)
	at java.base/java.util.stream.AbstractPipeline.copyInto(AbstractPipeline.java:513)
	at java.base/java.util.stream.AbstractPipeline.wrapAndCopyInto(AbstractPipeline.java:499)
	at java.base/java.util.stream.FindOps$FindOp.evaluateSequential(FindOps.java:150)
	at java.base/java.util.stream.AbstractPipeline.evaluate(AbstractPipeline.java:234)
	at java.base/java.util.stream.ReferencePipeline.findFirst(ReferencePipeline.java:647)
	at org.openqa.selenium.remote.ProtocolHandshake.createSession(ProtocolHandshake.java:128)
	at org.openqa.selenium.remote.ProtocolHandshake.createSession(ProtocolHandshake.java:74)
	at org.openqa.selenium.remote.HttpCommandExecutor.execute(HttpCommandExecutor.java:136)
	at org.openqa.selenium.remote.service.DriverCommandExecutor.execute(DriverCommandExecutor.java:83)
	at org.openqa.selenium.remote.RemoteWebDriver.execute(RemoteWebDriver.java:552)
	at org.openqa.selenium.remote.RemoteWebDriver.startSession(RemoteWebDriver.java:213)
	at org.openqa.selenium.remote.RemoteWebDriver.&lt;init&gt;(RemoteWebDriver.java:131)
	at org.openqa.selenium.edge.EdgeDriver.&lt;init&gt;(EdgeDriver.java:141)
	at org.openqa.selenium.edge.EdgeDriver.&lt;init&gt;(EdgeDriver.java:96)
	at browserSetup.Base.openEdgeBrowser(Base.java:19)
	at testNgpack.VerifySignUpPage.openBrowser(VerifySignUpPage.java:43)
	at java.base/java.util.concurrent.FutureTask.run(FutureTask.java:264)
	at java.base/java.util.concurrent.ThreadPoolExecutor.runWorker(ThreadPoolExecutor.java:1136)
	at java.base/java.util.concurrent.ThreadPoolExecutor$Worker.run(ThreadPoolExecutor.java:635)
	at java.base/java.lang.Thread.run(Thread.java:833)
... Removed 20 stack frames</div></td></tr></table><p class="totop"><a href="#summary">back to summary</a></p>
<h3 id="m26">testNgpack.VerifyLoginButton#verifyNullEmailPasswordLoginPage</h3><table class="result"><tr><th>Exception</th></tr><tr><td><div class="stacktrace">org.openqa.selenium.WebDriverException: disconnected: received Inspector.detached event
  (failed to check if window was closed: disconnected: not connected to DevTools)
  (Session info: MicrosoftEdge=111.0.1661.62)
Build info: version: &apos;3.141.59&apos;, revision: &apos;e82be7d358&apos;, time: &apos;2018-11-14T08:17:03&apos;
System info: host: &apos;DESKTOP-ADC0TJP&apos;, ip: &apos;172.17.48.1&apos;, os.name: &apos;Windows 10&apos;, os.arch: &apos;amd64&apos;, os.version: &apos;10.0&apos;, java.version: &apos;17.0.5&apos;
Driver info: driver.version: EdgeDriver
remote stacktrace: Backtrace:
	Microsoft::Applications::Events::EventProperties::SetProperty [0x00007FF6A59CA5C2+12658]
	Microsoft::Applications::Events::EventProperty::EventProperty [0x00007FF6A5962862+747634]
	(No symbol) [0x00007FF6A55FDD2E]
	(No symbol) [0x00007FF6A55EB70C]
	(No symbol) [0x00007FF6A55EAC38]
	(No symbol) [0x00007FF6A55E9DA4]
	(No symbol) [0x00007FF6A55E9CBC]
	(No symbol) [0x00007FF6A55E86D3]
	(No symbol) [0x00007FF6A55E8E36]
	(No symbol) [0x00007FF6A55E78E6]
	(No symbol) [0x00007FF6A55F55CD]
	(No symbol) [0x00007FF6A55E7692]
	(No symbol) [0x00007FF6A55E98D8]
	(No symbol) [0x00007FF6A55E86D3]
	(No symbol) [0x00007FF6A55E8E36]
	(No symbol) [0x00007FF6A55E78E6]
	(No symbol) [0x00007FF6A55F23D4]
	(No symbol) [0x00007FF6A55E7692]
	(No symbol) [0x00007FF6A55E98D8]
	(No symbol) [0x00007FF6A55E86D3]
	(No symbol) [0x00007FF6A55E8E36]
	(No symbol) [0x00007FF6A55E78E6]
	(No symbol) [0x00007FF6A55EF7B1]
	(No symbol) [0x00007FF6A55E7692]
	(No symbol) [0x00007FF6A55E98D8]
	(No symbol) [0x00007FF6A55E86D3]
	(No symbol) [0x00007FF6A55E8E36]
	(No symbol) [0x00007FF6A55E78E6]
	(No symbol) [0x00007FF6A55DE45A]
	(No symbol) [0x00007FF6A55E7692]
	(No symbol) [0x00007FF6A55E6AA1]
	(No symbol) [0x00007FF6A55E675F]
	(No symbol) [0x00007FF6A55FF44B]
	(No symbol) [0x00007FF6A55D6EA7]
	(No symbol) [0x00007FF6A55D5DF3]
	(No symbol) [0x00007FF6A5667316]
	(No symbol) [0x00007FF6A565F1C3]
	(No symbol) [0x00007FF6A56317D6]
	(No symbol) [0x00007FF6A56309B5]
	(No symbol) [0x00007FF6A5631F44]
	Microsoft::Applications::Events::EventProperties::SetProperty [0x00007FF6A5875530+147088]
	(No symbol) [0x00007FF6A57191A6]
	Microsoft::Applications::Events::EventProperty::EventProperty [0x00007FF6A58B4497+33959]
	Microsoft::Applications::Events::EventProperty::EventProperty [0x00007FF6A58B7F65+49013]
	Microsoft::Applications::Events::ILogManager::DispatchEventBroadcast [0x00007FF6A5BA9933+1305299]
	Microsoft::Applications::Events::EventProperty::EventProperty [0x00007FF6A596AE1C+781868]
	Microsoft::Applications::Events::EventProperty::EventProperty [0x00007FF6A5970344+803668]
	Microsoft::Applications::Events::EventProperty::EventProperty [0x00007FF6A597049C+804012]
	Microsoft::Applications::Events::EventProperty::EventProperty [0x00007FF6A59785A1+837041]
	BaseThreadInitThunk [0x00007FF995B07614+20]
	RtlUserThreadStart [0x00007FF996C826A1+33]

	at org.openqa.selenium.remote.W3CHandshakeResponse.lambda$errorHandler$0(W3CHandshakeResponse.java:62)
	at org.openqa.selenium.remote.HandshakeResponse.lambda$getResponseFunction$0(HandshakeResponse.java:30)
	at org.openqa.selenium.remote.ProtocolHandshake.lambda$createSession$0(ProtocolHandshake.java:126)
	at java.base/java.util.stream.ReferencePipeline$3$1.accept(ReferencePipeline.java:197)
	at java.base/java.util.Spliterators$ArraySpliterator.tryAdvance(Spliterators.java:1002)
	at java.base/java.util.stream.ReferencePipeline.forEachWithCancel(ReferencePipeline.java:129)
	at java.base/java.util.stream.AbstractPipeline.copyIntoWithCancel(AbstractPipeline.java:527)
	at java.base/java.util.stream.AbstractPipeline.copyInto(AbstractPipeline.java:513)
	at java.base/java.util.stream.AbstractPipeline.wrapAndCopyInto(AbstractPipeline.java:499)
	at java.base/java.util.stream.FindOps$FindOp.evaluateSequential(FindOps.java:150)
	at java.base/java.util.stream.AbstractPipeline.evaluate(AbstractPipeline.java:234)
	at java.base/java.util.stream.ReferencePipeline.findFirst(ReferencePipeline.java:647)
	at org.openqa.selenium.remote.ProtocolHandshake.createSession(ProtocolHandshake.java:128)
	at org.openqa.selenium.remote.ProtocolHandshake.createSession(ProtocolHandshake.java:74)
	at org.openqa.selenium.remote.HttpCommandExecutor.execute(HttpCommandExecutor.java:136)
	at org.openqa.selenium.remote.service.DriverCommandExecutor.execute(DriverCommandExecutor.java:83)
	at org.openqa.selenium.remote.RemoteWebDriver.execute(RemoteWebDriver.java:552)
	at org.openqa.selenium.remote.RemoteWebDriver.startSession(RemoteWebDriver.java:213)
	at org.openqa.selenium.remote.RemoteWebDriver.&lt;init&gt;(RemoteWebDriver.java:131)
	at org.openqa.selenium.edge.EdgeDriver.&lt;init&gt;(EdgeDriver.java:141)
	at org.openqa.selenium.edge.EdgeDriver.&lt;init&gt;(EdgeDriver.java:96)
	at browserSetup.Base.openEdgeBrowser(Base.java:19)
	at testNgpack.VerifySignUpPage.openBrowser(VerifySignUpPage.java:43)
	at java.base/java.util.concurrent.FutureTask.run(FutureTask.java:264)
	at java.base/java.util.concurrent.ThreadPoolExecutor.runWorker(ThreadPoolExecutor.java:1136)
	at java.base/java.util.concurrent.ThreadPoolExecutor$Worker.run(ThreadPoolExecutor.java:635)
	at java.base/java.lang.Thread.run(Thread.java:833)
... Removed 20 stack frames</div></td></tr></table><p class="totop"><a href="#summary">back to summary</a></p>
<h3 id="m27">testNgpack.VerifySignUpPage#verifySignUpButtonOnSignUpPage</h3><table class="result"><tr><th>Exception</th></tr><tr><td><div class="stacktrace">org.openqa.selenium.WebDriverException: disconnected: received Inspector.detached event
  (failed to check if window was closed: disconnected: not connected to DevTools)
  (Session info: MicrosoftEdge=111.0.1661.62)
Build info: version: &apos;3.141.59&apos;, revision: &apos;e82be7d358&apos;, time: &apos;2018-11-14T08:17:03&apos;
System info: host: &apos;DESKTOP-ADC0TJP&apos;, ip: &apos;172.17.48.1&apos;, os.name: &apos;Windows 10&apos;, os.arch: &apos;amd64&apos;, os.version: &apos;10.0&apos;, java.version: &apos;17.0.5&apos;
Driver info: driver.version: EdgeDriver
remote stacktrace: Backtrace:
	Microsoft::Applications::Events::EventProperties::SetProperty [0x00007FF6A59CA5C2+12658]
	Microsoft::Applications::Events::EventProperty::EventProperty [0x00007FF6A5962862+747634]
	(No symbol) [0x00007FF6A55FDD2E]
	(No symbol) [0x00007FF6A55EB70C]
	(No symbol) [0x00007FF6A55EAC38]
	(No symbol) [0x00007FF6A55E9DA4]
	(No symbol) [0x00007FF6A55E9CBC]
	(No symbol) [0x00007FF6A55E86D3]
	(No symbol) [0x00007FF6A55E8E36]
	(No symbol) [0x00007FF6A55E78E6]
	(No symbol) [0x00007FF6A55F55CD]
	(No symbol) [0x00007FF6A55E7692]
	(No symbol) [0x00007FF6A55E98D8]
	(No symbol) [0x00007FF6A55E86D3]
	(No symbol) [0x00007FF6A55E8E36]
	(No symbol) [0x00007FF6A55E78E6]
	(No symbol) [0x00007FF6A55F23D4]
	(No symbol) [0x00007FF6A55E7692]
	(No symbol) [0x00007FF6A55E98D8]
	(No symbol) [0x00007FF6A55E86D3]
	(No symbol) [0x00007FF6A55E8E36]
	(No symbol) [0x00007FF6A55E78E6]
	(No symbol) [0x00007FF6A55EF7B1]
	(No symbol) [0x00007FF6A55E7692]
	(No symbol) [0x00007FF6A55E98D8]
	(No symbol) [0x00007FF6A55E86D3]
	(No symbol) [0x00007FF6A55E8E36]
	(No symbol) [0x00007FF6A55E78E6]
	(No symbol) [0x00007FF6A55DE45A]
	(No symbol) [0x00007FF6A55E7692]
	(No symbol) [0x00007FF6A55E6AA1]
	(No symbol) [0x00007FF6A55E675F]
	(No symbol) [0x00007FF6A55FF44B]
	(No symbol) [0x00007FF6A55D6EA7]
	(No symbol) [0x00007FF6A55D5DF3]
	(No symbol) [0x00007FF6A5667316]
	(No symbol) [0x00007FF6A565F1C3]
	(No symbol) [0x00007FF6A56317D6]
	(No symbol) [0x00007FF6A56309B5]
	(No symbol) [0x00007FF6A5631F44]
	Microsoft::Applications::Events::EventProperties::SetProperty [0x00007FF6A5875530+147088]
	(No symbol) [0x00007FF6A57191A6]
	Microsoft::Applications::Events::EventProperty::EventProperty [0x00007FF6A58B4497+33959]
	Microsoft::Applications::Events::EventProperty::EventProperty [0x00007FF6A58B7F65+49013]
	Microsoft::Applications::Events::ILogManager::DispatchEventBroadcast [0x00007FF6A5BA9933+1305299]
	Microsoft::Applications::Events::EventProperty::EventProperty [0x00007FF6A596AE1C+781868]
	Microsoft::Applications::Events::EventProperty::EventProperty [0x00007FF6A5970344+803668]
	Microsoft::Applications::Events::EventProperty::EventProperty [0x00007FF6A597049C+804012]
	Microsoft::Applications::Events::EventProperty::EventProperty [0x00007FF6A59785A1+837041]
	BaseThreadInitThunk [0x00007FF995B07614+20]
	RtlUserThreadStart [0x00007FF996C826A1+33]

	at org.openqa.selenium.remote.W3CHandshakeResponse.lambda$errorHandler$0(W3CHandshakeResponse.java:62)
	at org.openqa.selenium.remote.HandshakeResponse.lambda$getResponseFunction$0(HandshakeResponse.java:30)
	at org.openqa.selenium.remote.ProtocolHandshake.lambda$createSession$0(ProtocolHandshake.java:126)
	at java.base/java.util.stream.ReferencePipeline$3$1.accept(ReferencePipeline.java:197)
	at java.base/java.util.Spliterators$ArraySpliterator.tryAdvance(Spliterators.java:1002)
	at java.base/java.util.stream.ReferencePipeline.forEachWithCancel(ReferencePipeline.java:129)
	at java.base/java.util.stream.AbstractPipeline.copyIntoWithCancel(AbstractPipeline.java:527)
	at java.base/java.util.stream.AbstractPipeline.copyInto(AbstractPipeline.java:513)
	at java.base/java.util.stream.AbstractPipeline.wrapAndCopyInto(AbstractPipeline.java:499)
	at java.base/java.util.stream.FindOps$FindOp.evaluateSequential(FindOps.java:150)
	at java.base/java.util.stream.AbstractPipeline.evaluate(AbstractPipeline.java:234)
	at java.base/java.util.stream.ReferencePipeline.findFirst(ReferencePipeline.java:647)
	at org.openqa.selenium.remote.ProtocolHandshake.createSession(ProtocolHandshake.java:128)
	at org.openqa.selenium.remote.ProtocolHandshake.createSession(ProtocolHandshake.java:74)
	at org.openqa.selenium.remote.HttpCommandExecutor.execute(HttpCommandExecutor.java:136)
	at org.openqa.selenium.remote.service.DriverCommandExecutor.execute(DriverCommandExecutor.java:83)
	at org.openqa.selenium.remote.RemoteWebDriver.execute(RemoteWebDriver.java:552)
	at org.openqa.selenium.remote.RemoteWebDriver.startSession(RemoteWebDriver.java:213)
	at org.openqa.selenium.remote.RemoteWebDriver.&lt;init&gt;(RemoteWebDriver.java:131)
	at org.openqa.selenium.edge.EdgeDriver.&lt;init&gt;(EdgeDriver.java:141)
	at org.openqa.selenium.edge.EdgeDriver.&lt;init&gt;(EdgeDriver.java:96)
	at browserSetup.Base.openEdgeBrowser(Base.java:19)
	at testNgpack.VerifySignUpPage.openBrowser(VerifySignUpPage.java:43)
	at java.base/java.util.concurrent.FutureTask.run(FutureTask.java:264)
	at java.base/java.util.concurrent.ThreadPoolExecutor.runWorker(ThreadPoolExecutor.java:1136)
	at java.base/java.util.concurrent.ThreadPoolExecutor$Worker.run(ThreadPoolExecutor.java:635)
	at java.base/java.lang.Thread.run(Thread.java:833)
... Removed 20 stack frames</div></td></tr></table><p class="totop"><a href="#summary">back to summary</a></p>
<h2>ChromeTest</h2><h3 id="m28">testNgpack.VerifyForgotPasswordPage#goToForgotPasswordPage</h3><table class="result"><tr><th>Exception</th></tr><tr><td><div class="stacktrace">org.openqa.selenium.NoSuchWindowException: no such window: target window already closed
from unknown error: web view not found
  (Session info: chrome=111.0.5563.147)
Build info: version: &apos;3.141.59&apos;, revision: &apos;e82be7d358&apos;, time: &apos;2018-11-14T08:17:03&apos;
System info: host: &apos;DESKTOP-ADC0TJP&apos;, ip: &apos;172.17.48.1&apos;, os.name: &apos;Windows 10&apos;, os.arch: &apos;amd64&apos;, os.version: &apos;10.0&apos;, java.version: &apos;17.0.5&apos;
Driver info: org.openqa.selenium.chrome.ChromeDriver
Capabilities {acceptInsecureCerts: false, browserName: chrome, browserVersion: 111.0.5563.147, chrome: {chromedriverVersion: 110.0.5481.77 (65ed616c6e8e..., userDataDir: C:\Users\hp\AppData\Local\T...}, goog:chromeOptions: {debuggerAddress: localhost:55734}, javascriptEnabled: true, networkConnectionEnabled: false, pageLoadStrategy: normal, platform: WINDOWS, platformName: WINDOWS, proxy: Proxy(), setWindowRect: true, strictFileInteractability: false, timeouts: {implicit: 0, pageLoad: 300000, script: 30000}, unhandledPromptBehavior: dismiss and notify, webauthn:extension:credBlob: true, webauthn:extension:largeBlob: true, webauthn:virtualAuthenticators: true}
Session ID: 0001ad49809467ee6b590828db4658b2
*** Element info: {Using=xpath, value= //a[text()=&apos;Forgotten password?&apos;]}
	at org.openqa.selenium.remote.http.W3CHttpResponseCodec.createException(W3CHttpResponseCodec.java:187)
	at org.openqa.selenium.remote.http.W3CHttpResponseCodec.decode(W3CHttpResponseCodec.java:122)
	at org.openqa.selenium.remote.http.W3CHttpResponseCodec.decode(W3CHttpResponseCodec.java:49)
	at org.openqa.selenium.remote.HttpCommandExecutor.execute(HttpCommandExecutor.java:158)
	at org.openqa.selenium.remote.service.DriverCommandExecutor.execute(DriverCommandExecutor.java:83)
	at org.openqa.selenium.remote.RemoteWebDriver.execute(RemoteWebDriver.java:552)
	at org.openqa.selenium.remote.RemoteWebDriver.findElement(RemoteWebDriver.java:323)
	at org.openqa.selenium.remote.RemoteWebDriver.findElementByXPath(RemoteWebDriver.java:428)
	at org.openqa.selenium.By$ByXPath.findElement(By.java:353)
	at org.openqa.selenium.remote.RemoteWebDriver.findElement(RemoteWebDriver.java:315)
	at org.openqa.selenium.support.pagefactory.DefaultElementLocator.findElement(DefaultElementLocator.java:69)
	at org.openqa.selenium.support.pagefactory.internal.LocatingElementHandler.invoke(LocatingElementHandler.java:38)
	at jdk.proxy2/jdk.proxy2.$Proxy17.click(Unknown Source)
	at page.LoginPage.clickForgotPassword(LoginPage.java:60)
	at testNgpack.VerifyForgotPasswordPage.goToForgotPasswordPage(VerifyForgotPasswordPage.java:69)
	at java.base/java.util.concurrent.ThreadPoolExecutor.runWorker(ThreadPoolExecutor.java:1136)
	at java.base/java.util.concurrent.ThreadPoolExecutor$Worker.run(ThreadPoolExecutor.java:635)
	at java.base/java.lang.Thread.run(Thread.java:833)
... Removed 21 stack frames</div></td></tr></table><p class="totop"><a href="#summary">back to summary</a></p>
<h3 id="m29">testNgpack.VerifyLoginButton#goToLoginPage</h3><table class="result"><tr><th>Exception</th></tr><tr><td><div class="stacktrace">org.openqa.selenium.WebDriverException: disconnected: received Inspector.detached event
  (failed to check if window was closed: disconnected: Unable to receive message from renderer)
  (Session info: chrome=111.0.5563.147)
Build info: version: &apos;3.141.59&apos;, revision: &apos;e82be7d358&apos;, time: &apos;2018-11-14T08:17:03&apos;
System info: host: &apos;DESKTOP-ADC0TJP&apos;, ip: &apos;172.17.48.1&apos;, os.name: &apos;Windows 10&apos;, os.arch: &apos;amd64&apos;, os.version: &apos;10.0&apos;, java.version: &apos;17.0.5&apos;
Driver info: org.openqa.selenium.chrome.ChromeDriver
Capabilities {acceptInsecureCerts: false, browserName: chrome, browserVersion: 111.0.5563.147, chrome: {chromedriverVersion: 110.0.5481.77 (65ed616c6e8e..., userDataDir: C:\Users\hp\AppData\Local\T...}, goog:chromeOptions: {debuggerAddress: localhost:55773}, javascriptEnabled: true, networkConnectionEnabled: false, pageLoadStrategy: normal, platform: WINDOWS, platformName: WINDOWS, proxy: Proxy(), setWindowRect: true, strictFileInteractability: false, timeouts: {implicit: 0, pageLoad: 300000, script: 30000}, unhandledPromptBehavior: dismiss and notify, webauthn:extension:credBlob: true, webauthn:extension:largeBlob: true, webauthn:virtualAuthenticators: true}
Session ID: 95d0883ed689d17ed3d0bac61117d029
	at org.openqa.selenium.remote.http.W3CHttpResponseCodec.createException(W3CHttpResponseCodec.java:187)
	at org.openqa.selenium.remote.http.W3CHttpResponseCodec.decode(W3CHttpResponseCodec.java:122)
	at org.openqa.selenium.remote.http.W3CHttpResponseCodec.decode(W3CHttpResponseCodec.java:49)
	at org.openqa.selenium.remote.HttpCommandExecutor.execute(HttpCommandExecutor.java:158)
	at org.openqa.selenium.remote.service.DriverCommandExecutor.execute(DriverCommandExecutor.java:83)
	at org.openqa.selenium.remote.RemoteWebDriver.execute(RemoteWebDriver.java:552)
	at org.openqa.selenium.remote.RemoteWebDriver.get(RemoteWebDriver.java:277)
	at testNgpack.VerifyLoginButton.goToLoginPage(VerifyLoginButton.java:61)
	at java.base/java.util.concurrent.ThreadPoolExecutor.runWorker(ThreadPoolExecutor.java:1136)
	at java.base/java.util.concurrent.ThreadPoolExecutor$Worker.run(ThreadPoolExecutor.java:635)
	at java.base/java.lang.Thread.run(Thread.java:833)
... Removed 21 stack frames</div></td></tr></table><p class="totop"><a href="#summary">back to summary</a></p>
<h3 id="m30">testNgpack.VerifySignUpPage#goToSignUpPage</h3><table class="result"><tr><th>Exception</th></tr><tr><td><div class="stacktrace">org.openqa.selenium.WebDriverException: java.net.ConnectException: Failed to connect to localhost/[0:0:0:0:0:0:0:1]:14692
Build info: version: &apos;3.141.59&apos;, revision: &apos;e82be7d358&apos;, time: &apos;2018-11-14T08:17:03&apos;
System info: host: &apos;DESKTOP-ADC0TJP&apos;, ip: &apos;172.17.48.1&apos;, os.name: &apos;Windows 10&apos;, os.arch: &apos;amd64&apos;, os.version: &apos;10.0&apos;, java.version: &apos;17.0.5&apos;
Driver info: driver.version: RemoteWebDriver
	at org.openqa.selenium.remote.service.DriverCommandExecutor.execute(DriverCommandExecutor.java:92)
	at org.openqa.selenium.remote.RemoteWebDriver.execute(RemoteWebDriver.java:552)
	at org.openqa.selenium.remote.RemoteWebDriver.get(RemoteWebDriver.java:277)
	at testNgpack.VerifySignUpPage.goToSignUpPage(VerifySignUpPage.java:62)
	at java.base/java.util.concurrent.ThreadPoolExecutor.runWorker(ThreadPoolExecutor.java:1136)
	at java.base/java.util.concurrent.ThreadPoolExecutor$Worker.run(ThreadPoolExecutor.java:635)
	at java.base/java.lang.Thread.run(Thread.java:833)
Caused by: java.net.ConnectException: Failed to connect to localhost/[0:0:0:0:0:0:0:1]:14692
	at okhttp3.internal.connection.RealConnection.connectSocket(RealConnection.java:247)
	at okhttp3.internal.connection.RealConnection.connect(RealConnection.java:165)
	at okhttp3.internal.connection.StreamAllocation.findConnection(StreamAllocation.java:257)
	at okhttp3.internal.connection.StreamAllocation.findHealthyConnection(StreamAllocation.java:135)
	at okhttp3.internal.connection.StreamAllocation.newStream(StreamAllocation.java:114)
	at okhttp3.internal.connection.ConnectInterceptor.intercept(ConnectInterceptor.java:42)
	at okhttp3.internal.http.RealInterceptorChain.proceed(RealInterceptorChain.java:147)
	at okhttp3.internal.http.RealInterceptorChain.proceed(RealInterceptorChain.java:121)
	at okhttp3.internal.cache.CacheInterceptor.intercept(CacheInterceptor.java:93)
	at okhttp3.internal.http.RealInterceptorChain.proceed(RealInterceptorChain.java:147)
	at okhttp3.internal.http.RealInterceptorChain.proceed(RealInterceptorChain.java:121)
	at okhttp3.internal.http.BridgeInterceptor.intercept(BridgeInterceptor.java:93)
	at okhttp3.internal.http.RealInterceptorChain.proceed(RealInterceptorChain.java:147)
	at okhttp3.internal.http.RetryAndFollowUpInterceptor.intercept(RetryAndFollowUpInterceptor.java:126)
	at okhttp3.internal.http.RealInterceptorChain.proceed(RealInterceptorChain.java:147)
	at okhttp3.internal.http.RealInterceptorChain.proceed(RealInterceptorChain.java:121)
	at okhttp3.RealCall.getResponseWithInterceptorChain(RealCall.java:200)
	at okhttp3.RealCall.execute(RealCall.java:77)
	at org.openqa.selenium.remote.internal.OkHttpClient.execute(OkHttpClient.java:103)
	at org.openqa.selenium.remote.HttpCommandExecutor.execute(HttpCommandExecutor.java:155)
	at org.openqa.selenium.remote.service.DriverCommandExecutor.execute(DriverCommandExecutor.java:83)
	... 22 more
Caused by: java.net.ConnectException: Connection refused: no further information
	at java.base/sun.nio.ch.Net.pollConnect(Native Method)
	at java.base/sun.nio.ch.Net.pollConnectNow(Net.java:672)
	at java.base/sun.nio.ch.NioSocketImpl.timedFinishConnect(NioSocketImpl.java:542)
	at java.base/sun.nio.ch.NioSocketImpl.connect(NioSocketImpl.java:597)
	at java.base/java.net.SocksSocketImpl.connect(SocksSocketImpl.java:327)
	at java.base/java.net.Socket.connect(Socket.java:633)
	at okhttp3.internal.platform.Platform.connectSocket(Platform.java:129)
	at okhttp3.internal.connection.RealConnection.connectSocket(RealConnection.java:245)
	... 42 more
... Removed 16 stack frames</div></td></tr></table><p class="totop"><a href="#summary">back to summary</a></p>
<h3 id="m31">testNgpack.VerifyForgotPasswordPage#afterMethod</h3><table class="result"><tr><th class="invisible"/></tr></table><p class="totop"><a href="#summary">back to summary</a></p>
<h3 id="m32">testNgpack.VerifyForgotPasswordPage#afterMethod</h3><table class="result"><tr><th class="invisible"/></tr></table><p class="totop"><a href="#summary">back to summary</a></p>
<h3 id="m33">testNgpack.VerifyForgotPasswordPage#afterMethod</h3><table class="result"><tr><th class="invisible"/></tr></table><p class="totop"><a href="#summary">back to summary</a></p>
<h3 id="m34">testNgpack.VerifyForgotPasswordPage#clearObjects</h3><table class="result"><tr><th class="invisible"/></tr></table><p class="totop"><a href="#summary">back to summary</a></p>
<h3 id="m35">testNgpack.VerifyForgotPasswordPage#closeBrowser</h3><table class="result"><tr><th class="invisible"/></tr></table><p class="totop"><a href="#summary">back to summary</a></p>
<h3 id="m36">testNgpack.VerifyForgotPasswordPage#goToForgotPasswordPage</h3><table class="result"><tr><th class="invisible"/></tr></table><p class="totop"><a href="#summary">back to summary</a></p>
<h3 id="m37">testNgpack.VerifyForgotPasswordPage#goToForgotPasswordPage</h3><table class="result"><tr><th class="invisible"/></tr></table><p class="totop"><a href="#summary">back to summary</a></p>
<h3 id="m38">testNgpack.VerifyLoginButton#afterMethod</h3><table class="result"><tr><th class="invisible"/></tr></table><p class="totop"><a href="#summary">back to summary</a></p>
<h3 id="m39">testNgpack.VerifyLoginButton#afterMethod</h3><table class="result"><tr><th class="invisible"/></tr></table><p class="totop"><a href="#summary">back to summary</a></p>
<h3 id="m40">testNgpack.VerifyLoginButton#clearObjects</h3><table class="result"><tr><th class="invisible"/></tr></table><p class="totop"><a href="#summary">back to summary</a></p>
<h3 id="m41">testNgpack.VerifyLoginButton#closeBrowser</h3><table class="result"><tr><th class="invisible"/></tr></table><p class="totop"><a href="#summary">back to summary</a></p>
<h3 id="m42">testNgpack.VerifyLoginButton#goToLoginPage</h3><table class="result"><tr><th class="invisible"/></tr></table><p class="totop"><a href="#summary">back to summary</a></p>
<h3 id="m43">testNgpack.VerifySignUpPage#afterMethod</h3><table class="result"><tr><th class="invisible"/></tr></table><p class="totop"><a href="#summary">back to summary</a></p>
<h3 id="m44">testNgpack.VerifySignUpPage#clearObjects</h3><table class="result"><tr><th class="invisible"/></tr></table><p class="totop"><a href="#summary">back to summary</a></p>
<h3 id="m45">testNgpack.VerifySignUpPage#closeBrowser</h3><table class="result"><tr><th class="invisible"/></tr></table><p class="totop"><a href="#summary">back to summary</a></p>
<h3 id="m46">testNgpack.VerifyForgotPasswordPage#verifyCancelButtonOfForgotPasswordPage</h3><table class="result"><tr><th>Exception</th></tr><tr><td><div class="stacktrace">org.openqa.selenium.NoSuchWindowException: no such window: target window already closed
from unknown error: web view not found
  (Session info: chrome=111.0.5563.147)
Build info: version: &apos;3.141.59&apos;, revision: &apos;e82be7d358&apos;, time: &apos;2018-11-14T08:17:03&apos;
System info: host: &apos;DESKTOP-ADC0TJP&apos;, ip: &apos;172.17.48.1&apos;, os.name: &apos;Windows 10&apos;, os.arch: &apos;amd64&apos;, os.version: &apos;10.0&apos;, java.version: &apos;17.0.5&apos;
Driver info: org.openqa.selenium.chrome.ChromeDriver
Capabilities {acceptInsecureCerts: false, browserName: chrome, browserVersion: 111.0.5563.147, chrome: {chromedriverVersion: 110.0.5481.77 (65ed616c6e8e..., userDataDir: C:\Users\hp\AppData\Local\T...}, goog:chromeOptions: {debuggerAddress: localhost:55734}, javascriptEnabled: true, networkConnectionEnabled: false, pageLoadStrategy: normal, platform: WINDOWS, platformName: WINDOWS, proxy: Proxy(), setWindowRect: true, strictFileInteractability: false, timeouts: {implicit: 0, pageLoad: 300000, script: 30000}, unhandledPromptBehavior: dismiss and notify, webauthn:extension:credBlob: true, webauthn:extension:largeBlob: true, webauthn:virtualAuthenticators: true}
Session ID: 0001ad49809467ee6b590828db4658b2
*** Element info: {Using=xpath, value= //a[text()=&apos;Forgotten password?&apos;]}
	at org.openqa.selenium.remote.http.W3CHttpResponseCodec.createException(W3CHttpResponseCodec.java:187)
	at org.openqa.selenium.remote.http.W3CHttpResponseCodec.decode(W3CHttpResponseCodec.java:122)
	at org.openqa.selenium.remote.http.W3CHttpResponseCodec.decode(W3CHttpResponseCodec.java:49)
	at org.openqa.selenium.remote.HttpCommandExecutor.execute(HttpCommandExecutor.java:158)
	at org.openqa.selenium.remote.service.DriverCommandExecutor.execute(DriverCommandExecutor.java:83)
	at org.openqa.selenium.remote.RemoteWebDriver.execute(RemoteWebDriver.java:552)
	at org.openqa.selenium.remote.RemoteWebDriver.findElement(RemoteWebDriver.java:323)
	at org.openqa.selenium.remote.RemoteWebDriver.findElementByXPath(RemoteWebDriver.java:428)
	at org.openqa.selenium.By$ByXPath.findElement(By.java:353)
	at org.openqa.selenium.remote.RemoteWebDriver.findElement(RemoteWebDriver.java:315)
	at org.openqa.selenium.support.pagefactory.DefaultElementLocator.findElement(DefaultElementLocator.java:69)
	at org.openqa.selenium.support.pagefactory.internal.LocatingElementHandler.invoke(LocatingElementHandler.java:38)
	at jdk.proxy2/jdk.proxy2.$Proxy17.click(Unknown Source)
	at page.LoginPage.clickForgotPassword(LoginPage.java:60)
	at testNgpack.VerifyForgotPasswordPage.goToForgotPasswordPage(VerifyForgotPasswordPage.java:69)
	at java.base/java.util.concurrent.ThreadPoolExecutor.runWorker(ThreadPoolExecutor.java:1136)
	at java.base/java.util.concurrent.ThreadPoolExecutor$Worker.run(ThreadPoolExecutor.java:635)
	at java.base/java.lang.Thread.run(Thread.java:833)
... Removed 21 stack frames</div></td></tr></table><p class="totop"><a href="#summary">back to summary</a></p>
<h3 id="m47">testNgpack.VerifyForgotPasswordPage#verifySearchButtonOnForgotPasswordPage</h3><table class="result"><tr><th>Exception</th></tr><tr><td><div class="stacktrace">org.openqa.selenium.NoSuchWindowException: no such window: target window already closed
from unknown error: web view not found
  (Session info: chrome=111.0.5563.147)
Build info: version: &apos;3.141.59&apos;, revision: &apos;e82be7d358&apos;, time: &apos;2018-11-14T08:17:03&apos;
System info: host: &apos;DESKTOP-ADC0TJP&apos;, ip: &apos;172.17.48.1&apos;, os.name: &apos;Windows 10&apos;, os.arch: &apos;amd64&apos;, os.version: &apos;10.0&apos;, java.version: &apos;17.0.5&apos;
Driver info: org.openqa.selenium.chrome.ChromeDriver
Capabilities {acceptInsecureCerts: false, browserName: chrome, browserVersion: 111.0.5563.147, chrome: {chromedriverVersion: 110.0.5481.77 (65ed616c6e8e..., userDataDir: C:\Users\hp\AppData\Local\T...}, goog:chromeOptions: {debuggerAddress: localhost:55734}, javascriptEnabled: true, networkConnectionEnabled: false, pageLoadStrategy: normal, platform: WINDOWS, platformName: WINDOWS, proxy: Proxy(), setWindowRect: true, strictFileInteractability: false, timeouts: {implicit: 0, pageLoad: 300000, script: 30000}, unhandledPromptBehavior: dismiss and notify, webauthn:extension:credBlob: true, webauthn:extension:largeBlob: true, webauthn:virtualAuthenticators: true}
Session ID: 0001ad49809467ee6b590828db4658b2
*** Element info: {Using=xpath, value= //a[text()=&apos;Forgotten password?&apos;]}
	at org.openqa.selenium.remote.http.W3CHttpResponseCodec.createException(W3CHttpResponseCodec.java:187)
	at org.openqa.selenium.remote.http.W3CHttpResponseCodec.decode(W3CHttpResponseCodec.java:122)
	at org.openqa.selenium.remote.http.W3CHttpResponseCodec.decode(W3CHttpResponseCodec.java:49)
	at org.openqa.selenium.remote.HttpCommandExecutor.execute(HttpCommandExecutor.java:158)
	at org.openqa.selenium.remote.service.DriverCommandExecutor.execute(DriverCommandExecutor.java:83)
	at org.openqa.selenium.remote.RemoteWebDriver.execute(RemoteWebDriver.java:552)
	at org.openqa.selenium.remote.RemoteWebDriver.findElement(RemoteWebDriver.java:323)
	at org.openqa.selenium.remote.RemoteWebDriver.findElementByXPath(RemoteWebDriver.java:428)
	at org.openqa.selenium.By$ByXPath.findElement(By.java:353)
	at org.openqa.selenium.remote.RemoteWebDriver.findElement(RemoteWebDriver.java:315)
	at org.openqa.selenium.support.pagefactory.DefaultElementLocator.findElement(DefaultElementLocator.java:69)
	at org.openqa.selenium.support.pagefactory.internal.LocatingElementHandler.invoke(LocatingElementHandler.java:38)
	at jdk.proxy2/jdk.proxy2.$Proxy17.click(Unknown Source)
	at page.LoginPage.clickForgotPassword(LoginPage.java:60)
	at testNgpack.VerifyForgotPasswordPage.goToForgotPasswordPage(VerifyForgotPasswordPage.java:69)
	at java.base/java.util.concurrent.ThreadPoolExecutor.runWorker(ThreadPoolExecutor.java:1136)
	at java.base/java.util.concurrent.ThreadPoolExecutor$Worker.run(ThreadPoolExecutor.java:635)
	at java.base/java.lang.Thread.run(Thread.java:833)
... Removed 21 stack frames</div></td></tr></table><p class="totop"><a href="#summary">back to summary</a></p>
<h3 id="m48">testNgpack.VerifyForgotPasswordPage#verifyTheTextPresentOnForgotPasswordPage</h3><table class="result"><tr><th>Exception</th></tr><tr><td><div class="stacktrace">org.openqa.selenium.NoSuchWindowException: no such window: target window already closed
from unknown error: web view not found
  (Session info: chrome=111.0.5563.147)
Build info: version: &apos;3.141.59&apos;, revision: &apos;e82be7d358&apos;, time: &apos;2018-11-14T08:17:03&apos;
System info: host: &apos;DESKTOP-ADC0TJP&apos;, ip: &apos;172.17.48.1&apos;, os.name: &apos;Windows 10&apos;, os.arch: &apos;amd64&apos;, os.version: &apos;10.0&apos;, java.version: &apos;17.0.5&apos;
Driver info: org.openqa.selenium.chrome.ChromeDriver
Capabilities {acceptInsecureCerts: false, browserName: chrome, browserVersion: 111.0.5563.147, chrome: {chromedriverVersion: 110.0.5481.77 (65ed616c6e8e..., userDataDir: C:\Users\hp\AppData\Local\T...}, goog:chromeOptions: {debuggerAddress: localhost:55734}, javascriptEnabled: true, networkConnectionEnabled: false, pageLoadStrategy: normal, platform: WINDOWS, platformName: WINDOWS, proxy: Proxy(), setWindowRect: true, strictFileInteractability: false, timeouts: {implicit: 0, pageLoad: 300000, script: 30000}, unhandledPromptBehavior: dismiss and notify, webauthn:extension:credBlob: true, webauthn:extension:largeBlob: true, webauthn:virtualAuthenticators: true}
Session ID: 0001ad49809467ee6b590828db4658b2
*** Element info: {Using=xpath, value= //a[text()=&apos;Forgotten password?&apos;]}
	at org.openqa.selenium.remote.http.W3CHttpResponseCodec.createException(W3CHttpResponseCodec.java:187)
	at org.openqa.selenium.remote.http.W3CHttpResponseCodec.decode(W3CHttpResponseCodec.java:122)
	at org.openqa.selenium.remote.http.W3CHttpResponseCodec.decode(W3CHttpResponseCodec.java:49)
	at org.openqa.selenium.remote.HttpCommandExecutor.execute(HttpCommandExecutor.java:158)
	at org.openqa.selenium.remote.service.DriverCommandExecutor.execute(DriverCommandExecutor.java:83)
	at org.openqa.selenium.remote.RemoteWebDriver.execute(RemoteWebDriver.java:552)
	at org.openqa.selenium.remote.RemoteWebDriver.findElement(RemoteWebDriver.java:323)
	at org.openqa.selenium.remote.RemoteWebDriver.findElementByXPath(RemoteWebDriver.java:428)
	at org.openqa.selenium.By$ByXPath.findElement(By.java:353)
	at org.openqa.selenium.remote.RemoteWebDriver.findElement(RemoteWebDriver.java:315)
	at org.openqa.selenium.support.pagefactory.DefaultElementLocator.findElement(DefaultElementLocator.java:69)
	at org.openqa.selenium.support.pagefactory.internal.LocatingElementHandler.invoke(LocatingElementHandler.java:38)
	at jdk.proxy2/jdk.proxy2.$Proxy17.click(Unknown Source)
	at page.LoginPage.clickForgotPassword(LoginPage.java:60)
	at testNgpack.VerifyForgotPasswordPage.goToForgotPasswordPage(VerifyForgotPasswordPage.java:69)
	at java.base/java.util.concurrent.ThreadPoolExecutor.runWorker(ThreadPoolExecutor.java:1136)
	at java.base/java.util.concurrent.ThreadPoolExecutor$Worker.run(ThreadPoolExecutor.java:635)
	at java.base/java.lang.Thread.run(Thread.java:833)
... Removed 21 stack frames</div></td></tr></table><p class="totop"><a href="#summary">back to summary</a></p>
<h3 id="m49">testNgpack.VerifyLoginButton#clickOnLoginButton</h3><table class="result"><tr><th>Exception</th></tr><tr><td><div class="stacktrace">org.openqa.selenium.WebDriverException: disconnected: received Inspector.detached event
  (failed to check if window was closed: disconnected: Unable to receive message from renderer)
  (Session info: chrome=111.0.5563.147)
Build info: version: &apos;3.141.59&apos;, revision: &apos;e82be7d358&apos;, time: &apos;2018-11-14T08:17:03&apos;
System info: host: &apos;DESKTOP-ADC0TJP&apos;, ip: &apos;172.17.48.1&apos;, os.name: &apos;Windows 10&apos;, os.arch: &apos;amd64&apos;, os.version: &apos;10.0&apos;, java.version: &apos;17.0.5&apos;
Driver info: org.openqa.selenium.chrome.ChromeDriver
Capabilities {acceptInsecureCerts: false, browserName: chrome, browserVersion: 111.0.5563.147, chrome: {chromedriverVersion: 110.0.5481.77 (65ed616c6e8e..., userDataDir: C:\Users\hp\AppData\Local\T...}, goog:chromeOptions: {debuggerAddress: localhost:55773}, javascriptEnabled: true, networkConnectionEnabled: false, pageLoadStrategy: normal, platform: WINDOWS, platformName: WINDOWS, proxy: Proxy(), setWindowRect: true, strictFileInteractability: false, timeouts: {implicit: 0, pageLoad: 300000, script: 30000}, unhandledPromptBehavior: dismiss and notify, webauthn:extension:credBlob: true, webauthn:extension:largeBlob: true, webauthn:virtualAuthenticators: true}
Session ID: 95d0883ed689d17ed3d0bac61117d029
	at org.openqa.selenium.remote.http.W3CHttpResponseCodec.createException(W3CHttpResponseCodec.java:187)
	at org.openqa.selenium.remote.http.W3CHttpResponseCodec.decode(W3CHttpResponseCodec.java:122)
	at org.openqa.selenium.remote.http.W3CHttpResponseCodec.decode(W3CHttpResponseCodec.java:49)
	at org.openqa.selenium.remote.HttpCommandExecutor.execute(HttpCommandExecutor.java:158)
	at org.openqa.selenium.remote.service.DriverCommandExecutor.execute(DriverCommandExecutor.java:83)
	at org.openqa.selenium.remote.RemoteWebDriver.execute(RemoteWebDriver.java:552)
	at org.openqa.selenium.remote.RemoteWebDriver.get(RemoteWebDriver.java:277)
	at testNgpack.VerifyLoginButton.goToLoginPage(VerifyLoginButton.java:61)
	at java.base/java.util.concurrent.ThreadPoolExecutor.runWorker(ThreadPoolExecutor.java:1136)
	at java.base/java.util.concurrent.ThreadPoolExecutor$Worker.run(ThreadPoolExecutor.java:635)
	at java.base/java.lang.Thread.run(Thread.java:833)
... Removed 21 stack frames</div></td></tr></table><p class="totop"><a href="#summary">back to summary</a></p>
<h3 id="m50">testNgpack.VerifyLoginButton#verifyNullEmailPasswordLoginPage</h3><table class="result"><tr><th>Exception</th></tr><tr><td><div class="stacktrace">org.openqa.selenium.WebDriverException: disconnected: received Inspector.detached event
  (failed to check if window was closed: disconnected: Unable to receive message from renderer)
  (Session info: chrome=111.0.5563.147)
Build info: version: &apos;3.141.59&apos;, revision: &apos;e82be7d358&apos;, time: &apos;2018-11-14T08:17:03&apos;
System info: host: &apos;DESKTOP-ADC0TJP&apos;, ip: &apos;172.17.48.1&apos;, os.name: &apos;Windows 10&apos;, os.arch: &apos;amd64&apos;, os.version: &apos;10.0&apos;, java.version: &apos;17.0.5&apos;
Driver info: org.openqa.selenium.chrome.ChromeDriver
Capabilities {acceptInsecureCerts: false, browserName: chrome, browserVersion: 111.0.5563.147, chrome: {chromedriverVersion: 110.0.5481.77 (65ed616c6e8e..., userDataDir: C:\Users\hp\AppData\Local\T...}, goog:chromeOptions: {debuggerAddress: localhost:55773}, javascriptEnabled: true, networkConnectionEnabled: false, pageLoadStrategy: normal, platform: WINDOWS, platformName: WINDOWS, proxy: Proxy(), setWindowRect: true, strictFileInteractability: false, timeouts: {implicit: 0, pageLoad: 300000, script: 30000}, unhandledPromptBehavior: dismiss and notify, webauthn:extension:credBlob: true, webauthn:extension:largeBlob: true, webauthn:virtualAuthenticators: true}
Session ID: 95d0883ed689d17ed3d0bac61117d029
	at org.openqa.selenium.remote.http.W3CHttpResponseCodec.createException(W3CHttpResponseCodec.java:187)
	at org.openqa.selenium.remote.http.W3CHttpResponseCodec.decode(W3CHttpResponseCodec.java:122)
	at org.openqa.selenium.remote.http.W3CHttpResponseCodec.decode(W3CHttpResponseCodec.java:49)
	at org.openqa.selenium.remote.HttpCommandExecutor.execute(HttpCommandExecutor.java:158)
	at org.openqa.selenium.remote.service.DriverCommandExecutor.execute(DriverCommandExecutor.java:83)
	at org.openqa.selenium.remote.RemoteWebDriver.execute(RemoteWebDriver.java:552)
	at org.openqa.selenium.remote.RemoteWebDriver.get(RemoteWebDriver.java:277)
	at testNgpack.VerifyLoginButton.goToLoginPage(VerifyLoginButton.java:61)
	at java.base/java.util.concurrent.ThreadPoolExecutor.runWorker(ThreadPoolExecutor.java:1136)
	at java.base/java.util.concurrent.ThreadPoolExecutor$Worker.run(ThreadPoolExecutor.java:635)
	at java.base/java.lang.Thread.run(Thread.java:833)
... Removed 21 stack frames</div></td></tr></table><p class="totop"><a href="#summary">back to summary</a></p>
<h3 id="m51">testNgpack.VerifySignUpPage#verifySignUpButtonOnSignUpPage</h3><table class="result"><tr><th>Exception</th></tr><tr><td><div class="stacktrace">org.openqa.selenium.WebDriverException: java.net.ConnectException: Failed to connect to localhost/[0:0:0:0:0:0:0:1]:14692
Build info: version: &apos;3.141.59&apos;, revision: &apos;e82be7d358&apos;, time: &apos;2018-11-14T08:17:03&apos;
System info: host: &apos;DESKTOP-ADC0TJP&apos;, ip: &apos;172.17.48.1&apos;, os.name: &apos;Windows 10&apos;, os.arch: &apos;amd64&apos;, os.version: &apos;10.0&apos;, java.version: &apos;17.0.5&apos;
Driver info: driver.version: RemoteWebDriver
	at org.openqa.selenium.remote.service.DriverCommandExecutor.execute(DriverCommandExecutor.java:92)
	at org.openqa.selenium.remote.RemoteWebDriver.execute(RemoteWebDriver.java:552)
	at org.openqa.selenium.remote.RemoteWebDriver.get(RemoteWebDriver.java:277)
	at testNgpack.VerifySignUpPage.goToSignUpPage(VerifySignUpPage.java:62)
	at java.base/java.util.concurrent.ThreadPoolExecutor.runWorker(ThreadPoolExecutor.java:1136)
	at java.base/java.util.concurrent.ThreadPoolExecutor$Worker.run(ThreadPoolExecutor.java:635)
	at java.base/java.lang.Thread.run(Thread.java:833)
Caused by: java.net.ConnectException: Failed to connect to localhost/[0:0:0:0:0:0:0:1]:14692
	at okhttp3.internal.connection.RealConnection.connectSocket(RealConnection.java:247)
	at okhttp3.internal.connection.RealConnection.connect(RealConnection.java:165)
	at okhttp3.internal.connection.StreamAllocation.findConnection(StreamAllocation.java:257)
	at okhttp3.internal.connection.StreamAllocation.findHealthyConnection(StreamAllocation.java:135)
	at okhttp3.internal.connection.StreamAllocation.newStream(StreamAllocation.java:114)
	at okhttp3.internal.connection.ConnectInterceptor.intercept(ConnectInterceptor.java:42)
	at okhttp3.internal.http.RealInterceptorChain.proceed(RealInterceptorChain.java:147)
	at okhttp3.internal.http.RealInterceptorChain.proceed(RealInterceptorChain.java:121)
	at okhttp3.internal.cache.CacheInterceptor.intercept(CacheInterceptor.java:93)
	at okhttp3.internal.http.RealInterceptorChain.proceed(RealInterceptorChain.java:147)
	at okhttp3.internal.http.RealInterceptorChain.proceed(RealInterceptorChain.java:121)
	at okhttp3.internal.http.BridgeInterceptor.intercept(BridgeInterceptor.java:93)
	at okhttp3.internal.http.RealInterceptorChain.proceed(RealInterceptorChain.java:147)
	at okhttp3.internal.http.RetryAndFollowUpInterceptor.intercept(RetryAndFollowUpInterceptor.java:126)
	at okhttp3.internal.http.RealInterceptorChain.proceed(RealInterceptorChain.java:147)
	at okhttp3.internal.http.RealInterceptorChain.proceed(RealInterceptorChain.java:121)
	at okhttp3.RealCall.getResponseWithInterceptorChain(RealCall.java:200)
	at okhttp3.RealCall.execute(RealCall.java:77)
	at org.openqa.selenium.remote.internal.OkHttpClient.execute(OkHttpClient.java:103)
	at org.openqa.selenium.remote.HttpCommandExecutor.execute(HttpCommandExecutor.java:155)
	at org.openqa.selenium.remote.service.DriverCommandExecutor.execute(DriverCommandExecutor.java:83)
	... 22 more
Caused by: java.net.ConnectException: Connection refused: no further information
	at java.base/sun.nio.ch.Net.pollConnect(Native Method)
	at java.base/sun.nio.ch.Net.pollConnectNow(Net.java:672)
	at java.base/sun.nio.ch.NioSocketImpl.timedFinishConnect(NioSocketImpl.java:542)
	at java.base/sun.nio.ch.NioSocketImpl.connect(NioSocketImpl.java:597)
	at java.base/java.net.SocksSocketImpl.connect(SocksSocketImpl.java:327)
	at java.base/java.net.Socket.connect(Socket.java:633)
	at okhttp3.internal.platform.Platform.connectSocket(Platform.java:129)
	at okhttp3.internal.connection.RealConnection.connectSocket(RealConnection.java:245)
	... 42 more
... Removed 16 stack frames</div></td></tr></table><p class="totop"><a href="#summary">back to summary</a></p>
</body>
</html>
