<!DOCTYPE html>

<html>
  <head>
  <meta charset='utf-8'>
  <title>TestNG reports</title>

    <link type="text/css" href="testng-reports1.css" rel="stylesheet" id="ultra" />
    <link type="text/css" href="testng-reports.css" rel="stylesheet" id="retro" disabled="false"/>
    <script type="text/javascript" src="jquery.min.js"></script>
    <script type="text/javascript" src="testng-reports.js"></script>
    <script type="text/javascript" src="https://www.google.com/jsapi"></script>
    <script type='text/javascript'>
      google.load('visualization', '1', {packages:['table']});
      google.setOnLoadCallback(drawTable);
      var suiteTableInitFunctions = new Array();
      var suiteTableData = new Array();
    </script>
    <!--
      <script type="text/javascript" src="jquery-ui/js/jquery-ui-1.8.16.custom.min.js"></script>
     -->
  </head>

  <body>
    <div class="top-banner-root">
      <span class="top-banner-title-font">Test results</span>
      <button id="button" class="button">Switch Retro Theme</button> <!-- button -->
      <br/>
      <span class="top-banner-font-1">1 suite</span>
    </div> <!-- top-banner-root -->
    <div class="navigator-root">
      <div class="navigator-suite-header">
        <span>All suites</span>
        <a href="#" title="Collapse/expand all the suites" class="collapse-all-link">
          <img src="collapseall.gif" class="collapse-all-icon">
          </img> <!-- collapse-all-icon -->
        </a> <!-- collapse-all-link -->
      </div> <!-- navigator-suite-header -->
      <div class="suite">
        <div class="rounded-window">
          <div class="suite-header light-rounded-window-top">
            <a href="#" panel-name="suite-Suite1234" class="navigator-link">
              <span class="suite-name border-skipped">Suite1234</span>
            </a> <!-- navigator-link -->
          </div> <!-- suite-header light-rounded-window-top -->
          <div class="navigator-suite-content">
            <div class="suite-section-title">
              <span>Info</span>
            </div> <!-- suite-section-title -->
            <div class="suite-section-content">
              <ul>
                <li>
                  <a href="#" panel-name="test-xml-Suite1234" class="navigator-link ">
                    <span>C:\Users\hp\eclipse-workspace\Maven_facebook\RegressionSuit.xml</span>
                  </a> <!-- navigator-link  -->
                </li>
                <li>
                  <a href="#" panel-name="testlist-Suite1234" class="navigator-link ">
                    <span class="test-stats">2 tests</span>
                  </a> <!-- navigator-link  -->
                </li>
                <li>
                  <a href="#" panel-name="group-Suite1234" class="navigator-link ">
                    <span>0 groups</span>
                  </a> <!-- navigator-link  -->
                </li>
                <li>
                  <a href="#" panel-name="times-Suite1234" class="navigator-link ">
                    <span>Times</span>
                  </a> <!-- navigator-link  -->
                </li>
                <li>
                  <a href="#" panel-name="reporter-Suite1234" class="navigator-link ">
                    <span>Reporter output</span>
                  </a> <!-- navigator-link  -->
                </li>
                <li>
                  <a href="#" panel-name="ignored-methods-Suite1234" class="navigator-link ">
                    <span>Ignored methods</span>
                  </a> <!-- navigator-link  -->
                </li>
                <li>
                  <a href="#" panel-name="chronological-Suite1234" class="navigator-link ">
                    <span>Chronological view</span>
                  </a> <!-- navigator-link  -->
                </li>
              </ul>
            </div> <!-- suite-section-content -->
            <div class="result-section">
              <div class="suite-section-title">
                <span>Results</span>
              </div> <!-- suite-section-title -->
              <div class="suite-section-content">
                <ul>
                  <li>
                    <span class="method-stats">12 methods,  12 skipped,  </span>
                  </li>
                  <li>
                    <span class="method-list-title skipped">Skipped methods</span>
                    <span class="show-or-hide-methods skipped">
                      <a href="#" panel-name="suite-Suite1234" class="hide-methods skipped suite-Suite1234"> (hide)</a> <!-- hide-methods skipped suite-Suite1234 -->
                      <a href="#" panel-name="suite-Suite1234" class="show-methods skipped suite-Suite1234"> (show)</a> <!-- show-methods skipped suite-Suite1234 -->
                    </span>
                    <div class="method-list-content skipped suite-Suite1234">
                      <span>
                        <img src="skipped.png" width="3%"/>
                        <a href="#" panel-name="suite-Suite1234" title="testNgpack.VerifyLoginButton" class="method navigator-link" hash-for-method="clickOnLoginButton">clickOnLoginButton</a> <!-- method navigator-link -->
                      </span>
                      <br/>
                      <span>
                        <img src="skipped.png" width="3%"/>
                        <a href="#" panel-name="suite-Suite1234" title="testNgpack.VerifyLoginButton" class="method navigator-link" hash-for-method="clickOnLoginButton">clickOnLoginButton</a> <!-- method navigator-link -->
                      </span>
                      <br/>
                      <span>
                        <img src="skipped.png" width="3%"/>
                        <a href="#" panel-name="suite-Suite1234" title="testNgpack.VerifyForgotPasswordPage" class="method navigator-link" hash-for-method="verifyCancelButtonOfForgotPasswordPage">verifyCancelButtonOfForgotPasswordPage</a> <!-- method navigator-link -->
                      </span>
                      <br/>
                      <span>
                        <img src="skipped.png" width="3%"/>
                        <a href="#" panel-name="suite-Suite1234" title="testNgpack.VerifyForgotPasswordPage" class="method navigator-link" hash-for-method="verifyCancelButtonOfForgotPasswordPage">verifyCancelButtonOfForgotPasswordPage</a> <!-- method navigator-link -->
                      </span>
                      <br/>
                      <span>
                        <img src="skipped.png" width="3%"/>
                        <a href="#" panel-name="suite-Suite1234" title="testNgpack.VerifyLoginButton" class="method navigator-link" hash-for-method="verifyNullEmailPasswordLoginPage">verifyNullEmailPasswordLoginPage</a> <!-- method navigator-link -->
                      </span>
                      <br/>
                      <span>
                        <img src="skipped.png" width="3%"/>
                        <a href="#" panel-name="suite-Suite1234" title="testNgpack.VerifyLoginButton" class="method navigator-link" hash-for-method="verifyNullEmailPasswordLoginPage">verifyNullEmailPasswordLoginPage</a> <!-- method navigator-link -->
                      </span>
                      <br/>
                      <span>
                        <img src="skipped.png" width="3%"/>
                        <a href="#" panel-name="suite-Suite1234" title="testNgpack.VerifyForgotPasswordPage" class="method navigator-link" hash-for-method="verifySearchButtonOnForgotPasswordPage">verifySearchButtonOnForgotPasswordPage</a> <!-- method navigator-link -->
                      </span>
                      <br/>
                      <span>
                        <img src="skipped.png" width="3%"/>
                        <a href="#" panel-name="suite-Suite1234" title="testNgpack.VerifyForgotPasswordPage" class="method navigator-link" hash-for-method="verifySearchButtonOnForgotPasswordPage">verifySearchButtonOnForgotPasswordPage</a> <!-- method navigator-link -->
                      </span>
                      <br/>
                      <span>
                        <img src="skipped.png" width="3%"/>
                        <a href="#" panel-name="suite-Suite1234" title="testNgpack.VerifySignUpPage" class="method navigator-link" hash-for-method="verifySignUpButtonOnSignUpPage">verifySignUpButtonOnSignUpPage</a> <!-- method navigator-link -->
                      </span>
                      <br/>
                      <span>
                        <img src="skipped.png" width="3%"/>
                        <a href="#" panel-name="suite-Suite1234" title="testNgpack.VerifySignUpPage" class="method navigator-link" hash-for-method="verifySignUpButtonOnSignUpPage">verifySignUpButtonOnSignUpPage</a> <!-- method navigator-link -->
                      </span>
                      <br/>
                      <span>
                        <img src="skipped.png" width="3%"/>
                        <a href="#" panel-name="suite-Suite1234" title="testNgpack.VerifyForgotPasswordPage" class="method navigator-link" hash-for-method="verifyTheTextPresentOnForgotPasswordPage">verifyTheTextPresentOnForgotPasswordPage</a> <!-- method navigator-link -->
                      </span>
                      <br/>
                      <span>
                        <img src="skipped.png" width="3%"/>
                        <a href="#" panel-name="suite-Suite1234" title="testNgpack.VerifyForgotPasswordPage" class="method navigator-link" hash-for-method="verifyTheTextPresentOnForgotPasswordPage">verifyTheTextPresentOnForgotPasswordPage</a> <!-- method navigator-link -->
                      </span>
                      <br/>
                    </div> <!-- method-list-content skipped suite-Suite1234 -->
                  </li>
                </ul>
              </div> <!-- suite-section-content -->
            </div> <!-- result-section -->
          </div> <!-- navigator-suite-content -->
        </div> <!-- rounded-window -->
      </div> <!-- suite -->
    </div> <!-- navigator-root -->
    <div class="wrapper">
      <div class="main-panel-root">
        <div panel-name="suite-Suite1234" class="panel Suite1234">
          <div class="suite-Suite1234-class-skipped">
            <div class="main-panel-header rounded-window-top">
              <img src="skipped.png"/>
              <span class="class-name">testNgpack.VerifyForgotPasswordPage</span>
            </div> <!-- main-panel-header rounded-window-top -->
            <div class="main-panel-content rounded-window-bottom">
              <div class="method">
                <div class="method-content">
                  <a name="verifyCancelButtonOfForgotPasswordPage">
                  </a> <!-- verifyCancelButtonOfForgotPasswordPage -->
                  <span class="method-name">verifyCancelButtonOfForgotPasswordPage</span>
                  <div class="stack-trace">org.openqa.selenium.WebDriverException: disconnected: received Inspector.detached event
  (failed to check if window was closed: disconnected: not connected to DevTools)
  (Session info: MicrosoftEdge=111.0.1661.62)
Build info: version: &apos;3.141.59&apos;, revision: &apos;e82be7d358&apos;, time: &apos;2018-11-14T08:17:03&apos;
System info: host: &apos;DESKTOP-ADC0TJP&apos;, ip: &apos;172.17.48.1&apos;, os.name: &apos;Windows 10&apos;, os.arch: &apos;amd64&apos;, os.version: &apos;10.0&apos;, java.version: &apos;17.0.5&apos;
Driver info: driver.version: EdgeDriver
remote stacktrace: Backtrace:
	Microsoft::Applications::Events::EventProperties::SetProperty [0x00007FF6A59CA5C2+12658]
	Microsoft::Applications::Events::EventProperty::EventProperty [0x00007FF6A5962862+747634]
	(No symbol) [0x00007FF6A55FDD2E]
	(No symbol) [0x00007FF6A55EB70C]
	(No symbol) [0x00007FF6A55EAC38]
	(No symbol) [0x00007FF6A55E9DA4]
	(No symbol) [0x00007FF6A55E9CBC]
	(No symbol) [0x00007FF6A55E86D3]
	(No symbol) [0x00007FF6A55E8E36]
	(No symbol) [0x00007FF6A55E78E6]
	(No symbol) [0x00007FF6A55F55CD]
	(No symbol) [0x00007FF6A55E7692]
	(No symbol) [0x00007FF6A55E98D8]
	(No symbol) [0x00007FF6A55E86D3]
	(No symbol) [0x00007FF6A55E8E36]
	(No symbol) [0x00007FF6A55E78E6]
	(No symbol) [0x00007FF6A55F23D4]
	(No symbol) [0x00007FF6A55E7692]
	(No symbol) [0x00007FF6A55E98D8]
	(No symbol) [0x00007FF6A55E86D3]
	(No symbol) [0x00007FF6A55E8E36]
	(No symbol) [0x00007FF6A55E78E6]
	(No symbol) [0x00007FF6A55EF7B1]
	(No symbol) [0x00007FF6A55E7692]
	(No symbol) [0x00007FF6A55E98D8]
	(No symbol) [0x00007FF6A55E86D3]
	(No symbol) [0x00007FF6A55E8E36]
	(No symbol) [0x00007FF6A55E78E6]
	(No symbol) [0x00007FF6A55DE45A]
	(No symbol) [0x00007FF6A55E7692]
	(No symbol) [0x00007FF6A55E6AA1]
	(No symbol) [0x00007FF6A55E675F]
	(No symbol) [0x00007FF6A55FF44B]
	(No symbol) [0x00007FF6A55D6EA7]
	(No symbol) [0x00007FF6A55D5DF3]
	(No symbol) [0x00007FF6A5667316]
	(No symbol) [0x00007FF6A565F1C3]
	(No symbol) [0x00007FF6A56317D6]
	(No symbol) [0x00007FF6A56309B5]
	(No symbol) [0x00007FF6A5631F44]
	Microsoft::Applications::Events::EventProperties::SetProperty [0x00007FF6A5875530+147088]
	(No symbol) [0x00007FF6A57191A6]
	Microsoft::Applications::Events::EventProperty::EventProperty [0x00007FF6A58B4497+33959]
	Microsoft::Applications::Events::EventProperty::EventProperty [0x00007FF6A58B7F65+49013]
	Microsoft::Applications::Events::ILogManager::DispatchEventBroadcast [0x00007FF6A5BA9933+1305299]
	Microsoft::Applications::Events::EventProperty::EventProperty [0x00007FF6A596AE1C+781868]
	Microsoft::Applications::Events::EventProperty::EventProperty [0x00007FF6A5970344+803668]
	Microsoft::Applications::Events::EventProperty::EventProperty [0x00007FF6A597049C+804012]
	Microsoft::Applications::Events::EventProperty::EventProperty [0x00007FF6A59785A1+837041]
	BaseThreadInitThunk [0x00007FF995B07614+20]
	RtlUserThreadStart [0x00007FF996C826A1+33]

	at org.openqa.selenium.remote.W3CHandshakeResponse.lambda$errorHandler$0(W3CHandshakeResponse.java:62)
	at org.openqa.selenium.remote.HandshakeResponse.lambda$getResponseFunction$0(HandshakeResponse.java:30)
	at org.openqa.selenium.remote.ProtocolHandshake.lambda$createSession$0(ProtocolHandshake.java:126)
	at java.base/java.util.stream.ReferencePipeline$3$1.accept(ReferencePipeline.java:197)
	at java.base/java.util.Spliterators$ArraySpliterator.tryAdvance(Spliterators.java:1002)
	at java.base/java.util.stream.ReferencePipeline.forEachWithCancel(ReferencePipeline.java:129)
	at java.base/java.util.stream.AbstractPipeline.copyIntoWithCancel(AbstractPipeline.java:527)
	at java.base/java.util.stream.AbstractPipeline.copyInto(AbstractPipeline.java:513)
	at java.base/java.util.stream.AbstractPipeline.wrapAndCopyInto(AbstractPipeline.java:499)
	at java.base/java.util.stream.FindOps$FindOp.evaluateSequential(FindOps.java:150)
	at java.base/java.util.stream.AbstractPipeline.evaluate(AbstractPipeline.java:234)
	at java.base/java.util.stream.ReferencePipeline.findFirst(ReferencePipeline.java:647)
	at org.openqa.selenium.remote.ProtocolHandshake.createSession(ProtocolHandshake.java:128)
	at org.openqa.selenium.remote.ProtocolHandshake.createSession(ProtocolHandshake.java:74)
	at org.openqa.selenium.remote.HttpCommandExecutor.execute(HttpCommandExecutor.java:136)
	at org.openqa.selenium.remote.service.DriverCommandExecutor.execute(DriverCommandExecutor.java:83)
	at org.openqa.selenium.remote.RemoteWebDriver.execute(RemoteWebDriver.java:552)
	at org.openqa.selenium.remote.RemoteWebDriver.startSession(RemoteWebDriver.java:213)
	at org.openqa.selenium.remote.RemoteWebDriver.&lt;init&gt;(RemoteWebDriver.java:131)
	at org.openqa.selenium.edge.EdgeDriver.&lt;init&gt;(EdgeDriver.java:141)
	at org.openqa.selenium.edge.EdgeDriver.&lt;init&gt;(EdgeDriver.java:96)
	at browserSetup.Base.openEdgeBrowser(Base.java:19)
	at testNgpack.VerifySignUpPage.openBrowser(VerifySignUpPage.java:43)
	at java.base/java.util.concurrent.FutureTask.run(FutureTask.java:264)
	at java.base/java.util.concurrent.ThreadPoolExecutor.runWorker(ThreadPoolExecutor.java:1136)
	at java.base/java.util.concurrent.ThreadPoolExecutor$Worker.run(ThreadPoolExecutor.java:635)
	at java.base/java.lang.Thread.run(Thread.java:833)
... Removed 20 stack frames
</div> <!-- stack-trace -->
                </div> <!-- method-content -->
              </div> <!-- method -->
              <div class="method">
                <div class="method-content">
                  <a name="verifyCancelButtonOfForgotPasswordPage">
                  </a> <!-- verifyCancelButtonOfForgotPasswordPage -->
                  <span class="method-name">verifyCancelButtonOfForgotPasswordPage</span>
                  <div class="stack-trace">org.openqa.selenium.NoSuchWindowException: no such window: target window already closed
from unknown error: web view not found
  (Session info: chrome=111.0.5563.147)
Build info: version: &apos;3.141.59&apos;, revision: &apos;e82be7d358&apos;, time: &apos;2018-11-14T08:17:03&apos;
System info: host: &apos;DESKTOP-ADC0TJP&apos;, ip: &apos;172.17.48.1&apos;, os.name: &apos;Windows 10&apos;, os.arch: &apos;amd64&apos;, os.version: &apos;10.0&apos;, java.version: &apos;17.0.5&apos;
Driver info: org.openqa.selenium.chrome.ChromeDriver
Capabilities {acceptInsecureCerts: false, browserName: chrome, browserVersion: 111.0.5563.147, chrome: {chromedriverVersion: 110.0.5481.77 (65ed616c6e8e..., userDataDir: C:\Users\hp\AppData\Local\T...}, goog:chromeOptions: {debuggerAddress: localhost:55734}, javascriptEnabled: true, networkConnectionEnabled: false, pageLoadStrategy: normal, platform: WINDOWS, platformName: WINDOWS, proxy: Proxy(), setWindowRect: true, strictFileInteractability: false, timeouts: {implicit: 0, pageLoad: 300000, script: 30000}, unhandledPromptBehavior: dismiss and notify, webauthn:extension:credBlob: true, webauthn:extension:largeBlob: true, webauthn:virtualAuthenticators: true}
Session ID: 0001ad49809467ee6b590828db4658b2
*** Element info: {Using=xpath, value= //a[text()=&apos;Forgotten password?&apos;]}
	at org.openqa.selenium.remote.http.W3CHttpResponseCodec.createException(W3CHttpResponseCodec.java:187)
	at org.openqa.selenium.remote.http.W3CHttpResponseCodec.decode(W3CHttpResponseCodec.java:122)
	at org.openqa.selenium.remote.http.W3CHttpResponseCodec.decode(W3CHttpResponseCodec.java:49)
	at org.openqa.selenium.remote.HttpCommandExecutor.execute(HttpCommandExecutor.java:158)
	at org.openqa.selenium.remote.service.DriverCommandExecutor.execute(DriverCommandExecutor.java:83)
	at org.openqa.selenium.remote.RemoteWebDriver.execute(RemoteWebDriver.java:552)
	at org.openqa.selenium.remote.RemoteWebDriver.findElement(RemoteWebDriver.java:323)
	at org.openqa.selenium.remote.RemoteWebDriver.findElementByXPath(RemoteWebDriver.java:428)
	at org.openqa.selenium.By$ByXPath.findElement(By.java:353)
	at org.openqa.selenium.remote.RemoteWebDriver.findElement(RemoteWebDriver.java:315)
	at org.openqa.selenium.support.pagefactory.DefaultElementLocator.findElement(DefaultElementLocator.java:69)
	at org.openqa.selenium.support.pagefactory.internal.LocatingElementHandler.invoke(LocatingElementHandler.java:38)
	at jdk.proxy2/jdk.proxy2.$Proxy17.click(Unknown Source)
	at page.LoginPage.clickForgotPassword(LoginPage.java:60)
	at testNgpack.VerifyForgotPasswordPage.goToForgotPasswordPage(VerifyForgotPasswordPage.java:69)
	at java.base/java.util.concurrent.ThreadPoolExecutor.runWorker(ThreadPoolExecutor.java:1136)
	at java.base/java.util.concurrent.ThreadPoolExecutor$Worker.run(ThreadPoolExecutor.java:635)
	at java.base/java.lang.Thread.run(Thread.java:833)
... Removed 21 stack frames
</div> <!-- stack-trace -->
                </div> <!-- method-content -->
              </div> <!-- method -->
              <div class="method">
                <div class="method-content">
                  <a name="verifySearchButtonOnForgotPasswordPage">
                  </a> <!-- verifySearchButtonOnForgotPasswordPage -->
                  <span class="method-name">verifySearchButtonOnForgotPasswordPage</span>
                  <div class="stack-trace">org.openqa.selenium.WebDriverException: disconnected: received Inspector.detached event
  (failed to check if window was closed: disconnected: not connected to DevTools)
  (Session info: MicrosoftEdge=111.0.1661.62)
Build info: version: &apos;3.141.59&apos;, revision: &apos;e82be7d358&apos;, time: &apos;2018-11-14T08:17:03&apos;
System info: host: &apos;DESKTOP-ADC0TJP&apos;, ip: &apos;172.17.48.1&apos;, os.name: &apos;Windows 10&apos;, os.arch: &apos;amd64&apos;, os.version: &apos;10.0&apos;, java.version: &apos;17.0.5&apos;
Driver info: driver.version: EdgeDriver
remote stacktrace: Backtrace:
	Microsoft::Applications::Events::EventProperties::SetProperty [0x00007FF6A59CA5C2+12658]
	Microsoft::Applications::Events::EventProperty::EventProperty [0x00007FF6A5962862+747634]
	(No symbol) [0x00007FF6A55FDD2E]
	(No symbol) [0x00007FF6A55EB70C]
	(No symbol) [0x00007FF6A55EAC38]
	(No symbol) [0x00007FF6A55E9DA4]
	(No symbol) [0x00007FF6A55E9CBC]
	(No symbol) [0x00007FF6A55E86D3]
	(No symbol) [0x00007FF6A55E8E36]
	(No symbol) [0x00007FF6A55E78E6]
	(No symbol) [0x00007FF6A55F55CD]
	(No symbol) [0x00007FF6A55E7692]
	(No symbol) [0x00007FF6A55E98D8]
	(No symbol) [0x00007FF6A55E86D3]
	(No symbol) [0x00007FF6A55E8E36]
	(No symbol) [0x00007FF6A55E78E6]
	(No symbol) [0x00007FF6A55F23D4]
	(No symbol) [0x00007FF6A55E7692]
	(No symbol) [0x00007FF6A55E98D8]
	(No symbol) [0x00007FF6A55E86D3]
	(No symbol) [0x00007FF6A55E8E36]
	(No symbol) [0x00007FF6A55E78E6]
	(No symbol) [0x00007FF6A55EF7B1]
	(No symbol) [0x00007FF6A55E7692]
	(No symbol) [0x00007FF6A55E98D8]
	(No symbol) [0x00007FF6A55E86D3]
	(No symbol) [0x00007FF6A55E8E36]
	(No symbol) [0x00007FF6A55E78E6]
	(No symbol) [0x00007FF6A55DE45A]
	(No symbol) [0x00007FF6A55E7692]
	(No symbol) [0x00007FF6A55E6AA1]
	(No symbol) [0x00007FF6A55E675F]
	(No symbol) [0x00007FF6A55FF44B]
	(No symbol) [0x00007FF6A55D6EA7]
	(No symbol) [0x00007FF6A55D5DF3]
	(No symbol) [0x00007FF6A5667316]
	(No symbol) [0x00007FF6A565F1C3]
	(No symbol) [0x00007FF6A56317D6]
	(No symbol) [0x00007FF6A56309B5]
	(No symbol) [0x00007FF6A5631F44]
	Microsoft::Applications::Events::EventProperties::SetProperty [0x00007FF6A5875530+147088]
	(No symbol) [0x00007FF6A57191A6]
	Microsoft::Applications::Events::EventProperty::EventProperty [0x00007FF6A58B4497+33959]
	Microsoft::Applications::Events::EventProperty::EventProperty [0x00007FF6A58B7F65+49013]
	Microsoft::Applications::Events::ILogManager::DispatchEventBroadcast [0x00007FF6A5BA9933+1305299]
	Microsoft::Applications::Events::EventProperty::EventProperty [0x00007FF6A596AE1C+781868]
	Microsoft::Applications::Events::EventProperty::EventProperty [0x00007FF6A5970344+803668]
	Microsoft::Applications::Events::EventProperty::EventProperty [0x00007FF6A597049C+804012]
	Microsoft::Applications::Events::EventProperty::EventProperty [0x00007FF6A59785A1+837041]
	BaseThreadInitThunk [0x00007FF995B07614+20]
	RtlUserThreadStart [0x00007FF996C826A1+33]

	at org.openqa.selenium.remote.W3CHandshakeResponse.lambda$errorHandler$0(W3CHandshakeResponse.java:62)
	at org.openqa.selenium.remote.HandshakeResponse.lambda$getResponseFunction$0(HandshakeResponse.java:30)
	at org.openqa.selenium.remote.ProtocolHandshake.lambda$createSession$0(ProtocolHandshake.java:126)
	at java.base/java.util.stream.ReferencePipeline$3$1.accept(ReferencePipeline.java:197)
	at java.base/java.util.Spliterators$ArraySpliterator.tryAdvance(Spliterators.java:1002)
	at java.base/java.util.stream.ReferencePipeline.forEachWithCancel(ReferencePipeline.java:129)
	at java.base/java.util.stream.AbstractPipeline.copyIntoWithCancel(AbstractPipeline.java:527)
	at java.base/java.util.stream.AbstractPipeline.copyInto(AbstractPipeline.java:513)
	at java.base/java.util.stream.AbstractPipeline.wrapAndCopyInto(AbstractPipeline.java:499)
	at java.base/java.util.stream.FindOps$FindOp.evaluateSequential(FindOps.java:150)
	at java.base/java.util.stream.AbstractPipeline.evaluate(AbstractPipeline.java:234)
	at java.base/java.util.stream.ReferencePipeline.findFirst(ReferencePipeline.java:647)
	at org.openqa.selenium.remote.ProtocolHandshake.createSession(ProtocolHandshake.java:128)
	at org.openqa.selenium.remote.ProtocolHandshake.createSession(ProtocolHandshake.java:74)
	at org.openqa.selenium.remote.HttpCommandExecutor.execute(HttpCommandExecutor.java:136)
	at org.openqa.selenium.remote.service.DriverCommandExecutor.execute(DriverCommandExecutor.java:83)
	at org.openqa.selenium.remote.RemoteWebDriver.execute(RemoteWebDriver.java:552)
	at org.openqa.selenium.remote.RemoteWebDriver.startSession(RemoteWebDriver.java:213)
	at org.openqa.selenium.remote.RemoteWebDriver.&lt;init&gt;(RemoteWebDriver.java:131)
	at org.openqa.selenium.edge.EdgeDriver.&lt;init&gt;(EdgeDriver.java:141)
	at org.openqa.selenium.edge.EdgeDriver.&lt;init&gt;(EdgeDriver.java:96)
	at browserSetup.Base.openEdgeBrowser(Base.java:19)
	at testNgpack.VerifySignUpPage.openBrowser(VerifySignUpPage.java:43)
	at java.base/java.util.concurrent.FutureTask.run(FutureTask.java:264)
	at java.base/java.util.concurrent.ThreadPoolExecutor.runWorker(ThreadPoolExecutor.java:1136)
	at java.base/java.util.concurrent.ThreadPoolExecutor$Worker.run(ThreadPoolExecutor.java:635)
	at java.base/java.lang.Thread.run(Thread.java:833)
... Removed 20 stack frames
</div> <!-- stack-trace -->
                </div> <!-- method-content -->
              </div> <!-- method -->
              <div class="method">
                <div class="method-content">
                  <a name="verifySearchButtonOnForgotPasswordPage">
                  </a> <!-- verifySearchButtonOnForgotPasswordPage -->
                  <span class="method-name">verifySearchButtonOnForgotPasswordPage</span>
                  <div class="stack-trace">org.openqa.selenium.NoSuchWindowException: no such window: target window already closed
from unknown error: web view not found
  (Session info: chrome=111.0.5563.147)
Build info: version: &apos;3.141.59&apos;, revision: &apos;e82be7d358&apos;, time: &apos;2018-11-14T08:17:03&apos;
System info: host: &apos;DESKTOP-ADC0TJP&apos;, ip: &apos;172.17.48.1&apos;, os.name: &apos;Windows 10&apos;, os.arch: &apos;amd64&apos;, os.version: &apos;10.0&apos;, java.version: &apos;17.0.5&apos;
Driver info: org.openqa.selenium.chrome.ChromeDriver
Capabilities {acceptInsecureCerts: false, browserName: chrome, browserVersion: 111.0.5563.147, chrome: {chromedriverVersion: 110.0.5481.77 (65ed616c6e8e..., userDataDir: C:\Users\hp\AppData\Local\T...}, goog:chromeOptions: {debuggerAddress: localhost:55734}, javascriptEnabled: true, networkConnectionEnabled: false, pageLoadStrategy: normal, platform: WINDOWS, platformName: WINDOWS, proxy: Proxy(), setWindowRect: true, strictFileInteractability: false, timeouts: {implicit: 0, pageLoad: 300000, script: 30000}, unhandledPromptBehavior: dismiss and notify, webauthn:extension:credBlob: true, webauthn:extension:largeBlob: true, webauthn:virtualAuthenticators: true}
Session ID: 0001ad49809467ee6b590828db4658b2
*** Element info: {Using=xpath, value= //a[text()=&apos;Forgotten password?&apos;]}
	at org.openqa.selenium.remote.http.W3CHttpResponseCodec.createException(W3CHttpResponseCodec.java:187)
	at org.openqa.selenium.remote.http.W3CHttpResponseCodec.decode(W3CHttpResponseCodec.java:122)
	at org.openqa.selenium.remote.http.W3CHttpResponseCodec.decode(W3CHttpResponseCodec.java:49)
	at org.openqa.selenium.remote.HttpCommandExecutor.execute(HttpCommandExecutor.java:158)
	at org.openqa.selenium.remote.service.DriverCommandExecutor.execute(DriverCommandExecutor.java:83)
	at org.openqa.selenium.remote.RemoteWebDriver.execute(RemoteWebDriver.java:552)
	at org.openqa.selenium.remote.RemoteWebDriver.findElement(RemoteWebDriver.java:323)
	at org.openqa.selenium.remote.RemoteWebDriver.findElementByXPath(RemoteWebDriver.java:428)
	at org.openqa.selenium.By$ByXPath.findElement(By.java:353)
	at org.openqa.selenium.remote.RemoteWebDriver.findElement(RemoteWebDriver.java:315)
	at org.openqa.selenium.support.pagefactory.DefaultElementLocator.findElement(DefaultElementLocator.java:69)
	at org.openqa.selenium.support.pagefactory.internal.LocatingElementHandler.invoke(LocatingElementHandler.java:38)
	at jdk.proxy2/jdk.proxy2.$Proxy17.click(Unknown Source)
	at page.LoginPage.clickForgotPassword(LoginPage.java:60)
	at testNgpack.VerifyForgotPasswordPage.goToForgotPasswordPage(VerifyForgotPasswordPage.java:69)
	at java.base/java.util.concurrent.ThreadPoolExecutor.runWorker(ThreadPoolExecutor.java:1136)
	at java.base/java.util.concurrent.ThreadPoolExecutor$Worker.run(ThreadPoolExecutor.java:635)
	at java.base/java.lang.Thread.run(Thread.java:833)
... Removed 21 stack frames
</div> <!-- stack-trace -->
                </div> <!-- method-content -->
              </div> <!-- method -->
              <div class="method">
                <div class="method-content">
                  <a name="verifyTheTextPresentOnForgotPasswordPage">
                  </a> <!-- verifyTheTextPresentOnForgotPasswordPage -->
                  <span class="method-name">verifyTheTextPresentOnForgotPasswordPage</span>
                  <div class="stack-trace">org.openqa.selenium.WebDriverException: disconnected: received Inspector.detached event
  (failed to check if window was closed: disconnected: not connected to DevTools)
  (Session info: MicrosoftEdge=111.0.1661.62)
Build info: version: &apos;3.141.59&apos;, revision: &apos;e82be7d358&apos;, time: &apos;2018-11-14T08:17:03&apos;
System info: host: &apos;DESKTOP-ADC0TJP&apos;, ip: &apos;172.17.48.1&apos;, os.name: &apos;Windows 10&apos;, os.arch: &apos;amd64&apos;, os.version: &apos;10.0&apos;, java.version: &apos;17.0.5&apos;
Driver info: driver.version: EdgeDriver
remote stacktrace: Backtrace:
	Microsoft::Applications::Events::EventProperties::SetProperty [0x00007FF6A59CA5C2+12658]
	Microsoft::Applications::Events::EventProperty::EventProperty [0x00007FF6A5962862+747634]
	(No symbol) [0x00007FF6A55FDD2E]
	(No symbol) [0x00007FF6A55EB70C]
	(No symbol) [0x00007FF6A55EAC38]
	(No symbol) [0x00007FF6A55E9DA4]
	(No symbol) [0x00007FF6A55E9CBC]
	(No symbol) [0x00007FF6A55E86D3]
	(No symbol) [0x00007FF6A55E8E36]
	(No symbol) [0x00007FF6A55E78E6]
	(No symbol) [0x00007FF6A55F55CD]
	(No symbol) [0x00007FF6A55E7692]
	(No symbol) [0x00007FF6A55E98D8]
	(No symbol) [0x00007FF6A55E86D3]
	(No symbol) [0x00007FF6A55E8E36]
	(No symbol) [0x00007FF6A55E78E6]
	(No symbol) [0x00007FF6A55F23D4]
	(No symbol) [0x00007FF6A55E7692]
	(No symbol) [0x00007FF6A55E98D8]
	(No symbol) [0x00007FF6A55E86D3]
	(No symbol) [0x00007FF6A55E8E36]
	(No symbol) [0x00007FF6A55E78E6]
	(No symbol) [0x00007FF6A55EF7B1]
	(No symbol) [0x00007FF6A55E7692]
	(No symbol) [0x00007FF6A55E98D8]
	(No symbol) [0x00007FF6A55E86D3]
	(No symbol) [0x00007FF6A55E8E36]
	(No symbol) [0x00007FF6A55E78E6]
	(No symbol) [0x00007FF6A55DE45A]
	(No symbol) [0x00007FF6A55E7692]
	(No symbol) [0x00007FF6A55E6AA1]
	(No symbol) [0x00007FF6A55E675F]
	(No symbol) [0x00007FF6A55FF44B]
	(No symbol) [0x00007FF6A55D6EA7]
	(No symbol) [0x00007FF6A55D5DF3]
	(No symbol) [0x00007FF6A5667316]
	(No symbol) [0x00007FF6A565F1C3]
	(No symbol) [0x00007FF6A56317D6]
	(No symbol) [0x00007FF6A56309B5]
	(No symbol) [0x00007FF6A5631F44]
	Microsoft::Applications::Events::EventProperties::SetProperty [0x00007FF6A5875530+147088]
	(No symbol) [0x00007FF6A57191A6]
	Microsoft::Applications::Events::EventProperty::EventProperty [0x00007FF6A58B4497+33959]
	Microsoft::Applications::Events::EventProperty::EventProperty [0x00007FF6A58B7F65+49013]
	Microsoft::Applications::Events::ILogManager::DispatchEventBroadcast [0x00007FF6A5BA9933+1305299]
	Microsoft::Applications::Events::EventProperty::EventProperty [0x00007FF6A596AE1C+781868]
	Microsoft::Applications::Events::EventProperty::EventProperty [0x00007FF6A5970344+803668]
	Microsoft::Applications::Events::EventProperty::EventProperty [0x00007FF6A597049C+804012]
	Microsoft::Applications::Events::EventProperty::EventProperty [0x00007FF6A59785A1+837041]
	BaseThreadInitThunk [0x00007FF995B07614+20]
	RtlUserThreadStart [0x00007FF996C826A1+33]

	at org.openqa.selenium.remote.W3CHandshakeResponse.lambda$errorHandler$0(W3CHandshakeResponse.java:62)
	at org.openqa.selenium.remote.HandshakeResponse.lambda$getResponseFunction$0(HandshakeResponse.java:30)
	at org.openqa.selenium.remote.ProtocolHandshake.lambda$createSession$0(ProtocolHandshake.java:126)
	at java.base/java.util.stream.ReferencePipeline$3$1.accept(ReferencePipeline.java:197)
	at java.base/java.util.Spliterators$ArraySpliterator.tryAdvance(Spliterators.java:1002)
	at java.base/java.util.stream.ReferencePipeline.forEachWithCancel(ReferencePipeline.java:129)
	at java.base/java.util.stream.AbstractPipeline.copyIntoWithCancel(AbstractPipeline.java:527)
	at java.base/java.util.stream.AbstractPipeline.copyInto(AbstractPipeline.java:513)
	at java.base/java.util.stream.AbstractPipeline.wrapAndCopyInto(AbstractPipeline.java:499)
	at java.base/java.util.stream.FindOps$FindOp.evaluateSequential(FindOps.java:150)
	at java.base/java.util.stream.AbstractPipeline.evaluate(AbstractPipeline.java:234)
	at java.base/java.util.stream.ReferencePipeline.findFirst(ReferencePipeline.java:647)
	at org.openqa.selenium.remote.ProtocolHandshake.createSession(ProtocolHandshake.java:128)
	at org.openqa.selenium.remote.ProtocolHandshake.createSession(ProtocolHandshake.java:74)
	at org.openqa.selenium.remote.HttpCommandExecutor.execute(HttpCommandExecutor.java:136)
	at org.openqa.selenium.remote.service.DriverCommandExecutor.execute(DriverCommandExecutor.java:83)
	at org.openqa.selenium.remote.RemoteWebDriver.execute(RemoteWebDriver.java:552)
	at org.openqa.selenium.remote.RemoteWebDriver.startSession(RemoteWebDriver.java:213)
	at org.openqa.selenium.remote.RemoteWebDriver.&lt;init&gt;(RemoteWebDriver.java:131)
	at org.openqa.selenium.edge.EdgeDriver.&lt;init&gt;(EdgeDriver.java:141)
	at org.openqa.selenium.edge.EdgeDriver.&lt;init&gt;(EdgeDriver.java:96)
	at browserSetup.Base.openEdgeBrowser(Base.java:19)
	at testNgpack.VerifySignUpPage.openBrowser(VerifySignUpPage.java:43)
	at java.base/java.util.concurrent.FutureTask.run(FutureTask.java:264)
	at java.base/java.util.concurrent.ThreadPoolExecutor.runWorker(ThreadPoolExecutor.java:1136)
	at java.base/java.util.concurrent.ThreadPoolExecutor$Worker.run(ThreadPoolExecutor.java:635)
	at java.base/java.lang.Thread.run(Thread.java:833)
... Removed 20 stack frames
</div> <!-- stack-trace -->
                </div> <!-- method-content -->
              </div> <!-- method -->
              <div class="method">
                <div class="method-content">
                  <a name="verifyTheTextPresentOnForgotPasswordPage">
                  </a> <!-- verifyTheTextPresentOnForgotPasswordPage -->
                  <span class="method-name">verifyTheTextPresentOnForgotPasswordPage</span>
                  <div class="stack-trace">org.openqa.selenium.NoSuchWindowException: no such window: target window already closed
from unknown error: web view not found
  (Session info: chrome=111.0.5563.147)
Build info: version: &apos;3.141.59&apos;, revision: &apos;e82be7d358&apos;, time: &apos;2018-11-14T08:17:03&apos;
System info: host: &apos;DESKTOP-ADC0TJP&apos;, ip: &apos;172.17.48.1&apos;, os.name: &apos;Windows 10&apos;, os.arch: &apos;amd64&apos;, os.version: &apos;10.0&apos;, java.version: &apos;17.0.5&apos;
Driver info: org.openqa.selenium.chrome.ChromeDriver
Capabilities {acceptInsecureCerts: false, browserName: chrome, browserVersion: 111.0.5563.147, chrome: {chromedriverVersion: 110.0.5481.77 (65ed616c6e8e..., userDataDir: C:\Users\hp\AppData\Local\T...}, goog:chromeOptions: {debuggerAddress: localhost:55734}, javascriptEnabled: true, networkConnectionEnabled: false, pageLoadStrategy: normal, platform: WINDOWS, platformName: WINDOWS, proxy: Proxy(), setWindowRect: true, strictFileInteractability: false, timeouts: {implicit: 0, pageLoad: 300000, script: 30000}, unhandledPromptBehavior: dismiss and notify, webauthn:extension:credBlob: true, webauthn:extension:largeBlob: true, webauthn:virtualAuthenticators: true}
Session ID: 0001ad49809467ee6b590828db4658b2
*** Element info: {Using=xpath, value= //a[text()=&apos;Forgotten password?&apos;]}
	at org.openqa.selenium.remote.http.W3CHttpResponseCodec.createException(W3CHttpResponseCodec.java:187)
	at org.openqa.selenium.remote.http.W3CHttpResponseCodec.decode(W3CHttpResponseCodec.java:122)
	at org.openqa.selenium.remote.http.W3CHttpResponseCodec.decode(W3CHttpResponseCodec.java:49)
	at org.openqa.selenium.remote.HttpCommandExecutor.execute(HttpCommandExecutor.java:158)
	at org.openqa.selenium.remote.service.DriverCommandExecutor.execute(DriverCommandExecutor.java:83)
	at org.openqa.selenium.remote.RemoteWebDriver.execute(RemoteWebDriver.java:552)
	at org.openqa.selenium.remote.RemoteWebDriver.findElement(RemoteWebDriver.java:323)
	at org.openqa.selenium.remote.RemoteWebDriver.findElementByXPath(RemoteWebDriver.java:428)
	at org.openqa.selenium.By$ByXPath.findElement(By.java:353)
	at org.openqa.selenium.remote.RemoteWebDriver.findElement(RemoteWebDriver.java:315)
	at org.openqa.selenium.support.pagefactory.DefaultElementLocator.findElement(DefaultElementLocator.java:69)
	at org.openqa.selenium.support.pagefactory.internal.LocatingElementHandler.invoke(LocatingElementHandler.java:38)
	at jdk.proxy2/jdk.proxy2.$Proxy17.click(Unknown Source)
	at page.LoginPage.clickForgotPassword(LoginPage.java:60)
	at testNgpack.VerifyForgotPasswordPage.goToForgotPasswordPage(VerifyForgotPasswordPage.java:69)
	at java.base/java.util.concurrent.ThreadPoolExecutor.runWorker(ThreadPoolExecutor.java:1136)
	at java.base/java.util.concurrent.ThreadPoolExecutor$Worker.run(ThreadPoolExecutor.java:635)
	at java.base/java.lang.Thread.run(Thread.java:833)
... Removed 21 stack frames
</div> <!-- stack-trace -->
                </div> <!-- method-content -->
              </div> <!-- method -->
            </div> <!-- main-panel-content rounded-window-bottom -->
          </div> <!-- suite-Suite1234-class-skipped -->
          <div class="suite-Suite1234-class-skipped">
            <div class="main-panel-header rounded-window-top">
              <img src="skipped.png"/>
              <span class="class-name">testNgpack.VerifyLoginButton</span>
            </div> <!-- main-panel-header rounded-window-top -->
            <div class="main-panel-content rounded-window-bottom">
              <div class="method">
                <div class="method-content">
                  <a name="clickOnLoginButton">
                  </a> <!-- clickOnLoginButton -->
                  <span class="method-name">clickOnLoginButton</span>
                  <div class="stack-trace">org.openqa.selenium.WebDriverException: disconnected: received Inspector.detached event
  (failed to check if window was closed: disconnected: not connected to DevTools)
  (Session info: MicrosoftEdge=111.0.1661.62)
Build info: version: &apos;3.141.59&apos;, revision: &apos;e82be7d358&apos;, time: &apos;2018-11-14T08:17:03&apos;
System info: host: &apos;DESKTOP-ADC0TJP&apos;, ip: &apos;172.17.48.1&apos;, os.name: &apos;Windows 10&apos;, os.arch: &apos;amd64&apos;, os.version: &apos;10.0&apos;, java.version: &apos;17.0.5&apos;
Driver info: driver.version: EdgeDriver
remote stacktrace: Backtrace:
	Microsoft::Applications::Events::EventProperties::SetProperty [0x00007FF6A59CA5C2+12658]
	Microsoft::Applications::Events::EventProperty::EventProperty [0x00007FF6A5962862+747634]
	(No symbol) [0x00007FF6A55FDD2E]
	(No symbol) [0x00007FF6A55EB70C]
	(No symbol) [0x00007FF6A55EAC38]
	(No symbol) [0x00007FF6A55E9DA4]
	(No symbol) [0x00007FF6A55E9CBC]
	(No symbol) [0x00007FF6A55E86D3]
	(No symbol) [0x00007FF6A55E8E36]
	(No symbol) [0x00007FF6A55E78E6]
	(No symbol) [0x00007FF6A55F55CD]
	(No symbol) [0x00007FF6A55E7692]
	(No symbol) [0x00007FF6A55E98D8]
	(No symbol) [0x00007FF6A55E86D3]
	(No symbol) [0x00007FF6A55E8E36]
	(No symbol) [0x00007FF6A55E78E6]
	(No symbol) [0x00007FF6A55F23D4]
	(No symbol) [0x00007FF6A55E7692]
	(No symbol) [0x00007FF6A55E98D8]
	(No symbol) [0x00007FF6A55E86D3]
	(No symbol) [0x00007FF6A55E8E36]
	(No symbol) [0x00007FF6A55E78E6]
	(No symbol) [0x00007FF6A55EF7B1]
	(No symbol) [0x00007FF6A55E7692]
	(No symbol) [0x00007FF6A55E98D8]
	(No symbol) [0x00007FF6A55E86D3]
	(No symbol) [0x00007FF6A55E8E36]
	(No symbol) [0x00007FF6A55E78E6]
	(No symbol) [0x00007FF6A55DE45A]
	(No symbol) [0x00007FF6A55E7692]
	(No symbol) [0x00007FF6A55E6AA1]
	(No symbol) [0x00007FF6A55E675F]
	(No symbol) [0x00007FF6A55FF44B]
	(No symbol) [0x00007FF6A55D6EA7]
	(No symbol) [0x00007FF6A55D5DF3]
	(No symbol) [0x00007FF6A5667316]
	(No symbol) [0x00007FF6A565F1C3]
	(No symbol) [0x00007FF6A56317D6]
	(No symbol) [0x00007FF6A56309B5]
	(No symbol) [0x00007FF6A5631F44]
	Microsoft::Applications::Events::EventProperties::SetProperty [0x00007FF6A5875530+147088]
	(No symbol) [0x00007FF6A57191A6]
	Microsoft::Applications::Events::EventProperty::EventProperty [0x00007FF6A58B4497+33959]
	Microsoft::Applications::Events::EventProperty::EventProperty [0x00007FF6A58B7F65+49013]
	Microsoft::Applications::Events::ILogManager::DispatchEventBroadcast [0x00007FF6A5BA9933+1305299]
	Microsoft::Applications::Events::EventProperty::EventProperty [0x00007FF6A596AE1C+781868]
	Microsoft::Applications::Events::EventProperty::EventProperty [0x00007FF6A5970344+803668]
	Microsoft::Applications::Events::EventProperty::EventProperty [0x00007FF6A597049C+804012]
	Microsoft::Applications::Events::EventProperty::EventProperty [0x00007FF6A59785A1+837041]
	BaseThreadInitThunk [0x00007FF995B07614+20]
	RtlUserThreadStart [0x00007FF996C826A1+33]

	at org.openqa.selenium.remote.W3CHandshakeResponse.lambda$errorHandler$0(W3CHandshakeResponse.java:62)
	at org.openqa.selenium.remote.HandshakeResponse.lambda$getResponseFunction$0(HandshakeResponse.java:30)
	at org.openqa.selenium.remote.ProtocolHandshake.lambda$createSession$0(ProtocolHandshake.java:126)
	at java.base/java.util.stream.ReferencePipeline$3$1.accept(ReferencePipeline.java:197)
	at java.base/java.util.Spliterators$ArraySpliterator.tryAdvance(Spliterators.java:1002)
	at java.base/java.util.stream.ReferencePipeline.forEachWithCancel(ReferencePipeline.java:129)
	at java.base/java.util.stream.AbstractPipeline.copyIntoWithCancel(AbstractPipeline.java:527)
	at java.base/java.util.stream.AbstractPipeline.copyInto(AbstractPipeline.java:513)
	at java.base/java.util.stream.AbstractPipeline.wrapAndCopyInto(AbstractPipeline.java:499)
	at java.base/java.util.stream.FindOps$FindOp.evaluateSequential(FindOps.java:150)
	at java.base/java.util.stream.AbstractPipeline.evaluate(AbstractPipeline.java:234)
	at java.base/java.util.stream.ReferencePipeline.findFirst(ReferencePipeline.java:647)
	at org.openqa.selenium.remote.ProtocolHandshake.createSession(ProtocolHandshake.java:128)
	at org.openqa.selenium.remote.ProtocolHandshake.createSession(ProtocolHandshake.java:74)
	at org.openqa.selenium.remote.HttpCommandExecutor.execute(HttpCommandExecutor.java:136)
	at org.openqa.selenium.remote.service.DriverCommandExecutor.execute(DriverCommandExecutor.java:83)
	at org.openqa.selenium.remote.RemoteWebDriver.execute(RemoteWebDriver.java:552)
	at org.openqa.selenium.remote.RemoteWebDriver.startSession(RemoteWebDriver.java:213)
	at org.openqa.selenium.remote.RemoteWebDriver.&lt;init&gt;(RemoteWebDriver.java:131)
	at org.openqa.selenium.edge.EdgeDriver.&lt;init&gt;(EdgeDriver.java:141)
	at org.openqa.selenium.edge.EdgeDriver.&lt;init&gt;(EdgeDriver.java:96)
	at browserSetup.Base.openEdgeBrowser(Base.java:19)
	at testNgpack.VerifySignUpPage.openBrowser(VerifySignUpPage.java:43)
	at java.base/java.util.concurrent.FutureTask.run(FutureTask.java:264)
	at java.base/java.util.concurrent.ThreadPoolExecutor.runWorker(ThreadPoolExecutor.java:1136)
	at java.base/java.util.concurrent.ThreadPoolExecutor$Worker.run(ThreadPoolExecutor.java:635)
	at java.base/java.lang.Thread.run(Thread.java:833)
... Removed 20 stack frames
</div> <!-- stack-trace -->
                </div> <!-- method-content -->
              </div> <!-- method -->
              <div class="method">
                <div class="method-content">
                  <a name="clickOnLoginButton">
                  </a> <!-- clickOnLoginButton -->
                  <span class="method-name">clickOnLoginButton</span>
                  <div class="stack-trace">org.openqa.selenium.WebDriverException: disconnected: received Inspector.detached event
  (failed to check if window was closed: disconnected: Unable to receive message from renderer)
  (Session info: chrome=111.0.5563.147)
Build info: version: &apos;3.141.59&apos;, revision: &apos;e82be7d358&apos;, time: &apos;2018-11-14T08:17:03&apos;
System info: host: &apos;DESKTOP-ADC0TJP&apos;, ip: &apos;172.17.48.1&apos;, os.name: &apos;Windows 10&apos;, os.arch: &apos;amd64&apos;, os.version: &apos;10.0&apos;, java.version: &apos;17.0.5&apos;
Driver info: org.openqa.selenium.chrome.ChromeDriver
Capabilities {acceptInsecureCerts: false, browserName: chrome, browserVersion: 111.0.5563.147, chrome: {chromedriverVersion: 110.0.5481.77 (65ed616c6e8e..., userDataDir: C:\Users\hp\AppData\Local\T...}, goog:chromeOptions: {debuggerAddress: localhost:55773}, javascriptEnabled: true, networkConnectionEnabled: false, pageLoadStrategy: normal, platform: WINDOWS, platformName: WINDOWS, proxy: Proxy(), setWindowRect: true, strictFileInteractability: false, timeouts: {implicit: 0, pageLoad: 300000, script: 30000}, unhandledPromptBehavior: dismiss and notify, webauthn:extension:credBlob: true, webauthn:extension:largeBlob: true, webauthn:virtualAuthenticators: true}
Session ID: 95d0883ed689d17ed3d0bac61117d029
	at org.openqa.selenium.remote.http.W3CHttpResponseCodec.createException(W3CHttpResponseCodec.java:187)
	at org.openqa.selenium.remote.http.W3CHttpResponseCodec.decode(W3CHttpResponseCodec.java:122)
	at org.openqa.selenium.remote.http.W3CHttpResponseCodec.decode(W3CHttpResponseCodec.java:49)
	at org.openqa.selenium.remote.HttpCommandExecutor.execute(HttpCommandExecutor.java:158)
	at org.openqa.selenium.remote.service.DriverCommandExecutor.execute(DriverCommandExecutor.java:83)
	at org.openqa.selenium.remote.RemoteWebDriver.execute(RemoteWebDriver.java:552)
	at org.openqa.selenium.remote.RemoteWebDriver.get(RemoteWebDriver.java:277)
	at testNgpack.VerifyLoginButton.goToLoginPage(VerifyLoginButton.java:61)
	at java.base/java.util.concurrent.ThreadPoolExecutor.runWorker(ThreadPoolExecutor.java:1136)
	at java.base/java.util.concurrent.ThreadPoolExecutor$Worker.run(ThreadPoolExecutor.java:635)
	at java.base/java.lang.Thread.run(Thread.java:833)
... Removed 21 stack frames
</div> <!-- stack-trace -->
                </div> <!-- method-content -->
              </div> <!-- method -->
              <div class="method">
                <div class="method-content">
                  <a name="verifyNullEmailPasswordLoginPage">
                  </a> <!-- verifyNullEmailPasswordLoginPage -->
                  <span class="method-name">verifyNullEmailPasswordLoginPage</span>
                  <div class="stack-trace">org.openqa.selenium.WebDriverException: disconnected: received Inspector.detached event
  (failed to check if window was closed: disconnected: not connected to DevTools)
  (Session info: MicrosoftEdge=111.0.1661.62)
Build info: version: &apos;3.141.59&apos;, revision: &apos;e82be7d358&apos;, time: &apos;2018-11-14T08:17:03&apos;
System info: host: &apos;DESKTOP-ADC0TJP&apos;, ip: &apos;172.17.48.1&apos;, os.name: &apos;Windows 10&apos;, os.arch: &apos;amd64&apos;, os.version: &apos;10.0&apos;, java.version: &apos;17.0.5&apos;
Driver info: driver.version: EdgeDriver
remote stacktrace: Backtrace:
	Microsoft::Applications::Events::EventProperties::SetProperty [0x00007FF6A59CA5C2+12658]
	Microsoft::Applications::Events::EventProperty::EventProperty [0x00007FF6A5962862+747634]
	(No symbol) [0x00007FF6A55FDD2E]
	(No symbol) [0x00007FF6A55EB70C]
	(No symbol) [0x00007FF6A55EAC38]
	(No symbol) [0x00007FF6A55E9DA4]
	(No symbol) [0x00007FF6A55E9CBC]
	(No symbol) [0x00007FF6A55E86D3]
	(No symbol) [0x00007FF6A55E8E36]
	(No symbol) [0x00007FF6A55E78E6]
	(No symbol) [0x00007FF6A55F55CD]
	(No symbol) [0x00007FF6A55E7692]
	(No symbol) [0x00007FF6A55E98D8]
	(No symbol) [0x00007FF6A55E86D3]
	(No symbol) [0x00007FF6A55E8E36]
	(No symbol) [0x00007FF6A55E78E6]
	(No symbol) [0x00007FF6A55F23D4]
	(No symbol) [0x00007FF6A55E7692]
	(No symbol) [0x00007FF6A55E98D8]
	(No symbol) [0x00007FF6A55E86D3]
	(No symbol) [0x00007FF6A55E8E36]
	(No symbol) [0x00007FF6A55E78E6]
	(No symbol) [0x00007FF6A55EF7B1]
	(No symbol) [0x00007FF6A55E7692]
	(No symbol) [0x00007FF6A55E98D8]
	(No symbol) [0x00007FF6A55E86D3]
	(No symbol) [0x00007FF6A55E8E36]
	(No symbol) [0x00007FF6A55E78E6]
	(No symbol) [0x00007FF6A55DE45A]
	(No symbol) [0x00007FF6A55E7692]
	(No symbol) [0x00007FF6A55E6AA1]
	(No symbol) [0x00007FF6A55E675F]
	(No symbol) [0x00007FF6A55FF44B]
	(No symbol) [0x00007FF6A55D6EA7]
	(No symbol) [0x00007FF6A55D5DF3]
	(No symbol) [0x00007FF6A5667316]
	(No symbol) [0x00007FF6A565F1C3]
	(No symbol) [0x00007FF6A56317D6]
	(No symbol) [0x00007FF6A56309B5]
	(No symbol) [0x00007FF6A5631F44]
	Microsoft::Applications::Events::EventProperties::SetProperty [0x00007FF6A5875530+147088]
	(No symbol) [0x00007FF6A57191A6]
	Microsoft::Applications::Events::EventProperty::EventProperty [0x00007FF6A58B4497+33959]
	Microsoft::Applications::Events::EventProperty::EventProperty [0x00007FF6A58B7F65+49013]
	Microsoft::Applications::Events::ILogManager::DispatchEventBroadcast [0x00007FF6A5BA9933+1305299]
	Microsoft::Applications::Events::EventProperty::EventProperty [0x00007FF6A596AE1C+781868]
	Microsoft::Applications::Events::EventProperty::EventProperty [0x00007FF6A5970344+803668]
	Microsoft::Applications::Events::EventProperty::EventProperty [0x00007FF6A597049C+804012]
	Microsoft::Applications::Events::EventProperty::EventProperty [0x00007FF6A59785A1+837041]
	BaseThreadInitThunk [0x00007FF995B07614+20]
	RtlUserThreadStart [0x00007FF996C826A1+33]

	at org.openqa.selenium.remote.W3CHandshakeResponse.lambda$errorHandler$0(W3CHandshakeResponse.java:62)
	at org.openqa.selenium.remote.HandshakeResponse.lambda$getResponseFunction$0(HandshakeResponse.java:30)
	at org.openqa.selenium.remote.ProtocolHandshake.lambda$createSession$0(ProtocolHandshake.java:126)
	at java.base/java.util.stream.ReferencePipeline$3$1.accept(ReferencePipeline.java:197)
	at java.base/java.util.Spliterators$ArraySpliterator.tryAdvance(Spliterators.java:1002)
	at java.base/java.util.stream.ReferencePipeline.forEachWithCancel(ReferencePipeline.java:129)
	at java.base/java.util.stream.AbstractPipeline.copyIntoWithCancel(AbstractPipeline.java:527)
	at java.base/java.util.stream.AbstractPipeline.copyInto(AbstractPipeline.java:513)
	at java.base/java.util.stream.AbstractPipeline.wrapAndCopyInto(AbstractPipeline.java:499)
	at java.base/java.util.stream.FindOps$FindOp.evaluateSequential(FindOps.java:150)
	at java.base/java.util.stream.AbstractPipeline.evaluate(AbstractPipeline.java:234)
	at java.base/java.util.stream.ReferencePipeline.findFirst(ReferencePipeline.java:647)
	at org.openqa.selenium.remote.ProtocolHandshake.createSession(ProtocolHandshake.java:128)
	at org.openqa.selenium.remote.ProtocolHandshake.createSession(ProtocolHandshake.java:74)
	at org.openqa.selenium.remote.HttpCommandExecutor.execute(HttpCommandExecutor.java:136)
	at org.openqa.selenium.remote.service.DriverCommandExecutor.execute(DriverCommandExecutor.java:83)
	at org.openqa.selenium.remote.RemoteWebDriver.execute(RemoteWebDriver.java:552)
	at org.openqa.selenium.remote.RemoteWebDriver.startSession(RemoteWebDriver.java:213)
	at org.openqa.selenium.remote.RemoteWebDriver.&lt;init&gt;(RemoteWebDriver.java:131)
	at org.openqa.selenium.edge.EdgeDriver.&lt;init&gt;(EdgeDriver.java:141)
	at org.openqa.selenium.edge.EdgeDriver.&lt;init&gt;(EdgeDriver.java:96)
	at browserSetup.Base.openEdgeBrowser(Base.java:19)
	at testNgpack.VerifySignUpPage.openBrowser(VerifySignUpPage.java:43)
	at java.base/java.util.concurrent.FutureTask.run(FutureTask.java:264)
	at java.base/java.util.concurrent.ThreadPoolExecutor.runWorker(ThreadPoolExecutor.java:1136)
	at java.base/java.util.concurrent.ThreadPoolExecutor$Worker.run(ThreadPoolExecutor.java:635)
	at java.base/java.lang.Thread.run(Thread.java:833)
... Removed 20 stack frames
</div> <!-- stack-trace -->
                </div> <!-- method-content -->
              </div> <!-- method -->
              <div class="method">
                <div class="method-content">
                  <a name="verifyNullEmailPasswordLoginPage">
                  </a> <!-- verifyNullEmailPasswordLoginPage -->
                  <span class="method-name">verifyNullEmailPasswordLoginPage</span>
                  <div class="stack-trace">org.openqa.selenium.WebDriverException: disconnected: received Inspector.detached event
  (failed to check if window was closed: disconnected: Unable to receive message from renderer)
  (Session info: chrome=111.0.5563.147)
Build info: version: &apos;3.141.59&apos;, revision: &apos;e82be7d358&apos;, time: &apos;2018-11-14T08:17:03&apos;
System info: host: &apos;DESKTOP-ADC0TJP&apos;, ip: &apos;172.17.48.1&apos;, os.name: &apos;Windows 10&apos;, os.arch: &apos;amd64&apos;, os.version: &apos;10.0&apos;, java.version: &apos;17.0.5&apos;
Driver info: org.openqa.selenium.chrome.ChromeDriver
Capabilities {acceptInsecureCerts: false, browserName: chrome, browserVersion: 111.0.5563.147, chrome: {chromedriverVersion: 110.0.5481.77 (65ed616c6e8e..., userDataDir: C:\Users\hp\AppData\Local\T...}, goog:chromeOptions: {debuggerAddress: localhost:55773}, javascriptEnabled: true, networkConnectionEnabled: false, pageLoadStrategy: normal, platform: WINDOWS, platformName: WINDOWS, proxy: Proxy(), setWindowRect: true, strictFileInteractability: false, timeouts: {implicit: 0, pageLoad: 300000, script: 30000}, unhandledPromptBehavior: dismiss and notify, webauthn:extension:credBlob: true, webauthn:extension:largeBlob: true, webauthn:virtualAuthenticators: true}
Session ID: 95d0883ed689d17ed3d0bac61117d029
	at org.openqa.selenium.remote.http.W3CHttpResponseCodec.createException(W3CHttpResponseCodec.java:187)
	at org.openqa.selenium.remote.http.W3CHttpResponseCodec.decode(W3CHttpResponseCodec.java:122)
	at org.openqa.selenium.remote.http.W3CHttpResponseCodec.decode(W3CHttpResponseCodec.java:49)
	at org.openqa.selenium.remote.HttpCommandExecutor.execute(HttpCommandExecutor.java:158)
	at org.openqa.selenium.remote.service.DriverCommandExecutor.execute(DriverCommandExecutor.java:83)
	at org.openqa.selenium.remote.RemoteWebDriver.execute(RemoteWebDriver.java:552)
	at org.openqa.selenium.remote.RemoteWebDriver.get(RemoteWebDriver.java:277)
	at testNgpack.VerifyLoginButton.goToLoginPage(VerifyLoginButton.java:61)
	at java.base/java.util.concurrent.ThreadPoolExecutor.runWorker(ThreadPoolExecutor.java:1136)
	at java.base/java.util.concurrent.ThreadPoolExecutor$Worker.run(ThreadPoolExecutor.java:635)
	at java.base/java.lang.Thread.run(Thread.java:833)
... Removed 21 stack frames
</div> <!-- stack-trace -->
                </div> <!-- method-content -->
              </div> <!-- method -->
            </div> <!-- main-panel-content rounded-window-bottom -->
          </div> <!-- suite-Suite1234-class-skipped -->
          <div class="suite-Suite1234-class-skipped">
            <div class="main-panel-header rounded-window-top">
              <img src="skipped.png"/>
              <span class="class-name">testNgpack.VerifySignUpPage</span>
            </div> <!-- main-panel-header rounded-window-top -->
            <div class="main-panel-content rounded-window-bottom">
              <div class="method">
                <div class="method-content">
                  <a name="verifySignUpButtonOnSignUpPage">
                  </a> <!-- verifySignUpButtonOnSignUpPage -->
                  <span class="method-name">verifySignUpButtonOnSignUpPage</span>
                  <div class="stack-trace">org.openqa.selenium.WebDriverException: disconnected: received Inspector.detached event
  (failed to check if window was closed: disconnected: not connected to DevTools)
  (Session info: MicrosoftEdge=111.0.1661.62)
Build info: version: &apos;3.141.59&apos;, revision: &apos;e82be7d358&apos;, time: &apos;2018-11-14T08:17:03&apos;
System info: host: &apos;DESKTOP-ADC0TJP&apos;, ip: &apos;172.17.48.1&apos;, os.name: &apos;Windows 10&apos;, os.arch: &apos;amd64&apos;, os.version: &apos;10.0&apos;, java.version: &apos;17.0.5&apos;
Driver info: driver.version: EdgeDriver
remote stacktrace: Backtrace:
	Microsoft::Applications::Events::EventProperties::SetProperty [0x00007FF6A59CA5C2+12658]
	Microsoft::Applications::Events::EventProperty::EventProperty [0x00007FF6A5962862+747634]
	(No symbol) [0x00007FF6A55FDD2E]
	(No symbol) [0x00007FF6A55EB70C]
	(No symbol) [0x00007FF6A55EAC38]
	(No symbol) [0x00007FF6A55E9DA4]
	(No symbol) [0x00007FF6A55E9CBC]
	(No symbol) [0x00007FF6A55E86D3]
	(No symbol) [0x00007FF6A55E8E36]
	(No symbol) [0x00007FF6A55E78E6]
	(No symbol) [0x00007FF6A55F55CD]
	(No symbol) [0x00007FF6A55E7692]
	(No symbol) [0x00007FF6A55E98D8]
	(No symbol) [0x00007FF6A55E86D3]
	(No symbol) [0x00007FF6A55E8E36]
	(No symbol) [0x00007FF6A55E78E6]
	(No symbol) [0x00007FF6A55F23D4]
	(No symbol) [0x00007FF6A55E7692]
	(No symbol) [0x00007FF6A55E98D8]
	(No symbol) [0x00007FF6A55E86D3]
	(No symbol) [0x00007FF6A55E8E36]
	(No symbol) [0x00007FF6A55E78E6]
	(No symbol) [0x00007FF6A55EF7B1]
	(No symbol) [0x00007FF6A55E7692]
	(No symbol) [0x00007FF6A55E98D8]
	(No symbol) [0x00007FF6A55E86D3]
	(No symbol) [0x00007FF6A55E8E36]
	(No symbol) [0x00007FF6A55E78E6]
	(No symbol) [0x00007FF6A55DE45A]
	(No symbol) [0x00007FF6A55E7692]
	(No symbol) [0x00007FF6A55E6AA1]
	(No symbol) [0x00007FF6A55E675F]
	(No symbol) [0x00007FF6A55FF44B]
	(No symbol) [0x00007FF6A55D6EA7]
	(No symbol) [0x00007FF6A55D5DF3]
	(No symbol) [0x00007FF6A5667316]
	(No symbol) [0x00007FF6A565F1C3]
	(No symbol) [0x00007FF6A56317D6]
	(No symbol) [0x00007FF6A56309B5]
	(No symbol) [0x00007FF6A5631F44]
	Microsoft::Applications::Events::EventProperties::SetProperty [0x00007FF6A5875530+147088]
	(No symbol) [0x00007FF6A57191A6]
	Microsoft::Applications::Events::EventProperty::EventProperty [0x00007FF6A58B4497+33959]
	Microsoft::Applications::Events::EventProperty::EventProperty [0x00007FF6A58B7F65+49013]
	Microsoft::Applications::Events::ILogManager::DispatchEventBroadcast [0x00007FF6A5BA9933+1305299]
	Microsoft::Applications::Events::EventProperty::EventProperty [0x00007FF6A596AE1C+781868]
	Microsoft::Applications::Events::EventProperty::EventProperty [0x00007FF6A5970344+803668]
	Microsoft::Applications::Events::EventProperty::EventProperty [0x00007FF6A597049C+804012]
	Microsoft::Applications::Events::EventProperty::EventProperty [0x00007FF6A59785A1+837041]
	BaseThreadInitThunk [0x00007FF995B07614+20]
	RtlUserThreadStart [0x00007FF996C826A1+33]

	at org.openqa.selenium.remote.W3CHandshakeResponse.lambda$errorHandler$0(W3CHandshakeResponse.java:62)
	at org.openqa.selenium.remote.HandshakeResponse.lambda$getResponseFunction$0(HandshakeResponse.java:30)
	at org.openqa.selenium.remote.ProtocolHandshake.lambda$createSession$0(ProtocolHandshake.java:126)
	at java.base/java.util.stream.ReferencePipeline$3$1.accept(ReferencePipeline.java:197)
	at java.base/java.util.Spliterators$ArraySpliterator.tryAdvance(Spliterators.java:1002)
	at java.base/java.util.stream.ReferencePipeline.forEachWithCancel(ReferencePipeline.java:129)
	at java.base/java.util.stream.AbstractPipeline.copyIntoWithCancel(AbstractPipeline.java:527)
	at java.base/java.util.stream.AbstractPipeline.copyInto(AbstractPipeline.java:513)
	at java.base/java.util.stream.AbstractPipeline.wrapAndCopyInto(AbstractPipeline.java:499)
	at java.base/java.util.stream.FindOps$FindOp.evaluateSequential(FindOps.java:150)
	at java.base/java.util.stream.AbstractPipeline.evaluate(AbstractPipeline.java:234)
	at java.base/java.util.stream.ReferencePipeline.findFirst(ReferencePipeline.java:647)
	at org.openqa.selenium.remote.ProtocolHandshake.createSession(ProtocolHandshake.java:128)
	at org.openqa.selenium.remote.ProtocolHandshake.createSession(ProtocolHandshake.java:74)
	at org.openqa.selenium.remote.HttpCommandExecutor.execute(HttpCommandExecutor.java:136)
	at org.openqa.selenium.remote.service.DriverCommandExecutor.execute(DriverCommandExecutor.java:83)
	at org.openqa.selenium.remote.RemoteWebDriver.execute(RemoteWebDriver.java:552)
	at org.openqa.selenium.remote.RemoteWebDriver.startSession(RemoteWebDriver.java:213)
	at org.openqa.selenium.remote.RemoteWebDriver.&lt;init&gt;(RemoteWebDriver.java:131)
	at org.openqa.selenium.edge.EdgeDriver.&lt;init&gt;(EdgeDriver.java:141)
	at org.openqa.selenium.edge.EdgeDriver.&lt;init&gt;(EdgeDriver.java:96)
	at browserSetup.Base.openEdgeBrowser(Base.java:19)
	at testNgpack.VerifySignUpPage.openBrowser(VerifySignUpPage.java:43)
	at java.base/java.util.concurrent.FutureTask.run(FutureTask.java:264)
	at java.base/java.util.concurrent.ThreadPoolExecutor.runWorker(ThreadPoolExecutor.java:1136)
	at java.base/java.util.concurrent.ThreadPoolExecutor$Worker.run(ThreadPoolExecutor.java:635)
	at java.base/java.lang.Thread.run(Thread.java:833)
... Removed 20 stack frames
</div> <!-- stack-trace -->
                </div> <!-- method-content -->
              </div> <!-- method -->
              <div class="method">
                <div class="method-content">
                  <a name="verifySignUpButtonOnSignUpPage">
                  </a> <!-- verifySignUpButtonOnSignUpPage -->
                  <span class="method-name">verifySignUpButtonOnSignUpPage</span>
                  <div class="stack-trace">org.openqa.selenium.WebDriverException: java.net.ConnectException: Failed to connect to localhost/[0:0:0:0:0:0:0:1]:14692
Build info: version: &apos;3.141.59&apos;, revision: &apos;e82be7d358&apos;, time: &apos;2018-11-14T08:17:03&apos;
System info: host: &apos;DESKTOP-ADC0TJP&apos;, ip: &apos;172.17.48.1&apos;, os.name: &apos;Windows 10&apos;, os.arch: &apos;amd64&apos;, os.version: &apos;10.0&apos;, java.version: &apos;17.0.5&apos;
Driver info: driver.version: RemoteWebDriver
	at org.openqa.selenium.remote.service.DriverCommandExecutor.execute(DriverCommandExecutor.java:92)
	at org.openqa.selenium.remote.RemoteWebDriver.execute(RemoteWebDriver.java:552)
	at org.openqa.selenium.remote.RemoteWebDriver.get(RemoteWebDriver.java:277)
	at testNgpack.VerifySignUpPage.goToSignUpPage(VerifySignUpPage.java:62)
	at java.base/java.util.concurrent.ThreadPoolExecutor.runWorker(ThreadPoolExecutor.java:1136)
	at java.base/java.util.concurrent.ThreadPoolExecutor$Worker.run(ThreadPoolExecutor.java:635)
	at java.base/java.lang.Thread.run(Thread.java:833)
Caused by: java.net.ConnectException: Failed to connect to localhost/[0:0:0:0:0:0:0:1]:14692
	at okhttp3.internal.connection.RealConnection.connectSocket(RealConnection.java:247)
	at okhttp3.internal.connection.RealConnection.connect(RealConnection.java:165)
	at okhttp3.internal.connection.StreamAllocation.findConnection(StreamAllocation.java:257)
	at okhttp3.internal.connection.StreamAllocation.findHealthyConnection(StreamAllocation.java:135)
	at okhttp3.internal.connection.StreamAllocation.newStream(StreamAllocation.java:114)
	at okhttp3.internal.connection.ConnectInterceptor.intercept(ConnectInterceptor.java:42)
	at okhttp3.internal.http.RealInterceptorChain.proceed(RealInterceptorChain.java:147)
	at okhttp3.internal.http.RealInterceptorChain.proceed(RealInterceptorChain.java:121)
	at okhttp3.internal.cache.CacheInterceptor.intercept(CacheInterceptor.java:93)
	at okhttp3.internal.http.RealInterceptorChain.proceed(RealInterceptorChain.java:147)
	at okhttp3.internal.http.RealInterceptorChain.proceed(RealInterceptorChain.java:121)
	at okhttp3.internal.http.BridgeInterceptor.intercept(BridgeInterceptor.java:93)
	at okhttp3.internal.http.RealInterceptorChain.proceed(RealInterceptorChain.java:147)
	at okhttp3.internal.http.RetryAndFollowUpInterceptor.intercept(RetryAndFollowUpInterceptor.java:126)
	at okhttp3.internal.http.RealInterceptorChain.proceed(RealInterceptorChain.java:147)
	at okhttp3.internal.http.RealInterceptorChain.proceed(RealInterceptorChain.java:121)
	at okhttp3.RealCall.getResponseWithInterceptorChain(RealCall.java:200)
	at okhttp3.RealCall.execute(RealCall.java:77)
	at org.openqa.selenium.remote.internal.OkHttpClient.execute(OkHttpClient.java:103)
	at org.openqa.selenium.remote.HttpCommandExecutor.execute(HttpCommandExecutor.java:155)
	at org.openqa.selenium.remote.service.DriverCommandExecutor.execute(DriverCommandExecutor.java:83)
	... 22 more
Caused by: java.net.ConnectException: Connection refused: no further information
	at java.base/sun.nio.ch.Net.pollConnect(Native Method)
	at java.base/sun.nio.ch.Net.pollConnectNow(Net.java:672)
	at java.base/sun.nio.ch.NioSocketImpl.timedFinishConnect(NioSocketImpl.java:542)
	at java.base/sun.nio.ch.NioSocketImpl.connect(NioSocketImpl.java:597)
	at java.base/java.net.SocksSocketImpl.connect(SocksSocketImpl.java:327)
	at java.base/java.net.Socket.connect(Socket.java:633)
	at okhttp3.internal.platform.Platform.connectSocket(Platform.java:129)
	at okhttp3.internal.connection.RealConnection.connectSocket(RealConnection.java:245)
	... 42 more
... Removed 16 stack frames
</div> <!-- stack-trace -->
                </div> <!-- method-content -->
              </div> <!-- method -->
            </div> <!-- main-panel-content rounded-window-bottom -->
          </div> <!-- suite-Suite1234-class-skipped -->
        </div> <!-- panel Suite1234 -->
        <div panel-name="test-xml-Suite1234" class="panel">
          <div class="main-panel-header rounded-window-top">
            <span class="header-content">C:\Users\hp\eclipse-workspace\Maven_facebook\RegressionSuit.xml</span>
          </div> <!-- main-panel-header rounded-window-top -->
          <div class="main-panel-content rounded-window-bottom">
            <pre>
&lt;?xml version=&quot;1.0&quot; encoding=&quot;UTF-8&quot;?&gt;
&lt;!DOCTYPE suite SYSTEM &quot;https://testng.org/testng-1.0.dtd&quot;&gt;
&lt;suite thread-count=&quot;3&quot; parallel=&quot;tests&quot; name=&quot;Suite1234&quot; guice-stage=&quot;DEVELOPMENT&quot;&gt;
  &lt;test thread-count=&quot;3&quot; parallel=&quot;classes&quot; name=&quot;ChromeTest&quot;&gt;
    &lt;parameter name=&quot;browser&quot; value=&quot;Chrome&quot;/&gt;
    &lt;classes&gt;
      &lt;class name=&quot;testNgpack.VerifyLoginButton&quot;/&gt;
      &lt;class name=&quot;testNgpack.VerifyForgotPasswordPage&quot;/&gt;
      &lt;class name=&quot;testNgpack.VerifySignUpPage&quot;/&gt;
    &lt;/classes&gt;
  &lt;/test&gt; &lt;!-- ChromeTest --&gt;
  &lt;test thread-count=&quot;3&quot; parallel=&quot;classes&quot; name=&quot;EdgeTest&quot;&gt;
    &lt;parameter name=&quot;browser&quot; value=&quot;Edge&quot;/&gt;
    &lt;classes&gt;
      &lt;class name=&quot;testNgpack.VerifyLoginButton&quot;/&gt;
      &lt;class name=&quot;testNgpack.VerifyForgotPasswordPage&quot;/&gt;
      &lt;class name=&quot;testNgpack.VerifySignUpPage&quot;/&gt;
    &lt;/classes&gt;
  &lt;/test&gt; &lt;!-- EdgeTest --&gt;
&lt;/suite&gt; &lt;!-- Suite1234 --&gt;
            </pre>
          </div> <!-- main-panel-content rounded-window-bottom -->
        </div> <!-- panel -->
        <div panel-name="testlist-Suite1234" class="panel">
          <div class="main-panel-header rounded-window-top">
            <span class="header-content">Tests for Suite1234</span>
          </div> <!-- main-panel-header rounded-window-top -->
          <div class="main-panel-content rounded-window-bottom">
            <ul>
              <li>
                <span class="test-name">ChromeTest (3 classes)</span>
              </li>
              <li>
                <span class="test-name">EdgeTest (3 classes)</span>
              </li>
            </ul>
          </div> <!-- main-panel-content rounded-window-bottom -->
        </div> <!-- panel -->
        <div panel-name="group-Suite1234" class="panel">
          <div class="main-panel-header rounded-window-top">
            <span class="header-content">Groups for Suite1234</span>
          </div> <!-- main-panel-header rounded-window-top -->
          <div class="main-panel-content rounded-window-bottom">
          </div> <!-- main-panel-content rounded-window-bottom -->
        </div> <!-- panel -->
        <div panel-name="times-Suite1234" class="panel">
          <div class="main-panel-header rounded-window-top">
            <span class="header-content">Times for Suite1234</span>
          </div> <!-- main-panel-header rounded-window-top -->
          <div class="main-panel-content rounded-window-bottom">
            <div class="times-div">
              <script type="text/javascript">
suiteTableInitFunctions.push('tableData_Suite1234');
function tableData_Suite1234() {
var data = new google.visualization.DataTable();
data.addColumn('number', 'Number');
data.addColumn('string', 'Method');
data.addColumn('string', 'Class');
data.addColumn('number', 'Time (ms)');
data.addRows(12);
data.setCell(0, 0, 0)
data.setCell(0, 1, 'verifyNullEmailPasswordLoginPage')
data.setCell(0, 2, 'testNgpack.VerifyLoginButton')
data.setCell(0, 3, 0);
data.setCell(1, 0, 1)
data.setCell(1, 1, 'verifySignUpButtonOnSignUpPage')
data.setCell(1, 2, 'testNgpack.VerifySignUpPage')
data.setCell(1, 3, 0);
data.setCell(2, 0, 2)
data.setCell(2, 1, 'clickOnLoginButton')
data.setCell(2, 2, 'testNgpack.VerifyLoginButton')
data.setCell(2, 3, 0);
data.setCell(3, 0, 3)
data.setCell(3, 1, 'verifyTheTextPresentOnForgotPasswordPage')
data.setCell(3, 2, 'testNgpack.VerifyForgotPasswordPage')
data.setCell(3, 3, 0);
data.setCell(4, 0, 4)
data.setCell(4, 1, 'verifyCancelButtonOfForgotPasswordPage')
data.setCell(4, 2, 'testNgpack.VerifyForgotPasswordPage')
data.setCell(4, 3, 0);
data.setCell(5, 0, 5)
data.setCell(5, 1, 'verifySearchButtonOnForgotPasswordPage')
data.setCell(5, 2, 'testNgpack.VerifyForgotPasswordPage')
data.setCell(5, 3, 0);
data.setCell(6, 0, 6)
data.setCell(6, 1, 'clickOnLoginButton')
data.setCell(6, 2, 'testNgpack.VerifyLoginButton')
data.setCell(6, 3, 0);
data.setCell(7, 0, 7)
data.setCell(7, 1, 'verifyCancelButtonOfForgotPasswordPage')
data.setCell(7, 2, 'testNgpack.VerifyForgotPasswordPage')
data.setCell(7, 3, 0);
data.setCell(8, 0, 8)
data.setCell(8, 1, 'verifySearchButtonOnForgotPasswordPage')
data.setCell(8, 2, 'testNgpack.VerifyForgotPasswordPage')
data.setCell(8, 3, 0);
data.setCell(9, 0, 9)
data.setCell(9, 1, 'verifySignUpButtonOnSignUpPage')
data.setCell(9, 2, 'testNgpack.VerifySignUpPage')
data.setCell(9, 3, 0);
data.setCell(10, 0, 10)
data.setCell(10, 1, 'verifyTheTextPresentOnForgotPasswordPage')
data.setCell(10, 2, 'testNgpack.VerifyForgotPasswordPage')
data.setCell(10, 3, 0);
data.setCell(11, 0, 11)
data.setCell(11, 1, 'verifyNullEmailPasswordLoginPage')
data.setCell(11, 2, 'testNgpack.VerifyLoginButton')
data.setCell(11, 3, 0);
window.suiteTableData['Suite1234']= { tableData: data, tableDiv: 'times-div-Suite1234'}
return data;
}
              </script>
              <span class="suite-total-time">Total running time: 56 seconds</span>
              <div id="times-div-Suite1234">
              </div> <!-- times-div-Suite1234 -->
            </div> <!-- times-div -->
          </div> <!-- main-panel-content rounded-window-bottom -->
        </div> <!-- panel -->
        <div panel-name="reporter-Suite1234" class="panel">
          <div class="main-panel-header rounded-window-top">
            <span class="header-content">Reporter output for Suite1234</span>
          </div> <!-- main-panel-header rounded-window-top -->
          <div class="main-panel-content rounded-window-bottom">
          </div> <!-- main-panel-content rounded-window-bottom -->
        </div> <!-- panel -->
        <div panel-name="ignored-methods-Suite1234" class="panel">
          <div class="main-panel-header rounded-window-top">
            <span class="header-content">0 ignored methods</span>
          </div> <!-- main-panel-header rounded-window-top -->
          <div class="main-panel-content rounded-window-bottom">
          </div> <!-- main-panel-content rounded-window-bottom -->
        </div> <!-- panel -->
        <div panel-name="chronological-Suite1234" class="panel">
          <div class="main-panel-header rounded-window-top">
            <span class="header-content">Methods in chronological order</span>
          </div> <!-- main-panel-header rounded-window-top -->
          <div class="main-panel-content rounded-window-bottom">
            <div class="chronological-class">
              <div class="chronological-class-name">testNgpack.VerifyForgotPasswordPage</div> <!-- chronological-class-name -->
              <div class="configuration-test before">
                <span class="method-name">openBrowser(Chrome)</span>
                <span class="method-start">0 ms</span>
              </div> <!-- configuration-test before -->
              <div class="configuration-test before">
                <span class="method-name">openBrowser(Edge)</span>
                <span class="method-start">30 ms</span>
              </div> <!-- configuration-test before -->
            </div> <!-- chronological-class -->
            <div class="chronological-class">
              <div class="chronological-class-name">testNgpack.VerifyLoginButton</div> <!-- chronological-class-name -->
              <div class="configuration-test before">
                <span class="method-name">openBrowser(Edge)</span>
                <span class="method-start">21609 ms</span>
              </div> <!-- configuration-test before -->
              <div class="configuration-test before">
                <span class="method-name">openBrowser(Chrome)</span>
                <span class="method-start">22215 ms</span>
              </div> <!-- configuration-test before -->
            </div> <!-- chronological-class -->
            <div class="chronological-class">
              <div class="chronological-class-name">testNgpack.VerifySignUpPage</div> <!-- chronological-class-name -->
              <div class="configuration-test before">
                <span class="method-name">openBrowser(Chrome)</span>
                <span class="method-start">26985 ms</span>
              </div> <!-- configuration-test before -->
              <div class="configuration-test before">
                <img src="failed.png">
                </img>
                <span class="method-name">openBrowser(Edge)</span>
                <span class="method-start">27291 ms</span>
              </div> <!-- configuration-test before -->
              <div class="configuration-class before">
                <span class="method-name">createPomObject</span>
                <span class="method-start">33318 ms</span>
              </div> <!-- configuration-class before -->
            </div> <!-- chronological-class -->
            <div class="chronological-class">
              <div class="chronological-class-name">testNgpack.VerifyLoginButton</div> <!-- chronological-class-name -->
              <div class="configuration-class before">
                <span class="method-name">createPomObject</span>
                <span class="method-start">33318 ms</span>
              </div> <!-- configuration-class before -->
            </div> <!-- chronological-class -->
            <div class="chronological-class">
              <div class="chronological-class-name">testNgpack.VerifyForgotPasswordPage</div> <!-- chronological-class-name -->
              <div class="configuration-class before">
                <span class="method-name">createPomObject</span>
                <span class="method-start">33318 ms</span>
              </div> <!-- configuration-class before -->
              <div class="configuration-method before">
                <img src="failed.png">
                </img>
                <span class="method-name">goToForgotPasswordPage</span>
                <span class="method-start">34915 ms</span>
              </div> <!-- configuration-method before -->
            </div> <!-- chronological-class -->
            <div class="chronological-class">
              <div class="chronological-class-name">testNgpack.VerifyLoginButton</div> <!-- chronological-class-name -->
              <div class="configuration-method before">
                <img src="failed.png">
                </img>
                <span class="method-name">goToLoginPage</span>
                <span class="method-start">35151 ms</span>
              </div> <!-- configuration-method before -->
            </div> <!-- chronological-class -->
            <div class="chronological-class">
              <div class="chronological-class-name">testNgpack.VerifySignUpPage</div> <!-- chronological-class-name -->
              <div class="configuration-method before">
                <img src="failed.png">
                </img>
                <span class="method-name">goToSignUpPage</span>
                <span class="method-start">35498 ms</span>
              </div> <!-- configuration-method before -->
            </div> <!-- chronological-class -->
            <div class="chronological-class">
              <div class="chronological-class-name">testNgpack.VerifyLoginButton</div> <!-- chronological-class-name -->
              <div class="configuration-class before">
                <span class="method-name">createPomObject</span>
                <span class="method-start">37931 ms</span>
              </div> <!-- configuration-class before -->
            </div> <!-- chronological-class -->
            <div class="chronological-class">
              <div class="chronological-class-name">testNgpack.VerifyForgotPasswordPage</div> <!-- chronological-class-name -->
              <div class="configuration-class before">
                <span class="method-name">createPomObject</span>
                <span class="method-start">37934 ms</span>
              </div> <!-- configuration-class before -->
            </div> <!-- chronological-class -->
            <div class="chronological-class">
              <div class="chronological-class-name">testNgpack.VerifyLoginButton</div> <!-- chronological-class-name -->
              <div class="configuration-method before">
                <span class="method-name">goToLoginPage</span>
                <span class="method-start">37936 ms</span>
              </div> <!-- configuration-method before -->
            </div> <!-- chronological-class -->
            <div class="chronological-class">
              <div class="chronological-class-name">testNgpack.VerifySignUpPage</div> <!-- chronological-class-name -->
              <div class="configuration-class before">
                <span class="method-name">createPomObject</span>
                <span class="method-start">37937 ms</span>
              </div> <!-- configuration-class before -->
            </div> <!-- chronological-class -->
            <div class="chronological-class">
              <div class="chronological-class-name">testNgpack.VerifyLoginButton</div> <!-- chronological-class-name -->
              <div class="test-method">
                <span class="method-name">clickOnLoginButton</span>
                <span class="method-start">37948 ms</span>
              </div> <!-- test-method -->
              <div class="configuration-method after">
                <span class="method-name">afterMethod</span>
                <span class="method-start">37998 ms</span>
              </div> <!-- configuration-method after -->
            </div> <!-- chronological-class -->
            <div class="chronological-class">
              <div class="chronological-class-name">testNgpack.VerifySignUpPage</div> <!-- chronological-class-name -->
              <div class="configuration-method before">
                <span class="method-name">goToSignUpPage</span>
                <span class="method-start">38022 ms</span>
              </div> <!-- configuration-method before -->
            </div> <!-- chronological-class -->
            <div class="chronological-class">
              <div class="chronological-class-name">testNgpack.VerifyForgotPasswordPage</div> <!-- chronological-class-name -->
              <div class="configuration-method before">
                <span class="method-name">goToForgotPasswordPage</span>
                <span class="method-start">38025 ms</span>
              </div> <!-- configuration-method before -->
              <div class="test-method">
                <span class="method-name">verifyCancelButtonOfForgotPasswordPage</span>
                <span class="method-start">38030 ms</span>
              </div> <!-- test-method -->
            </div> <!-- chronological-class -->
            <div class="chronological-class">
              <div class="chronological-class-name">testNgpack.VerifySignUpPage</div> <!-- chronological-class-name -->
              <div class="test-method">
                <span class="method-name">verifySignUpButtonOnSignUpPage</span>
                <span class="method-start">38038 ms</span>
              </div> <!-- test-method -->
              <div class="configuration-method after">
                <span class="method-name">afterMethod</span>
                <span class="method-start">38049 ms</span>
              </div> <!-- configuration-method after -->
            </div> <!-- chronological-class -->
            <div class="chronological-class">
              <div class="chronological-class-name">testNgpack.VerifyForgotPasswordPage</div> <!-- chronological-class-name -->
              <div class="configuration-method after">
                <span class="method-name">afterMethod</span>
                <span class="method-start">38067 ms</span>
              </div> <!-- configuration-method after -->
            </div> <!-- chronological-class -->
            <div class="chronological-class">
              <div class="chronological-class-name">testNgpack.VerifyLoginButton</div> <!-- chronological-class-name -->
              <div class="configuration-method before">
                <span class="method-name">goToLoginPage</span>
                <span class="method-start">38092 ms</span>
              </div> <!-- configuration-method before -->
            </div> <!-- chronological-class -->
            <div class="chronological-class">
              <div class="chronological-class-name">testNgpack.VerifyForgotPasswordPage</div> <!-- chronological-class-name -->
              <div class="configuration-method before">
                <span class="method-name">goToForgotPasswordPage</span>
                <span class="method-start">38133 ms</span>
              </div> <!-- configuration-method before -->
              <div class="test-method">
                <span class="method-name">verifySearchButtonOnForgotPasswordPage</span>
                <span class="method-start">38136 ms</span>
              </div> <!-- test-method -->
            </div> <!-- chronological-class -->
            <div class="chronological-class">
              <div class="chronological-class-name">testNgpack.VerifySignUpPage</div> <!-- chronological-class-name -->
              <div class="configuration-class after">
                <span class="method-name">clearObjects</span>
                <span class="method-start">38145 ms</span>
              </div> <!-- configuration-class after -->
            </div> <!-- chronological-class -->
            <div class="chronological-class">
              <div class="chronological-class-name">testNgpack.VerifyForgotPasswordPage</div> <!-- chronological-class-name -->
              <div class="configuration-method after">
                <span class="method-name">afterMethod</span>
                <span class="method-start">38147 ms</span>
              </div> <!-- configuration-method after -->
            </div> <!-- chronological-class -->
            <div class="chronological-class">
              <div class="chronological-class-name">testNgpack.VerifyLoginButton</div> <!-- chronological-class-name -->
              <div class="test-method">
                <span class="method-name">verifyNullEmailPasswordLoginPage</span>
                <span class="method-start">38156 ms</span>
              </div> <!-- test-method -->
              <div class="configuration-method after">
                <span class="method-name">afterMethod</span>
                <span class="method-start">38172 ms</span>
              </div> <!-- configuration-method after -->
              <div class="configuration-class after">
                <span class="method-name">clearObjects</span>
                <span class="method-start">38183 ms</span>
              </div> <!-- configuration-class after -->
            </div> <!-- chronological-class -->
            <div class="chronological-class">
              <div class="chronological-class-name">testNgpack.VerifyForgotPasswordPage</div> <!-- chronological-class-name -->
              <div class="configuration-method before">
                <span class="method-name">goToForgotPasswordPage</span>
                <span class="method-start">38254 ms</span>
              </div> <!-- configuration-method before -->
              <div class="test-method">
                <span class="method-name">verifyTheTextPresentOnForgotPasswordPage</span>
                <span class="method-start">38269 ms</span>
              </div> <!-- test-method -->
              <div class="configuration-method after">
                <span class="method-name">afterMethod</span>
                <span class="method-start">38272 ms</span>
              </div> <!-- configuration-method after -->
              <div class="configuration-class after">
                <span class="method-name">clearObjects</span>
                <span class="method-start">38277 ms</span>
              </div> <!-- configuration-class after -->
              <div class="configuration-test after">
                <span class="method-name">closeBrowser</span>
                <span class="method-start">38283 ms</span>
              </div> <!-- configuration-test after -->
            </div> <!-- chronological-class -->
            <div class="chronological-class">
              <div class="chronological-class-name">testNgpack.VerifyLoginButton</div> <!-- chronological-class-name -->
              <div class="configuration-test after">
                <span class="method-name">closeBrowser</span>
                <span class="method-start">38286 ms</span>
              </div> <!-- configuration-test after -->
            </div> <!-- chronological-class -->
            <div class="chronological-class">
              <div class="chronological-class-name">testNgpack.VerifySignUpPage</div> <!-- chronological-class-name -->
              <div class="configuration-test after">
                <span class="method-name">closeBrowser</span>
                <span class="method-start">38289 ms</span>
              </div> <!-- configuration-test after -->
            </div> <!-- chronological-class -->
            <div class="chronological-class">
              <div class="chronological-class-name">testNgpack.VerifyLoginButton</div> <!-- chronological-class-name -->
              <div class="test-method">
                <span class="method-name">clickOnLoginButton</span>
                <span class="method-start">38933 ms</span>
              </div> <!-- test-method -->
              <div class="configuration-method after">
                <span class="method-name">afterMethod</span>
                <span class="method-start">38936 ms</span>
              </div> <!-- configuration-method after -->
              <div class="configuration-method before">
                <span class="method-name">goToLoginPage</span>
                <span class="method-start">38937 ms</span>
              </div> <!-- configuration-method before -->
              <div class="test-method">
                <span class="method-name">verifyNullEmailPasswordLoginPage</span>
                <span class="method-start">38938 ms</span>
              </div> <!-- test-method -->
              <div class="configuration-method after">
                <span class="method-name">afterMethod</span>
                <span class="method-start">38944 ms</span>
              </div> <!-- configuration-method after -->
              <div class="configuration-class after">
                <span class="method-name">clearObjects</span>
                <span class="method-start">38946 ms</span>
              </div> <!-- configuration-class after -->
            </div> <!-- chronological-class -->
            <div class="chronological-class">
              <div class="chronological-class-name">testNgpack.VerifyForgotPasswordPage</div> <!-- chronological-class-name -->
              <div class="test-method">
                <span class="method-name">verifyCancelButtonOfForgotPasswordPage</span>
                <span class="method-start">45999 ms</span>
              </div> <!-- test-method -->
              <div class="configuration-method after">
                <span class="method-name">afterMethod</span>
                <span class="method-start">46016 ms</span>
              </div> <!-- configuration-method after -->
              <div class="configuration-method before">
                <span class="method-name">goToForgotPasswordPage</span>
                <span class="method-start">46019 ms</span>
              </div> <!-- configuration-method before -->
              <div class="test-method">
                <span class="method-name">verifySearchButtonOnForgotPasswordPage</span>
                <span class="method-start">46020 ms</span>
              </div> <!-- test-method -->
              <div class="configuration-method after">
                <span class="method-name">afterMethod</span>
                <span class="method-start">46028 ms</span>
              </div> <!-- configuration-method after -->
              <div class="configuration-method before">
                <span class="method-name">goToForgotPasswordPage</span>
                <span class="method-start">46029 ms</span>
              </div> <!-- configuration-method before -->
              <div class="test-method">
                <span class="method-name">verifyTheTextPresentOnForgotPasswordPage</span>
                <span class="method-start">46033 ms</span>
              </div> <!-- test-method -->
              <div class="configuration-method after">
                <span class="method-name">afterMethod</span>
                <span class="method-start">46035 ms</span>
              </div> <!-- configuration-method after -->
              <div class="configuration-class after">
                <span class="method-name">clearObjects</span>
                <span class="method-start">46036 ms</span>
              </div> <!-- configuration-class after -->
            </div> <!-- chronological-class -->
            <div class="chronological-class">
              <div class="chronological-class-name">testNgpack.VerifySignUpPage</div> <!-- chronological-class-name -->
              <div class="test-method">
                <span class="method-name">verifySignUpButtonOnSignUpPage</span>
                <span class="method-start">56817 ms</span>
              </div> <!-- test-method -->
              <div class="configuration-method after">
                <span class="method-name">afterMethod</span>
                <span class="method-start">56821 ms</span>
              </div> <!-- configuration-method after -->
              <div class="configuration-class after">
                <span class="method-name">clearObjects</span>
                <span class="method-start">56823 ms</span>
              </div> <!-- configuration-class after -->
            </div> <!-- chronological-class -->
            <div class="chronological-class">
              <div class="chronological-class-name">testNgpack.VerifyLoginButton</div> <!-- chronological-class-name -->
              <div class="configuration-test after">
                <span class="method-name">closeBrowser</span>
                <span class="method-start">56828 ms</span>
              </div> <!-- configuration-test after -->
            </div> <!-- chronological-class -->
            <div class="chronological-class">
              <div class="chronological-class-name">testNgpack.VerifyForgotPasswordPage</div> <!-- chronological-class-name -->
              <div class="configuration-test after">
                <span class="method-name">closeBrowser</span>
                <span class="method-start">56828 ms</span>
              </div> <!-- configuration-test after -->
            </div> <!-- chronological-class -->
            <div class="chronological-class">
              <div class="chronological-class-name">testNgpack.VerifySignUpPage</div> <!-- chronological-class-name -->
              <div class="configuration-test after">
                <span class="method-name">closeBrowser</span>
                <span class="method-start">56830 ms</span>
              </div> <!-- configuration-test after -->
          </div> <!-- main-panel-content rounded-window-bottom -->
        </div> <!-- panel -->
      </div> <!-- main-panel-root -->
    </div> <!-- wrapper -->
  </body>
<script type="text/javascript" src="testng-reports2.js"></script>
</html>
