<?xml version="1.0" encoding="UTF-8"?>
<!-- Generated by org.testng.reporters.JUnitReportReporter -->
<testsuite hostname="DESKTOP-ADC0TJP" failures="0" tests="4" name="testNgpack.VerifySignUpPage" time="31.913" errors="2" timestamp="2023-04-05T15:47:59 IST" skipped="2">
  <testcase classname="testNgpack.VerifySignUpPage" name="goToSignUpPage" time="21.316">
    <error message="java.net.ConnectException: Failed to connect to localhost/[0:0:0:0:0:0:0:1]:14692
Build info: version: &#039;3.141.59&#039;, revision: &#039;e82be7d358&#039;, time: &#039;2018-11-14T08:17:03&#039;
System info: host: &#039;DESKTOP-ADC0TJP&#039;, ip: &#039;172.17.48.1&#039;, os.name: &#039;Windows 10&#039;, os.arch: &#039;amd64&#039;, os.version: &#039;10.0&#039;, java.version: &#039;17.0.5&#039;
Driver info: driver.version: RemoteWebDriver" type="org.openqa.selenium.WebDriverException">
      <![CDATA[org.openqa.selenium.WebDriverException: java.net.ConnectException: Failed to connect to localhost/[0:0:0:0:0:0:0:1]:14692
Build info: version: '3.141.59', revision: 'e82be7d358', time: '2018-11-14T08:17:03'
System info: host: 'DESKTOP-ADC0TJP', ip: '172.17.48.1', os.name: 'Windows 10', os.arch: 'amd64', os.version: '10.0', java.version: '17.0.5'
Driver info: driver.version: RemoteWebDriver
at org.openqa.selenium.remote.service.DriverCommandExecutor.execute(DriverCommandExecutor.java:92)
at org.openqa.selenium.remote.RemoteWebDriver.execute(RemoteWebDriver.java:552)
at org.openqa.selenium.remote.RemoteWebDriver.get(RemoteWebDriver.java:277)
at testNgpack.VerifySignUpPage.goToSignUpPage(VerifySignUpPage.java:62)
at java.base/jdk.internal.reflect.NativeMethodAccessorImpl.invoke0(Native Method)
at java.base/jdk.internal.reflect.NativeMethodAccessorImpl.invoke(NativeMethodAccessorImpl.java:77)
at java.base/jdk.internal.reflect.DelegatingMethodAccessorImpl.invoke(DelegatingMethodAccessorImpl.java:43)
at java.base/java.lang.reflect.Method.invoke(Method.java:568)
at org.testng.internal.MethodInvocationHelper.invokeMethod(MethodInvocationHelper.java:133)
at org.testng.internal.MethodInvocationHelper.invokeMethodConsideringTimeout(MethodInvocationHelper.java:62)
at org.testng.internal.ConfigInvoker.invokeConfigurationMethod(ConfigInvoker.java:385)
at org.testng.internal.ConfigInvoker.invokeConfigurations(ConfigInvoker.java:321)
at org.testng.internal.TestInvoker.runConfigMethods(TestInvoker.java:700)
at org.testng.internal.TestInvoker.invokeMethod(TestInvoker.java:527)
at org.testng.internal.TestInvoker.invokeTestMethod(TestInvoker.java:173)
at org.testng.internal.MethodRunner.runInSequence(MethodRunner.java:46)
at org.testng.internal.TestInvoker$MethodInvocationAgent.invoke(TestInvoker.java:824)
at org.testng.internal.TestInvoker.invokeTestMethods(TestInvoker.java:146)
at org.testng.internal.TestMethodWorker.invokeTestMethods(TestMethodWorker.java:146)
at org.testng.internal.TestMethodWorker.run(TestMethodWorker.java:128)
at java.base/java.util.concurrent.ThreadPoolExecutor.runWorker(ThreadPoolExecutor.java:1136)
at java.base/java.util.concurrent.ThreadPoolExecutor$Worker.run(ThreadPoolExecutor.java:635)
at java.base/java.lang.Thread.run(Thread.java:833)
Caused by: java.net.ConnectException: Failed to connect to localhost/[0:0:0:0:0:0:0:1]:14692
at okhttp3.internal.connection.RealConnection.connectSocket(RealConnection.java:247)
at okhttp3.internal.connection.RealConnection.connect(RealConnection.java:165)
at okhttp3.internal.connection.StreamAllocation.findConnection(StreamAllocation.java:257)
at okhttp3.internal.connection.StreamAllocation.findHealthyConnection(StreamAllocation.java:135)
at okhttp3.internal.connection.StreamAllocation.newStream(StreamAllocation.java:114)
at okhttp3.internal.connection.ConnectInterceptor.intercept(ConnectInterceptor.java:42)
at okhttp3.internal.http.RealInterceptorChain.proceed(RealInterceptorChain.java:147)
at okhttp3.internal.http.RealInterceptorChain.proceed(RealInterceptorChain.java:121)
at okhttp3.internal.cache.CacheInterceptor.intercept(CacheInterceptor.java:93)
at okhttp3.internal.http.RealInterceptorChain.proceed(RealInterceptorChain.java:147)
at okhttp3.internal.http.RealInterceptorChain.proceed(RealInterceptorChain.java:121)
at okhttp3.internal.http.BridgeInterceptor.intercept(BridgeInterceptor.java:93)
at okhttp3.internal.http.RealInterceptorChain.proceed(RealInterceptorChain.java:147)
at okhttp3.internal.http.RetryAndFollowUpInterceptor.intercept(RetryAndFollowUpInterceptor.java:126)
at okhttp3.internal.http.RealInterceptorChain.proceed(RealInterceptorChain.java:147)
at okhttp3.internal.http.RealInterceptorChain.proceed(RealInterceptorChain.java:121)
at okhttp3.RealCall.getResponseWithInterceptorChain(RealCall.java:200)
at okhttp3.RealCall.execute(RealCall.java:77)
at org.openqa.selenium.remote.internal.OkHttpClient.execute(OkHttpClient.java:103)
at org.openqa.selenium.remote.HttpCommandExecutor.execute(HttpCommandExecutor.java:155)
at org.openqa.selenium.remote.service.DriverCommandExecutor.execute(DriverCommandExecutor.java:83)
... 22 more
Caused by: java.net.ConnectException: Connection refused: no further information
at java.base/sun.nio.ch.Net.pollConnect(Native Method)
at java.base/sun.nio.ch.Net.pollConnectNow(Net.java:672)
at java.base/sun.nio.ch.NioSocketImpl.timedFinishConnect(NioSocketImpl.java:542)
at java.base/sun.nio.ch.NioSocketImpl.connect(NioSocketImpl.java:597)
at java.base/java.net.SocksSocketImpl.connect(SocksSocketImpl.java:327)
at java.base/java.net.Socket.connect(Socket.java:633)
at okhttp3.internal.platform.Platform.connectSocket(Platform.java:129)
at okhttp3.internal.connection.RealConnection.connectSocket(RealConnection.java:245)
... 42 more
]]>
    </error>
  </testcase> <!-- goToSignUpPage -->
  <system-out/>
  <testcase classname="testNgpack.VerifySignUpPage" name="verifySignUpButtonOnSignUpPage" time="0.000">
    <skipped/>
  </testcase> <!-- verifySignUpButtonOnSignUpPage -->
  <system-out/>
  <testcase classname="testNgpack.VerifySignUpPage" name="verifySignUpButtonOnSignUpPage" time="0.000">
    <skipped/>
  </testcase> <!-- verifySignUpButtonOnSignUpPage -->
  <system-out/>
  <testcase classname="testNgpack.VerifySignUpPage" name="openBrowser" time="10.597">
    <error message="disconnected: received Inspector.detached event
  (failed to check if window was closed: disconnected: not connected to DevTools)
  (Session info: MicrosoftEdge=111.0.1661.62)
Build info: version: &#039;3.141.59&#039;, revision: &#039;e82be7d358&#039;, time: &#039;2018-11-14T08:17:03&#039;
System info: host: &#039;DESKTOP-ADC0TJP&#039;, ip: &#039;172.17.48.1&#039;, os.name: &#039;Windows 10&#039;, os.arch: &#039;amd64&#039;, os.version: &#039;10.0&#039;, java.version: &#039;17.0.5&#039;
Driver info: driver.version: EdgeDriver
remote stacktrace: Backtrace:
	Microsoft::Applications::Events::EventProperties::SetProperty [0x00007FF6A59CA5C2+12658]
	Microsoft::Applications::Events::EventProperty::EventProperty [0x00007FF6A5962862+747634]
	(No symbol) [0x00007FF6A55FDD2E]
	(No symbol) [0x00007FF6A55EB70C]
	(No symbol) [0x00007FF6A55EAC38]
	(No symbol) [0x00007FF6A55E9DA4]
	(No symbol) [0x00007FF6A55E9CBC]
	(No symbol) [0x00007FF6A55E86D3]
	(No symbol) [0x00007FF6A55E8E36]
	(No symbol) [0x00007FF6A55E78E6]
	(No symbol) [0x00007FF6A55F55CD]
	(No symbol) [0x00007FF6A55E7692]
	(No symbol) [0x00007FF6A55E98D8]
	(No symbol) [0x00007FF6A55E86D3]
	(No symbol) [0x00007FF6A55E8E36]
	(No symbol) [0x00007FF6A55E78E6]
	(No symbol) [0x00007FF6A55F23D4]
	(No symbol) [0x00007FF6A55E7692]
	(No symbol) [0x00007FF6A55E98D8]
	(No symbol) [0x00007FF6A55E86D3]
	(No symbol) [0x00007FF6A55E8E36]
	(No symbol) [0x00007FF6A55E78E6]
	(No symbol) [0x00007FF6A55EF7B1]
	(No symbol) [0x00007FF6A55E7692]
	(No symbol) [0x00007FF6A55E98D8]
	(No symbol) [0x00007FF6A55E86D3]
	(No symbol) [0x00007FF6A55E8E36]
	(No symbol) [0x00007FF6A55E78E6]
	(No symbol) [0x00007FF6A55DE45A]
	(No symbol) [0x00007FF6A55E7692]
	(No symbol) [0x00007FF6A55E6AA1]
	(No symbol) [0x00007FF6A55E675F]
	(No symbol) [0x00007FF6A55FF44B]
	(No symbol) [0x00007FF6A55D6EA7]
	(No symbol) [0x00007FF6A55D5DF3]
	(No symbol) [0x00007FF6A5667316]
	(No symbol) [0x00007FF6A565F1C3]
	(No symbol) [0x00007FF6A56317D6]
	(No symbol) [0x00007FF6A56309B5]
	(No symbol) [0x00007FF6A5631F44]
	Microsoft::Applications::Events::EventProperties::SetProperty [0x00007FF6A5875530+147088]
	(No symbol) [0x00007FF6A57191A6]
	Microsoft::Applications::Events::EventProperty::EventProperty [0x00007FF6A58B4497+33959]
	Microsoft::Applications::Events::EventProperty::EventProperty [0x00007FF6A58B7F65+49013]
	Microsoft::Applications::Events::ILogManager::DispatchEventBroadcast [0x00007FF6A5BA9933+1305299]
	Microsoft::Applications::Events::EventProperty::EventProperty [0x00007FF6A596AE1C+781868]
	Microsoft::Applications::Events::EventProperty::EventProperty [0x00007FF6A5970344+803668]
	Microsoft::Applications::Events::EventProperty::EventProperty [0x00007FF6A597049C+804012]
	Microsoft::Applications::Events::EventProperty::EventProperty [0x00007FF6A59785A1+837041]
	BaseThreadInitThunk [0x00007FF995B07614+20]
	RtlUserThreadStart [0x00007FF996C826A1+33]
" type="org.openqa.selenium.WebDriverException">
      <![CDATA[org.openqa.selenium.WebDriverException: disconnected: received Inspector.detached event
  (failed to check if window was closed: disconnected: not connected to DevTools)
  (Session info: MicrosoftEdge=111.0.1661.62)
Build info: version: '3.141.59', revision: 'e82be7d358', time: '2018-11-14T08:17:03'
System info: host: 'DESKTOP-ADC0TJP', ip: '172.17.48.1', os.name: 'Windows 10', os.arch: 'amd64', os.version: '10.0', java.version: '17.0.5'
Driver info: driver.version: EdgeDriver
remote stacktrace: Backtrace:
Microsoft::Applications::Events::EventProperties::SetProperty [0x00007FF6A59CA5C2+12658]
Microsoft::Applications::Events::EventProperty::EventProperty [0x00007FF6A5962862+747634]
(No symbol) [0x00007FF6A55FDD2E]
(No symbol) [0x00007FF6A55EB70C]
(No symbol) [0x00007FF6A55EAC38]
(No symbol) [0x00007FF6A55E9DA4]
(No symbol) [0x00007FF6A55E9CBC]
(No symbol) [0x00007FF6A55E86D3]
(No symbol) [0x00007FF6A55E8E36]
(No symbol) [0x00007FF6A55E78E6]
(No symbol) [0x00007FF6A55F55CD]
(No symbol) [0x00007FF6A55E7692]
(No symbol) [0x00007FF6A55E98D8]
(No symbol) [0x00007FF6A55E86D3]
(No symbol) [0x00007FF6A55E8E36]
(No symbol) [0x00007FF6A55E78E6]
(No symbol) [0x00007FF6A55F23D4]
(No symbol) [0x00007FF6A55E7692]
(No symbol) [0x00007FF6A55E98D8]
(No symbol) [0x00007FF6A55E86D3]
(No symbol) [0x00007FF6A55E8E36]
(No symbol) [0x00007FF6A55E78E6]
(No symbol) [0x00007FF6A55EF7B1]
(No symbol) [0x00007FF6A55E7692]
(No symbol) [0x00007FF6A55E98D8]
(No symbol) [0x00007FF6A55E86D3]
(No symbol) [0x00007FF6A55E8E36]
(No symbol) [0x00007FF6A55E78E6]
(No symbol) [0x00007FF6A55DE45A]
(No symbol) [0x00007FF6A55E7692]
(No symbol) [0x00007FF6A55E6AA1]
(No symbol) [0x00007FF6A55E675F]
(No symbol) [0x00007FF6A55FF44B]
(No symbol) [0x00007FF6A55D6EA7]
(No symbol) [0x00007FF6A55D5DF3]
(No symbol) [0x00007FF6A5667316]
(No symbol) [0x00007FF6A565F1C3]
(No symbol) [0x00007FF6A56317D6]
(No symbol) [0x00007FF6A56309B5]
(No symbol) [0x00007FF6A5631F44]
Microsoft::Applications::Events::EventProperties::SetProperty [0x00007FF6A5875530+147088]
(No symbol) [0x00007FF6A57191A6]
Microsoft::Applications::Events::EventProperty::EventProperty [0x00007FF6A58B4497+33959]
Microsoft::Applications::Events::EventProperty::EventProperty [0x00007FF6A58B7F65+49013]
Microsoft::Applications::Events::ILogManager::DispatchEventBroadcast [0x00007FF6A5BA9933+1305299]
Microsoft::Applications::Events::EventProperty::EventProperty [0x00007FF6A596AE1C+781868]
Microsoft::Applications::Events::EventProperty::EventProperty [0x00007FF6A5970344+803668]
Microsoft::Applications::Events::EventProperty::EventProperty [0x00007FF6A597049C+804012]
Microsoft::Applications::Events::EventProperty::EventProperty [0x00007FF6A59785A1+837041]
BaseThreadInitThunk [0x00007FF995B07614+20]
RtlUserThreadStart [0x00007FF996C826A1+33]

at java.base/jdk.internal.reflect.NativeConstructorAccessorImpl.newInstance0(Native Method)
at java.base/jdk.internal.reflect.NativeConstructorAccessorImpl.newInstance(NativeConstructorAccessorImpl.java:77)
at java.base/jdk.internal.reflect.DelegatingConstructorAccessorImpl.newInstance(DelegatingConstructorAccessorImpl.java:45)
at java.base/java.lang.reflect.Constructor.newInstanceWithCaller(Constructor.java:499)
at java.base/java.lang.reflect.Constructor.newInstance(Constructor.java:480)
at org.openqa.selenium.remote.W3CHandshakeResponse.lambda$errorHandler$0(W3CHandshakeResponse.java:62)
at org.openqa.selenium.remote.HandshakeResponse.lambda$getResponseFunction$0(HandshakeResponse.java:30)
at org.openqa.selenium.remote.ProtocolHandshake.lambda$createSession$0(ProtocolHandshake.java:126)
at java.base/java.util.stream.ReferencePipeline$3$1.accept(ReferencePipeline.java:197)
at java.base/java.util.Spliterators$ArraySpliterator.tryAdvance(Spliterators.java:1002)
at java.base/java.util.stream.ReferencePipeline.forEachWithCancel(ReferencePipeline.java:129)
at java.base/java.util.stream.AbstractPipeline.copyIntoWithCancel(AbstractPipeline.java:527)
at java.base/java.util.stream.AbstractPipeline.copyInto(AbstractPipeline.java:513)
at java.base/java.util.stream.AbstractPipeline.wrapAndCopyInto(AbstractPipeline.java:499)
at java.base/java.util.stream.FindOps$FindOp.evaluateSequential(FindOps.java:150)
at java.base/java.util.stream.AbstractPipeline.evaluate(AbstractPipeline.java:234)
at java.base/java.util.stream.ReferencePipeline.findFirst(ReferencePipeline.java:647)
at org.openqa.selenium.remote.ProtocolHandshake.createSession(ProtocolHandshake.java:128)
at org.openqa.selenium.remote.ProtocolHandshake.createSession(ProtocolHandshake.java:74)
at org.openqa.selenium.remote.HttpCommandExecutor.execute(HttpCommandExecutor.java:136)
at org.openqa.selenium.remote.service.DriverCommandExecutor.execute(DriverCommandExecutor.java:83)
at org.openqa.selenium.remote.RemoteWebDriver.execute(RemoteWebDriver.java:552)
at org.openqa.selenium.remote.RemoteWebDriver.startSession(RemoteWebDriver.java:213)
at org.openqa.selenium.remote.RemoteWebDriver.<init>(RemoteWebDriver.java:131)
at org.openqa.selenium.edge.EdgeDriver.<init>(EdgeDriver.java:141)
at org.openqa.selenium.edge.EdgeDriver.<init>(EdgeDriver.java:96)
at browserSetup.Base.openEdgeBrowser(Base.java:19)
at testNgpack.VerifySignUpPage.openBrowser(VerifySignUpPage.java:43)
at java.base/jdk.internal.reflect.NativeMethodAccessorImpl.invoke0(Native Method)
at java.base/jdk.internal.reflect.NativeMethodAccessorImpl.invoke(NativeMethodAccessorImpl.java:77)
at java.base/jdk.internal.reflect.DelegatingMethodAccessorImpl.invoke(DelegatingMethodAccessorImpl.java:43)
at java.base/java.lang.reflect.Method.invoke(Method.java:568)
at org.testng.internal.MethodInvocationHelper.invokeMethod(MethodInvocationHelper.java:133)
at org.testng.internal.MethodInvocationHelper.invokeMethodConsideringTimeout(MethodInvocationHelper.java:62)
at org.testng.internal.ConfigInvoker.invokeConfigurationMethod(ConfigInvoker.java:385)
at org.testng.internal.ConfigInvoker.invokeConfigurations(ConfigInvoker.java:321)
at org.testng.TestRunner.invokeTestConfigurations(TestRunner.java:637)
at org.testng.TestRunner.beforeRun(TestRunner.java:627)
at org.testng.TestRunner.run(TestRunner.java:589)
at org.testng.SuiteRunner.runTest(SuiteRunner.java:377)
at org.testng.SuiteRunner.access$000(SuiteRunner.java:28)
at org.testng.SuiteRunner$SuiteWorker.run(SuiteRunner.java:418)
at org.testng.internal.thread.ThreadUtil.lambda$execute$0(ThreadUtil.java:64)
at java.base/java.util.concurrent.FutureTask.run(FutureTask.java:264)
at java.base/java.util.concurrent.ThreadPoolExecutor.runWorker(ThreadPoolExecutor.java:1136)
at java.base/java.util.concurrent.ThreadPoolExecutor$Worker.run(ThreadPoolExecutor.java:635)
at java.base/java.lang.Thread.run(Thread.java:833)
]]>
    </error>
  </testcase> <!-- openBrowser -->
  <system-out/>
</testsuite> <!-- testNgpack.VerifySignUpPage -->
