<?xml version="1.0" encoding="UTF-8"?>
<!-- Generated by org.testng.reporters.JUnitXMLReporter -->
<testsuite ignored="0" hostname="DESKTOP-ADC0TJP" failures="0" tests="6" name="ChromeTest" time="56.846" errors="0" timestamp="2023-04-05T15:47:59 IST">
  <testcase classname="testNgpack.VerifySignUpPage" name="@BeforeTest openBrowser" time="10.597">
    <failure type="org.openqa.selenium.WebDriverException" message="disconnected: received Inspector.detached event
  (failed to check if window was closed: disconnected: not connected to DevTools)
  (Session info: MicrosoftEdge=111.0.1661.62)
Build info: version: &amp;apos;3.141.59&amp;apos;, revision: &amp;apos;e82be7d358&amp;apos;, time: &amp;apos;2018-11-14T08:17:03&amp;apos;
System info: host: &amp;apos;DESKTOP-ADC0TJP&amp;apos;, ip: &amp;apos;172.17.48.1&amp;apos;, os.name: &amp;apos;Windows 10&amp;apos;, os.arch: &amp;apos;amd64&amp;apos;, os.version: &amp;apos;10.0&amp;apos;, java.version: &amp;apos;17.0.5&amp;apos;
Driver info: driver.version: EdgeDriver
remote stacktrace: Backtrace:
	Microsoft::Applications::Events::EventProperties::SetProperty [0x00007FF6A59CA5C2+12658]
	Microsoft::Applications::Events::EventProperty::EventProperty [0x00007FF6A5962862+747634]
	(No symbol) [0x00007FF6A55FDD2E]
	(No symbol) [0x00007FF6A55EB70C]
	(No symbol) [0x00007FF6A55EAC38]
	(No symbol) [0x00007FF6A55E9DA4]
	(No symbol) [0x00007FF6A55E9CBC]
	(No symbol) [0x00007FF6A55E86D3]
	(No symbol) [0x00007FF6A55E8E36]
	(No symbol) [0x00007FF6A55E78E6]
	(No symbol) [0x00007FF6A55F55CD]
	(No symbol) [0x00007FF6A55E7692]
	(No symbol) [0x00007FF6A55E98D8]
	(No symbol) [0x00007FF6A55E86D3]
	(No symbol) [0x00007FF6A55E8E36]
	(No symbol) [0x00007FF6A55E78E6]
	(No symbol) [0x00007FF6A55F23D4]
	(No symbol) [0x00007FF6A55E7692]
	(No symbol) [0x00007FF6A55E98D8]
	(No symbol) [0x00007FF6A55E86D3]
	(No symbol) [0x00007FF6A55E8E36]
	(No symbol) [0x00007FF6A55E78E6]
	(No symbol) [0x00007FF6A55EF7B1]
	(No symbol) [0x00007FF6A55E7692]
	(No symbol) [0x00007FF6A55E98D8]
	(No symbol) [0x00007FF6A55E86D3]
	(No symbol) [0x00007FF6A55E8E36]
	(No symbol) [0x00007FF6A55E78E6]
	(No symbol) [0x00007FF6A55DE45A]
	(No symbol) [0x00007FF6A55E7692]
	(No symbol) [0x00007FF6A55E6AA1]
	(No symbol) [0x00007FF6A55E675F]
	(No symbol) [0x00007FF6A55FF44B]
	(No symbol) [0x00007FF6A55D6EA7]
	(No symbol) [0x00007FF6A55D5DF3]
	(No symbol) [0x00007FF6A5667316]
	(No symbol) [0x00007FF6A565F1C3]
	(No symbol) [0x00007FF6A56317D6]
	(No symbol) [0x00007FF6A56309B5]
	(No symbol) [0x00007FF6A5631F44]
	Microsoft::Applications::Events::EventProperties::SetProperty [0x00007FF6A5875530+147088]
	(No symbol) [0x00007FF6A57191A6]
	Microsoft::Applications::Events::EventProperty::EventProperty [0x00007FF6A58B4497+33959]
	Microsoft::Applications::Events::EventProperty::EventProperty [0x00007FF6A58B7F65+49013]
	Microsoft::Applications::Events::ILogManager::DispatchEventBroadcast [0x00007FF6A5BA9933+1305299]
	Microsoft::Applications::Events::EventProperty::EventProperty [0x00007FF6A596AE1C+781868]
	Microsoft::Applications::Events::EventProperty::EventProperty [0x00007FF6A5970344+803668]
	Microsoft::Applications::Events::EventProperty::EventProperty [0x00007FF6A597049C+804012]
	Microsoft::Applications::Events::EventProperty::EventProperty [0x00007FF6A59785A1+837041]
	BaseThreadInitThunk [0x00007FF995B07614+20]
	RtlUserThreadStart [0x00007FF996C826A1+33]
">
      <![CDATA[org.openqa.selenium.WebDriverException: disconnected: received Inspector.detached event
  (failed to check if window was closed: disconnected: not connected to DevTools)
  (Session info: MicrosoftEdge=111.0.1661.62)
Build info: version: '3.141.59', revision: 'e82be7d358', time: '2018-11-14T08:17:03'
System info: host: 'DESKTOP-ADC0TJP', ip: '172.17.48.1', os.name: 'Windows 10', os.arch: 'amd64', os.version: '10.0', java.version: '17.0.5'
Driver info: driver.version: EdgeDriver
remote stacktrace: Backtrace:
Microsoft::Applications::Events::EventProperties::SetProperty [0x00007FF6A59CA5C2+12658]
Microsoft::Applications::Events::EventProperty::EventProperty [0x00007FF6A5962862+747634]
(No symbol) [0x00007FF6A55FDD2E]
(No symbol) [0x00007FF6A55EB70C]
(No symbol) [0x00007FF6A55EAC38]
(No symbol) [0x00007FF6A55E9DA4]
(No symbol) [0x00007FF6A55E9CBC]
(No symbol) [0x00007FF6A55E86D3]
(No symbol) [0x00007FF6A55E8E36]
(No symbol) [0x00007FF6A55E78E6]
(No symbol) [0x00007FF6A55F55CD]
(No symbol) [0x00007FF6A55E7692]
(No symbol) [0x00007FF6A55E98D8]
(No symbol) [0x00007FF6A55E86D3]
(No symbol) [0x00007FF6A55E8E36]
(No symbol) [0x00007FF6A55E78E6]
(No symbol) [0x00007FF6A55F23D4]
(No symbol) [0x00007FF6A55E7692]
(No symbol) [0x00007FF6A55E98D8]
(No symbol) [0x00007FF6A55E86D3]
(No symbol) [0x00007FF6A55E8E36]
(No symbol) [0x00007FF6A55E78E6]
(No symbol) [0x00007FF6A55EF7B1]
(No symbol) [0x00007FF6A55E7692]
(No symbol) [0x00007FF6A55E98D8]
(No symbol) [0x00007FF6A55E86D3]
(No symbol) [0x00007FF6A55E8E36]
(No symbol) [0x00007FF6A55E78E6]
(No symbol) [0x00007FF6A55DE45A]
(No symbol) [0x00007FF6A55E7692]
(No symbol) [0x00007FF6A55E6AA1]
(No symbol) [0x00007FF6A55E675F]
(No symbol) [0x00007FF6A55FF44B]
(No symbol) [0x00007FF6A55D6EA7]
(No symbol) [0x00007FF6A55D5DF3]
(No symbol) [0x00007FF6A5667316]
(No symbol) [0x00007FF6A565F1C3]
(No symbol) [0x00007FF6A56317D6]
(No symbol) [0x00007FF6A56309B5]
(No symbol) [0x00007FF6A5631F44]
Microsoft::Applications::Events::EventProperties::SetProperty [0x00007FF6A5875530+147088]
(No symbol) [0x00007FF6A57191A6]
Microsoft::Applications::Events::EventProperty::EventProperty [0x00007FF6A58B4497+33959]
Microsoft::Applications::Events::EventProperty::EventProperty [0x00007FF6A58B7F65+49013]
Microsoft::Applications::Events::ILogManager::DispatchEventBroadcast [0x00007FF6A5BA9933+1305299]
Microsoft::Applications::Events::EventProperty::EventProperty [0x00007FF6A596AE1C+781868]
Microsoft::Applications::Events::EventProperty::EventProperty [0x00007FF6A5970344+803668]
Microsoft::Applications::Events::EventProperty::EventProperty [0x00007FF6A597049C+804012]
Microsoft::Applications::Events::EventProperty::EventProperty [0x00007FF6A59785A1+837041]
BaseThreadInitThunk [0x00007FF995B07614+20]
RtlUserThreadStart [0x00007FF996C826A1+33]

at org.openqa.selenium.remote.W3CHandshakeResponse.lambda$errorHandler$0(W3CHandshakeResponse.java:62)
at org.openqa.selenium.remote.HandshakeResponse.lambda$getResponseFunction$0(HandshakeResponse.java:30)
at org.openqa.selenium.remote.ProtocolHandshake.lambda$createSession$0(ProtocolHandshake.java:126)
at java.base/java.util.stream.ReferencePipeline$3$1.accept(ReferencePipeline.java:197)
at java.base/java.util.Spliterators$ArraySpliterator.tryAdvance(Spliterators.java:1002)
at java.base/java.util.stream.ReferencePipeline.forEachWithCancel(ReferencePipeline.java:129)
at java.base/java.util.stream.AbstractPipeline.copyIntoWithCancel(AbstractPipeline.java:527)
at java.base/java.util.stream.AbstractPipeline.copyInto(AbstractPipeline.java:513)
at java.base/java.util.stream.AbstractPipeline.wrapAndCopyInto(AbstractPipeline.java:499)
at java.base/java.util.stream.FindOps$FindOp.evaluateSequential(FindOps.java:150)
at java.base/java.util.stream.AbstractPipeline.evaluate(AbstractPipeline.java:234)
at java.base/java.util.stream.ReferencePipeline.findFirst(ReferencePipeline.java:647)
at org.openqa.selenium.remote.ProtocolHandshake.createSession(ProtocolHandshake.java:128)
at org.openqa.selenium.remote.ProtocolHandshake.createSession(ProtocolHandshake.java:74)
at org.openqa.selenium.remote.HttpCommandExecutor.execute(HttpCommandExecutor.java:136)
at org.openqa.selenium.remote.service.DriverCommandExecutor.execute(DriverCommandExecutor.java:83)
at org.openqa.selenium.remote.RemoteWebDriver.execute(RemoteWebDriver.java:552)
at org.openqa.selenium.remote.RemoteWebDriver.startSession(RemoteWebDriver.java:213)
at org.openqa.selenium.remote.RemoteWebDriver.<init>(RemoteWebDriver.java:131)
at org.openqa.selenium.edge.EdgeDriver.<init>(EdgeDriver.java:141)
at org.openqa.selenium.edge.EdgeDriver.<init>(EdgeDriver.java:96)
at browserSetup.Base.openEdgeBrowser(Base.java:19)
at testNgpack.VerifySignUpPage.openBrowser(VerifySignUpPage.java:43)
at java.base/java.util.concurrent.FutureTask.run(FutureTask.java:264)
at java.base/java.util.concurrent.ThreadPoolExecutor.runWorker(ThreadPoolExecutor.java:1136)
at java.base/java.util.concurrent.ThreadPoolExecutor$Worker.run(ThreadPoolExecutor.java:635)
at java.base/java.lang.Thread.run(Thread.java:833)
... Removed 20 stack frames]]>
    </failure>
  </testcase> <!-- @BeforeTest openBrowser -->
  <testcase classname="testNgpack.VerifyLoginButton" name="@BeforeClass createPomObject" time="-1.680689860588E9">
    <skipped/>
  </testcase> <!-- @BeforeClass createPomObject -->
  <testcase classname="testNgpack.VerifyLoginButton" name="@BeforeMethod goToLoginPage" time="-1.680689860593E9">
    <skipped/>
  </testcase> <!-- @BeforeMethod goToLoginPage -->
  <testcase classname="testNgpack.VerifyLoginButton" name="@AfterMethod afterMethod" time="-1.680689860655E9">
    <skipped/>
  </testcase> <!-- @AfterMethod afterMethod -->
  <testcase classname="testNgpack.VerifyForgotPasswordPage" name="@BeforeClass createPomObject" time="-1.680689860591E9">
    <skipped/>
  </testcase> <!-- @BeforeClass createPomObject -->
  <testcase classname="testNgpack.VerifySignUpPage" name="@BeforeClass createPomObject" time="-1.680689860594E9">
    <skipped/>
  </testcase> <!-- @BeforeClass createPomObject -->
  <testcase classname="testNgpack.VerifyForgotPasswordPage" name="@BeforeMethod goToForgotPasswordPage" time="-1.680689860682E9">
    <skipped/>
  </testcase> <!-- @BeforeMethod goToForgotPasswordPage -->
  <testcase classname="testNgpack.VerifySignUpPage" name="@BeforeMethod goToSignUpPage" time="-1.680689860679E9">
    <skipped/>
  </testcase> <!-- @BeforeMethod goToSignUpPage -->
  <testcase classname="testNgpack.VerifySignUpPage" name="@AfterMethod afterMethod" time="-1.680689860706E9">
    <skipped/>
  </testcase> <!-- @AfterMethod afterMethod -->
  <testcase classname="testNgpack.VerifyForgotPasswordPage" name="@AfterMethod afterMethod" time="-1.680689860724E9">
    <skipped/>
  </testcase> <!-- @AfterMethod afterMethod -->
  <testcase classname="testNgpack.VerifyForgotPasswordPage" name="@BeforeMethod goToForgotPasswordPage" time="-1.68068986079E9">
    <skipped/>
  </testcase> <!-- @BeforeMethod goToForgotPasswordPage -->
  <testcase classname="testNgpack.VerifyLoginButton" name="@BeforeMethod goToLoginPage" time="-1.680689860749E9">
    <skipped/>
  </testcase> <!-- @BeforeMethod goToLoginPage -->
  <testcase classname="testNgpack.VerifyForgotPasswordPage" name="@AfterMethod afterMethod" time="-1.680689860804E9">
    <skipped/>
  </testcase> <!-- @AfterMethod afterMethod -->
  <testcase classname="testNgpack.VerifySignUpPage" name="@AfterClass clearObjects" time="-1.680689860802E9">
    <skipped/>
  </testcase> <!-- @AfterClass clearObjects -->
  <testcase classname="testNgpack.VerifyLoginButton" name="@AfterMethod afterMethod" time="-1.680689860829E9">
    <skipped/>
  </testcase> <!-- @AfterMethod afterMethod -->
  <testcase classname="testNgpack.VerifyLoginButton" name="@AfterClass clearObjects" time="-1.68068986084E9">
    <skipped/>
  </testcase> <!-- @AfterClass clearObjects -->
  <testcase classname="testNgpack.VerifyForgotPasswordPage" name="@BeforeMethod goToForgotPasswordPage" time="-1.680689860911E9">
    <skipped/>
  </testcase> <!-- @BeforeMethod goToForgotPasswordPage -->
  <testcase classname="testNgpack.VerifyForgotPasswordPage" name="@AfterMethod afterMethod" time="-1.680689860929E9">
    <skipped/>
  </testcase> <!-- @AfterMethod afterMethod -->
  <testcase classname="testNgpack.VerifyForgotPasswordPage" name="@AfterClass clearObjects" time="-1.680689860934E9">
    <skipped/>
  </testcase> <!-- @AfterClass clearObjects -->
  <testcase classname="testNgpack.VerifyForgotPasswordPage" name="@AfterTest closeBrowser" time="-1.68068986094E9">
    <skipped/>
  </testcase> <!-- @AfterTest closeBrowser -->
  <testcase classname="testNgpack.VerifyLoginButton" name="@AfterTest closeBrowser" time="-1.680689860943E9">
    <skipped/>
  </testcase> <!-- @AfterTest closeBrowser -->
  <testcase classname="testNgpack.VerifySignUpPage" name="@AfterTest closeBrowser" time="-1.680689860946E9">
    <skipped/>
  </testcase> <!-- @AfterTest closeBrowser -->
  <testcase classname="testNgpack.VerifyLoginButton" name="@BeforeMethod goToLoginPage" time="3.778">
    <failure type="org.openqa.selenium.WebDriverException" message="disconnected: received Inspector.detached event
  (failed to check if window was closed: disconnected: Unable to receive message from renderer)
  (Session info: chrome=111.0.5563.147)
Build info: version: &amp;apos;3.141.59&amp;apos;, revision: &amp;apos;e82be7d358&amp;apos;, time: &amp;apos;2018-11-14T08:17:03&amp;apos;
System info: host: &amp;apos;DESKTOP-ADC0TJP&amp;apos;, ip: &amp;apos;172.17.48.1&amp;apos;, os.name: &amp;apos;Windows 10&amp;apos;, os.arch: &amp;apos;amd64&amp;apos;, os.version: &amp;apos;10.0&amp;apos;, java.version: &amp;apos;17.0.5&amp;apos;
Driver info: org.openqa.selenium.chrome.ChromeDriver
Capabilities {acceptInsecureCerts: false, browserName: chrome, browserVersion: 111.0.5563.147, chrome: {chromedriverVersion: 110.0.5481.77 (65ed616c6e8e..., userDataDir: C:\Users\hp\AppData\Local\T...}, goog:chromeOptions: {debuggerAddress: localhost:55773}, javascriptEnabled: true, networkConnectionEnabled: false, pageLoadStrategy: normal, platform: WINDOWS, platformName: WINDOWS, proxy: Proxy(), setWindowRect: true, strictFileInteractability: false, timeouts: {implicit: 0, pageLoad: 300000, script: 30000}, unhandledPromptBehavior: dismiss and notify, webauthn:extension:credBlob: true, webauthn:extension:largeBlob: true, webauthn:virtualAuthenticators: true}
Session ID: 95d0883ed689d17ed3d0bac61117d029">
      <![CDATA[org.openqa.selenium.WebDriverException: disconnected: received Inspector.detached event
  (failed to check if window was closed: disconnected: Unable to receive message from renderer)
  (Session info: chrome=111.0.5563.147)
Build info: version: '3.141.59', revision: 'e82be7d358', time: '2018-11-14T08:17:03'
System info: host: 'DESKTOP-ADC0TJP', ip: '172.17.48.1', os.name: 'Windows 10', os.arch: 'amd64', os.version: '10.0', java.version: '17.0.5'
Driver info: org.openqa.selenium.chrome.ChromeDriver
Capabilities {acceptInsecureCerts: false, browserName: chrome, browserVersion: 111.0.5563.147, chrome: {chromedriverVersion: 110.0.5481.77 (65ed616c6e8e..., userDataDir: C:\Users\hp\AppData\Local\T...}, goog:chromeOptions: {debuggerAddress: localhost:55773}, javascriptEnabled: true, networkConnectionEnabled: false, pageLoadStrategy: normal, platform: WINDOWS, platformName: WINDOWS, proxy: Proxy(), setWindowRect: true, strictFileInteractability: false, timeouts: {implicit: 0, pageLoad: 300000, script: 30000}, unhandledPromptBehavior: dismiss and notify, webauthn:extension:credBlob: true, webauthn:extension:largeBlob: true, webauthn:virtualAuthenticators: true}
Session ID: 95d0883ed689d17ed3d0bac61117d029
at org.openqa.selenium.remote.http.W3CHttpResponseCodec.createException(W3CHttpResponseCodec.java:187)
at org.openqa.selenium.remote.http.W3CHttpResponseCodec.decode(W3CHttpResponseCodec.java:122)
at org.openqa.selenium.remote.http.W3CHttpResponseCodec.decode(W3CHttpResponseCodec.java:49)
at org.openqa.selenium.remote.HttpCommandExecutor.execute(HttpCommandExecutor.java:158)
at org.openqa.selenium.remote.service.DriverCommandExecutor.execute(DriverCommandExecutor.java:83)
at org.openqa.selenium.remote.RemoteWebDriver.execute(RemoteWebDriver.java:552)
at org.openqa.selenium.remote.RemoteWebDriver.get(RemoteWebDriver.java:277)
at testNgpack.VerifyLoginButton.goToLoginPage(VerifyLoginButton.java:61)
at java.base/java.util.concurrent.ThreadPoolExecutor.runWorker(ThreadPoolExecutor.java:1136)
at java.base/java.util.concurrent.ThreadPoolExecutor$Worker.run(ThreadPoolExecutor.java:635)
at java.base/java.lang.Thread.run(Thread.java:833)
... Removed 21 stack frames]]>
    </failure>
  </testcase> <!-- @BeforeMethod goToLoginPage -->
  <testcase classname="testNgpack.VerifyLoginButton" name="@AfterMethod afterMethod" time="-1.680689861593E9">
    <skipped/>
  </testcase> <!-- @AfterMethod afterMethod -->
  <testcase classname="testNgpack.VerifyLoginButton" name="@BeforeMethod goToLoginPage" time="-1.680689861594E9">
    <skipped/>
  </testcase> <!-- @BeforeMethod goToLoginPage -->
  <testcase classname="testNgpack.VerifyLoginButton" name="@AfterMethod afterMethod" time="-1.680689861601E9">
    <skipped/>
  </testcase> <!-- @AfterMethod afterMethod -->
  <testcase classname="testNgpack.VerifyLoginButton" name="@AfterClass clearObjects" time="-1.680689861603E9">
    <skipped/>
  </testcase> <!-- @AfterClass clearObjects -->
  <testcase classname="testNgpack.VerifyForgotPasswordPage" name="@BeforeMethod goToForgotPasswordPage" time="11.082">
    <failure type="org.openqa.selenium.NoSuchWindowException" message="no such window: target window already closed
from unknown error: web view not found
  (Session info: chrome=111.0.5563.147)
Build info: version: &amp;apos;3.141.59&amp;apos;, revision: &amp;apos;e82be7d358&amp;apos;, time: &amp;apos;2018-11-14T08:17:03&amp;apos;
System info: host: &amp;apos;DESKTOP-ADC0TJP&amp;apos;, ip: &amp;apos;172.17.48.1&amp;apos;, os.name: &amp;apos;Windows 10&amp;apos;, os.arch: &amp;apos;amd64&amp;apos;, os.version: &amp;apos;10.0&amp;apos;, java.version: &amp;apos;17.0.5&amp;apos;
Driver info: org.openqa.selenium.chrome.ChromeDriver
Capabilities {acceptInsecureCerts: false, browserName: chrome, browserVersion: 111.0.5563.147, chrome: {chromedriverVersion: 110.0.5481.77 (65ed616c6e8e..., userDataDir: C:\Users\hp\AppData\Local\T...}, goog:chromeOptions: {debuggerAddress: localhost:55734}, javascriptEnabled: true, networkConnectionEnabled: false, pageLoadStrategy: normal, platform: WINDOWS, platformName: WINDOWS, proxy: Proxy(), setWindowRect: true, strictFileInteractability: false, timeouts: {implicit: 0, pageLoad: 300000, script: 30000}, unhandledPromptBehavior: dismiss and notify, webauthn:extension:credBlob: true, webauthn:extension:largeBlob: true, webauthn:virtualAuthenticators: true}
Session ID: 0001ad49809467ee6b590828db4658b2
*** Element info: {Using=xpath, value= //a[text()=&amp;apos;Forgotten password?&amp;apos;]}">
      <![CDATA[org.openqa.selenium.NoSuchWindowException: no such window: target window already closed
from unknown error: web view not found
  (Session info: chrome=111.0.5563.147)
Build info: version: '3.141.59', revision: 'e82be7d358', time: '2018-11-14T08:17:03'
System info: host: 'DESKTOP-ADC0TJP', ip: '172.17.48.1', os.name: 'Windows 10', os.arch: 'amd64', os.version: '10.0', java.version: '17.0.5'
Driver info: org.openqa.selenium.chrome.ChromeDriver
Capabilities {acceptInsecureCerts: false, browserName: chrome, browserVersion: 111.0.5563.147, chrome: {chromedriverVersion: 110.0.5481.77 (65ed616c6e8e..., userDataDir: C:\Users\hp\AppData\Local\T...}, goog:chromeOptions: {debuggerAddress: localhost:55734}, javascriptEnabled: true, networkConnectionEnabled: false, pageLoadStrategy: normal, platform: WINDOWS, platformName: WINDOWS, proxy: Proxy(), setWindowRect: true, strictFileInteractability: false, timeouts: {implicit: 0, pageLoad: 300000, script: 30000}, unhandledPromptBehavior: dismiss and notify, webauthn:extension:credBlob: true, webauthn:extension:largeBlob: true, webauthn:virtualAuthenticators: true}
Session ID: 0001ad49809467ee6b590828db4658b2
*** Element info: {Using=xpath, value= //a[text()='Forgotten password?']}
at org.openqa.selenium.remote.http.W3CHttpResponseCodec.createException(W3CHttpResponseCodec.java:187)
at org.openqa.selenium.remote.http.W3CHttpResponseCodec.decode(W3CHttpResponseCodec.java:122)
at org.openqa.selenium.remote.http.W3CHttpResponseCodec.decode(W3CHttpResponseCodec.java:49)
at org.openqa.selenium.remote.HttpCommandExecutor.execute(HttpCommandExecutor.java:158)
at org.openqa.selenium.remote.service.DriverCommandExecutor.execute(DriverCommandExecutor.java:83)
at org.openqa.selenium.remote.RemoteWebDriver.execute(RemoteWebDriver.java:552)
at org.openqa.selenium.remote.RemoteWebDriver.findElement(RemoteWebDriver.java:323)
at org.openqa.selenium.remote.RemoteWebDriver.findElementByXPath(RemoteWebDriver.java:428)
at org.openqa.selenium.By$ByXPath.findElement(By.java:353)
at org.openqa.selenium.remote.RemoteWebDriver.findElement(RemoteWebDriver.java:315)
at org.openqa.selenium.support.pagefactory.DefaultElementLocator.findElement(DefaultElementLocator.java:69)
at org.openqa.selenium.support.pagefactory.internal.LocatingElementHandler.invoke(LocatingElementHandler.java:38)
at jdk.proxy2/jdk.proxy2.$Proxy17.click(Unknown Source)
at page.LoginPage.clickForgotPassword(LoginPage.java:60)
at testNgpack.VerifyForgotPasswordPage.goToForgotPasswordPage(VerifyForgotPasswordPage.java:69)
at java.base/java.util.concurrent.ThreadPoolExecutor.runWorker(ThreadPoolExecutor.java:1136)
at java.base/java.util.concurrent.ThreadPoolExecutor$Worker.run(ThreadPoolExecutor.java:635)
at java.base/java.lang.Thread.run(Thread.java:833)
... Removed 21 stack frames]]>
    </failure>
  </testcase> <!-- @BeforeMethod goToForgotPasswordPage -->
  <testcase classname="testNgpack.VerifyForgotPasswordPage" name="@AfterMethod afterMethod" time="-1.680689868673E9">
    <skipped/>
  </testcase> <!-- @AfterMethod afterMethod -->
  <testcase classname="testNgpack.VerifyForgotPasswordPage" name="@BeforeMethod goToForgotPasswordPage" time="-1.680689868676E9">
    <skipped/>
  </testcase> <!-- @BeforeMethod goToForgotPasswordPage -->
  <testcase classname="testNgpack.VerifyForgotPasswordPage" name="@AfterMethod afterMethod" time="-1.680689868685E9">
    <skipped/>
  </testcase> <!-- @AfterMethod afterMethod -->
  <testcase classname="testNgpack.VerifyForgotPasswordPage" name="@BeforeMethod goToForgotPasswordPage" time="-1.680689868686E9">
    <skipped/>
  </testcase> <!-- @BeforeMethod goToForgotPasswordPage -->
  <testcase classname="testNgpack.VerifyForgotPasswordPage" name="@AfterMethod afterMethod" time="-1.680689868692E9">
    <skipped/>
  </testcase> <!-- @AfterMethod afterMethod -->
  <testcase classname="testNgpack.VerifyForgotPasswordPage" name="@AfterClass clearObjects" time="-1.680689868693E9">
    <skipped/>
  </testcase> <!-- @AfterClass clearObjects -->
  <testcase classname="testNgpack.VerifySignUpPage" name="@BeforeMethod goToSignUpPage" time="21.316">
    <failure type="org.openqa.selenium.WebDriverException" message="java.net.ConnectException: Failed to connect to localhost/[0:0:0:0:0:0:0:1]:14692
Build info: version: &amp;apos;3.141.59&amp;apos;, revision: &amp;apos;e82be7d358&amp;apos;, time: &amp;apos;2018-11-14T08:17:03&amp;apos;
System info: host: &amp;apos;DESKTOP-ADC0TJP&amp;apos;, ip: &amp;apos;172.17.48.1&amp;apos;, os.name: &amp;apos;Windows 10&amp;apos;, os.arch: &amp;apos;amd64&amp;apos;, os.version: &amp;apos;10.0&amp;apos;, java.version: &amp;apos;17.0.5&amp;apos;
Driver info: driver.version: RemoteWebDriver">
      <![CDATA[org.openqa.selenium.WebDriverException: java.net.ConnectException: Failed to connect to localhost/[0:0:0:0:0:0:0:1]:14692
Build info: version: '3.141.59', revision: 'e82be7d358', time: '2018-11-14T08:17:03'
System info: host: 'DESKTOP-ADC0TJP', ip: '172.17.48.1', os.name: 'Windows 10', os.arch: 'amd64', os.version: '10.0', java.version: '17.0.5'
Driver info: driver.version: RemoteWebDriver
at org.openqa.selenium.remote.service.DriverCommandExecutor.execute(DriverCommandExecutor.java:92)
at org.openqa.selenium.remote.RemoteWebDriver.execute(RemoteWebDriver.java:552)
at org.openqa.selenium.remote.RemoteWebDriver.get(RemoteWebDriver.java:277)
at testNgpack.VerifySignUpPage.goToSignUpPage(VerifySignUpPage.java:62)
at java.base/java.util.concurrent.ThreadPoolExecutor.runWorker(ThreadPoolExecutor.java:1136)
at java.base/java.util.concurrent.ThreadPoolExecutor$Worker.run(ThreadPoolExecutor.java:635)
at java.base/java.lang.Thread.run(Thread.java:833)
Caused by: java.net.ConnectException: Failed to connect to localhost/[0:0:0:0:0:0:0:1]:14692
at okhttp3.internal.connection.RealConnection.connectSocket(RealConnection.java:247)
at okhttp3.internal.connection.RealConnection.connect(RealConnection.java:165)
at okhttp3.internal.connection.StreamAllocation.findConnection(StreamAllocation.java:257)
at okhttp3.internal.connection.StreamAllocation.findHealthyConnection(StreamAllocation.java:135)
at okhttp3.internal.connection.StreamAllocation.newStream(StreamAllocation.java:114)
at okhttp3.internal.connection.ConnectInterceptor.intercept(ConnectInterceptor.java:42)
at okhttp3.internal.http.RealInterceptorChain.proceed(RealInterceptorChain.java:147)
at okhttp3.internal.http.RealInterceptorChain.proceed(RealInterceptorChain.java:121)
at okhttp3.internal.cache.CacheInterceptor.intercept(CacheInterceptor.java:93)
at okhttp3.internal.http.RealInterceptorChain.proceed(RealInterceptorChain.java:147)
at okhttp3.internal.http.RealInterceptorChain.proceed(RealInterceptorChain.java:121)
at okhttp3.internal.http.BridgeInterceptor.intercept(BridgeInterceptor.java:93)
at okhttp3.internal.http.RealInterceptorChain.proceed(RealInterceptorChain.java:147)
at okhttp3.internal.http.RetryAndFollowUpInterceptor.intercept(RetryAndFollowUpInterceptor.java:126)
at okhttp3.internal.http.RealInterceptorChain.proceed(RealInterceptorChain.java:147)
at okhttp3.internal.http.RealInterceptorChain.proceed(RealInterceptorChain.java:121)
at okhttp3.RealCall.getResponseWithInterceptorChain(RealCall.java:200)
at okhttp3.RealCall.execute(RealCall.java:77)
at org.openqa.selenium.remote.internal.OkHttpClient.execute(OkHttpClient.java:103)
at org.openqa.selenium.remote.HttpCommandExecutor.execute(HttpCommandExecutor.java:155)
at org.openqa.selenium.remote.service.DriverCommandExecutor.execute(DriverCommandExecutor.java:83)
... 22 more
Caused by: java.net.ConnectException: Connection refused: no further information
at java.base/sun.nio.ch.Net.pollConnect(Native Method)
at java.base/sun.nio.ch.Net.pollConnectNow(Net.java:672)
at java.base/sun.nio.ch.NioSocketImpl.timedFinishConnect(NioSocketImpl.java:542)
at java.base/sun.nio.ch.NioSocketImpl.connect(NioSocketImpl.java:597)
at java.base/java.net.SocksSocketImpl.connect(SocksSocketImpl.java:327)
at java.base/java.net.Socket.connect(Socket.java:633)
at okhttp3.internal.platform.Platform.connectSocket(Platform.java:129)
at okhttp3.internal.connection.RealConnection.connectSocket(RealConnection.java:245)
... 42 more
... Removed 16 stack frames]]>
    </failure>
  </testcase> <!-- @BeforeMethod goToSignUpPage -->
  <testcase classname="testNgpack.VerifySignUpPage" name="@AfterMethod afterMethod" time="-1.680689879478E9">
    <skipped/>
  </testcase> <!-- @AfterMethod afterMethod -->
  <testcase classname="testNgpack.VerifySignUpPage" name="@AfterClass clearObjects" time="-1.68068987948E9">
    <skipped/>
  </testcase> <!-- @AfterClass clearObjects -->
  <testcase classname="testNgpack.VerifyForgotPasswordPage" name="@AfterTest closeBrowser" time="-1.680689879485E9">
    <skipped/>
  </testcase> <!-- @AfterTest closeBrowser -->
  <testcase classname="testNgpack.VerifyLoginButton" name="@AfterTest closeBrowser" time="-1.680689879485E9">
    <skipped/>
  </testcase> <!-- @AfterTest closeBrowser -->
  <testcase classname="testNgpack.VerifySignUpPage" name="@AfterTest closeBrowser" time="-1.680689879487E9">
    <skipped/>
  </testcase> <!-- @AfterTest closeBrowser -->
  <testcase classname="testNgpack.VerifyLoginButton" name="clickOnLoginButton" time="0.0">
    <skipped/>
  </testcase> <!-- clickOnLoginButton -->
  <testcase classname="testNgpack.VerifyLoginButton" name="verifyNullEmailPasswordLoginPage" time="0.0">
    <skipped/>
  </testcase> <!-- verifyNullEmailPasswordLoginPage -->
  <testcase classname="testNgpack.VerifyForgotPasswordPage" name="verifyCancelButtonOfForgotPasswordPage" time="0.0">
    <skipped/>
  </testcase> <!-- verifyCancelButtonOfForgotPasswordPage -->
  <testcase classname="testNgpack.VerifyForgotPasswordPage" name="verifySearchButtonOnForgotPasswordPage" time="0.0">
    <skipped/>
  </testcase> <!-- verifySearchButtonOnForgotPasswordPage -->
  <testcase classname="testNgpack.VerifyForgotPasswordPage" name="verifyTheTextPresentOnForgotPasswordPage" time="0.0">
    <skipped/>
  </testcase> <!-- verifyTheTextPresentOnForgotPasswordPage -->
  <testcase classname="testNgpack.VerifySignUpPage" name="verifySignUpButtonOnSignUpPage" time="0.0">
    <skipped/>
  </testcase> <!-- verifySignUpButtonOnSignUpPage -->
</testsuite> <!-- ChromeTest -->
